{"/Users/eseosaedosomwan/Documents/trae_projects/hairconnekt/apps/mobile/assets/styles/braids.jpg": {"path":"/Users/eseosaedosomwan/Documents/trae_projects/hairconnekt/apps/mobile/assets/styles/braids.jpg","statementMap":{"0":{"start":{"line":1,"column":0},"end":{"line":4,"column":6}}},"fnMap":{},"branchMap":{},"s":{"0":3},"f":{},"b":{},"_coverageSchema":"1a1c01bbd47fc00a2c39e90264f33305004495a9","hash":"32637598486e9eaa3cd6d238101b9e0af64e423c"}
,"/Users/eseosaedosomwan/Documents/trae_projects/hairconnekt/apps/mobile/assets/styles/locs.jpg": {"path":"/Users/eseosaedosomwan/Documents/trae_projects/hairconnekt/apps/mobile/assets/styles/locs.jpg","statementMap":{"0":{"start":{"line":1,"column":0},"end":{"line":4,"column":6}}},"fnMap":{},"branchMap":{},"s":{"0":3},"f":{},"b":{},"_coverageSchema":"1a1c01bbd47fc00a2c39e90264f33305004495a9","hash":"1131b9e6879095c155394269b14218883436452b"}
,"/Users/eseosaedosomwan/Documents/trae_projects/hairconnekt/apps/mobile/assets/styles/microblading.jpg": {"path":"/Users/eseosaedosomwan/Documents/trae_projects/hairconnekt/apps/mobile/assets/styles/microblading.jpg","statementMap":{"0":{"start":{"line":1,"column":0},"end":{"line":4,"column":6}}},"fnMap":{},"branchMap":{},"s":{"0":3},"f":{},"b":{},"_coverageSchema":"1a1c01bbd47fc00a2c39e90264f33305004495a9","hash":"c3684656987b83729be97fee8b2c889fc3f91161"}
,"/Users/eseosaedosomwan/Documents/trae_projects/hairconnekt/apps/mobile/assets/styles/twists.jpg": {"path":"/Users/eseosaedosomwan/Documents/trae_projects/hairconnekt/apps/mobile/assets/styles/twists.jpg","statementMap":{"0":{"start":{"line":1,"column":0},"end":{"line":4,"column":6}}},"fnMap":{},"branchMap":{},"s":{"0":3},"f":{},"b":{},"_coverageSchema":"1a1c01bbd47fc00a2c39e90264f33305004495a9","hash":"ced280db8606daf6e620ae6022a4da52e75afbcc"}
,"/Users/eseosaedosomwan/Documents/trae_projects/hairconnekt/apps/mobile/src/config.ts": {"path":"/Users/eseosaedosomwan/Documents/trae_projects/hairconnekt/apps/mobile/src/config.ts","statementMap":{"0":{"start":{"line":6,"column":2},"end":{"line":18,"column":13}},"1":{"start":{"line":7,"column":42},"end":{"line":7,"column":87}},"2":{"start":{"line":11,"column":4},"end":{"line":17,"column":5}},"3":{"start":{"line":12,"column":20},"end":{"line":12,"column":61}},"4":{"start":{"line":13,"column":19},"end":{"line":13,"column":29}},"5":{"start":{"line":14,"column":6},"end":{"line":16,"column":7}},"6":{"start":{"line":15,"column":8},"end":{"line":15,"column":37}},"7":{"start":{"line":19,"column":2},"end":{"line":19,"column":14}},"8":{"start":{"line":23,"column":24},"end":{"line":23,"column":100}},"9":{"start":{"line":26,"column":15},"end":{"line":26,"column":46}},"10":{"start":{"line":27,"column":19},"end":{"line":27,"column":54}},"11":{"start":{"line":30,"column":21},"end":{"line":30,"column":49}},"12":{"start":{"line":32,"column":13},"end":{"line":34,"column":16}},"13":{"start":{"line":37,"column":24},"end":{"line":37,"column":47}},"14":{"start":{"line":38,"column":28},"end":{"line":38,"column":48}},"15":{"start":{"line":39,"column":27},"end":{"line":39,"column":66}},"16":{"start":{"line":40,"column":35},"end":{"line":40,"column":93}},"17":{"start":{"line":45,"column":0},"end":{"line":58,"column":1}},"18":{"start":{"line":46,"column":2},"end":{"line":57,"column":13}},"19":{"start":{"line":47,"column":42},"end":{"line":47,"column":87}},"20":{"start":{"line":48,"column":17},"end":{"line":48,"column":77}},"21":{"start":{"line":49,"column":4},"end":{"line":49,"column":65}},"22":{"start":{"line":50,"column":4},"end":{"line":50,"column":122}},"23":{"start":{"line":51,"column":4},"end":{"line":51,"column":63}},"24":{"start":{"line":52,"column":4},"end":{"line":56,"column":5}},"25":{"start":{"line":53,"column":6},"end":{"line":53,"column":58}},"26":{"start":{"line":55,"column":6},"end":{"line":55,"column":62}}},"fnMap":{"0":{"name":"resolveDevHostFromRN","decl":{"start":{"line":5,"column":9},"end":{"line":5,"column":29}},"loc":{"start":{"line":5,"column":47},"end":{"line":20,"column":1}},"line":5}},"branchMap":{"0":{"loc":{"start":{"line":11,"column":4},"end":{"line":17,"column":5}},"type":"if","locations":[{"start":{"line":11,"column":4},"end":{"line":17,"column":5}},{"start":{},"end":{}}],"line":11},"1":{"loc":{"start":{"line":14,"column":6},"end":{"line":16,"column":7}},"type":"if","locations":[{"start":{"line":14,"column":6},"end":{"line":16,"column":7}},{"start":{},"end":{}}],"line":14},"2":{"loc":{"start":{"line":14,"column":10},"end":{"line":14,"column":56}},"type":"binary-expr","locations":[{"start":{"line":14,"column":10},"end":{"line":14,"column":14}},{"start":{"line":14,"column":18},"end":{"line":14,"column":56}}],"line":14},"3":{"loc":{"start":{"line":23,"column":24},"end":{"line":23,"column":100}},"type":"cond-expr","locations":[{"start":{"line":23,"column":52},"end":{"line":23,"column":74}},{"start":{"line":23,"column":77},"end":{"line":23,"column":100}}],"line":23},"4":{"loc":{"start":{"line":32,"column":13},"end":{"line":34,"column":16}},"type":"cond-expr","locations":[{"start":{"line":33,"column":4},"end":{"line":33,"column":17}},{"start":{"line":34,"column":4},"end":{"line":34,"column":16}}],"line":32},"5":{"loc":{"start":{"line":32,"column":14},"end":{"line":32,"column":37}},"type":"binary-expr","locations":[{"start":{"line":32,"column":14},"end":{"line":32,"column":20}},{"start":{"line":32,"column":24},"end":{"line":32,"column":37}}],"line":32},"6":{"loc":{"start":{"line":39,"column":27},"end":{"line":39,"column":66}},"type":"cond-expr","locations":[{"start":{"line":39,"column":40},"end":{"line":39,"column":58}},{"start":{"line":39,"column":61},"end":{"line":39,"column":66}}],"line":39},"7":{"loc":{"start":{"line":40,"column":36},"end":{"line":40,"column":85}},"type":"binary-expr","locations":[{"start":{"line":40,"column":36},"end":{"line":40,"column":79}},{"start":{"line":40,"column":83},"end":{"line":40,"column":85}}],"line":40},"8":{"loc":{"start":{"line":45,"column":0},"end":{"line":58,"column":1}},"type":"if","locations":[{"start":{"line":45,"column":0},"end":{"line":58,"column":1}},{"start":{},"end":{}}],"line":45},"9":{"loc":{"start":{"line":45,"column":4},"end":{"line":45,"column":45}},"type":"binary-expr","locations":[{"start":{"line":45,"column":4},"end":{"line":45,"column":34}},{"start":{"line":45,"column":38},"end":{"line":45,"column":45}}],"line":45},"10":{"loc":{"start":{"line":48,"column":17},"end":{"line":48,"column":77}},"type":"binary-expr","locations":[{"start":{"line":48,"column":17},"end":{"line":48,"column":64}},{"start":{"line":48,"column":68},"end":{"line":48,"column":77}}],"line":48},"11":{"loc":{"start":{"line":50,"column":46},"end":{"line":50,"column":70}},"type":"cond-expr","locations":[{"start":{"line":50,"column":56},"end":{"line":50,"column":61}},{"start":{"line":50,"column":64},"end":{"line":50,"column":70}}],"line":50},"12":{"loc":{"start":{"line":50,"column":102},"end":{"line":50,"column":117}},"type":"binary-expr","locations":[{"start":{"line":50,"column":102},"end":{"line":50,"column":108}},{"start":{"line":50,"column":112},"end":{"line":50,"column":117}}],"line":50},"13":{"loc":{"start":{"line":52,"column":4},"end":{"line":56,"column":5}},"type":"if","locations":[{"start":{"line":52,"column":4},"end":{"line":56,"column":5}},{"start":{"line":54,"column":11},"end":{"line":56,"column":5}}],"line":52}},"s":{"0":0,"1":0,"2":0,"3":0,"4":0,"5":0,"6":0,"7":0,"8":26,"9":26,"10":26,"11":26,"12":26,"13":26,"14":26,"15":26,"16":26,"17":26,"18":26,"19":26,"20":26,"21":26,"22":26,"23":26,"24":26,"25":0,"26":26},"f":{"0":0},"b":{"0":[0,0],"1":[0,0],"2":[0,0],"3":[0,26],"4":[0,26],"5":[26,0],"6":[0,26],"7":[26,26],"8":[26,0],"9":[26,26],"10":[26,26],"11":[26,0],"12":[26,26],"13":[0,26]},"_coverageSchema":"1a1c01bbd47fc00a2c39e90264f33305004495a9","hash":"e953098c418754592528f61bc4bdc4e0ca87ed8c"}
,"/Users/eseosaedosomwan/Documents/trae_projects/hairconnekt/apps/mobile/src/api/clientBooking.ts": {"path":"/Users/eseosaedosomwan/Documents/trae_projects/hairconnekt/apps/mobile/src/api/clientBooking.ts","statementMap":{"0":{"start":{"line":7,"column":32},"end":{"line":51,"column":1}},"1":{"start":{"line":9,"column":4},"end":{"line":16,"column":5}},"2":{"start":{"line":10,"column":18},"end":{"line":10,"column":125}},"3":{"start":{"line":11,"column":19},"end":{"line":11,"column":27}},"4":{"start":{"line":12,"column":20},"end":{"line":12,"column":68}},"5":{"start":{"line":13,"column":6},"end":{"line":13,"column":48}},"6":{"start":{"line":15,"column":6},"end":{"line":15,"column":31}},"7":{"start":{"line":20,"column":4},"end":{"line":26,"column":5}},"8":{"start":{"line":21,"column":18},"end":{"line":21,"column":76}},"9":{"start":{"line":22,"column":18},"end":{"line":22,"column":44}},"10":{"start":{"line":23,"column":6},"end":{"line":23,"column":42}},"11":{"start":{"line":25,"column":6},"end":{"line":25,"column":31}},"12":{"start":{"line":30,"column":4},"end":{"line":34,"column":5}},"13":{"start":{"line":31,"column":6},"end":{"line":31,"column":52}},"14":{"start":{"line":33,"column":6},"end":{"line":33,"column":31}},"15":{"start":{"line":44,"column":4},"end":{"line":49,"column":5}},"16":{"start":{"line":45,"column":18},"end":{"line":45,"column":55}},"17":{"start":{"line":46,"column":6},"end":{"line":46,"column":47}},"18":{"start":{"line":48,"column":6},"end":{"line":48,"column":31}}},"fnMap":{"0":{"name":"(anonymous_0)","decl":{"start":{"line":8,"column":2},"end":{"line":8,"column":3}},"loc":{"start":{"line":8,"column":68},"end":{"line":17,"column":3}},"line":8},"1":{"name":"(anonymous_1)","decl":{"start":{"line":19,"column":2},"end":{"line":19,"column":3}},"loc":{"start":{"line":19,"column":54},"end":{"line":27,"column":3}},"line":19},"2":{"name":"(anonymous_2)","decl":{"start":{"line":29,"column":2},"end":{"line":29,"column":3}},"loc":{"start":{"line":29,"column":53},"end":{"line":35,"column":3}},"line":29},"3":{"name":"(anonymous_3)","decl":{"start":{"line":37,"column":2},"end":{"line":37,"column":3}},"loc":{"start":{"line":43,"column":24},"end":{"line":50,"column":3}},"line":43}},"branchMap":{"0":{"loc":{"start":{"line":12,"column":20},"end":{"line":12,"column":68}},"type":"cond-expr","locations":[{"start":{"line":12,"column":42},"end":{"line":12,"column":46}},{"start":{"line":12,"column":50},"end":{"line":12,"column":67}}],"line":12},"1":{"loc":{"start":{"line":12,"column":50},"end":{"line":12,"column":67}},"type":"binary-expr","locations":[{"start":{"line":12,"column":50},"end":{"line":12,"column":61}},{"start":{"line":12,"column":65},"end":{"line":12,"column":67}}],"line":12},"2":{"loc":{"start":{"line":22,"column":18},"end":{"line":22,"column":44}},"type":"binary-expr","locations":[{"start":{"line":22,"column":18},"end":{"line":22,"column":32}},{"start":{"line":22,"column":36},"end":{"line":22,"column":44}}],"line":22}},"s":{"0":5,"1":0,"2":0,"3":0,"4":0,"5":0,"6":0,"7":9,"8":9,"9":9,"10":9,"11":0,"12":0,"13":0,"14":0,"15":0,"16":0,"17":0,"18":0},"f":{"0":0,"1":9,"2":0,"3":0},"b":{"0":[0,0],"1":[0,0],"2":[9,0]},"_coverageSchema":"1a1c01bbd47fc00a2c39e90264f33305004495a9","hash":"75718dd9082322cdac505ede29b0a9a7265ba146"}
,"/Users/eseosaedosomwan/Documents/trae_projects/hairconnekt/apps/mobile/src/api/http.ts": {"path":"/Users/eseosaedosomwan/Documents/trae_projects/hairconnekt/apps/mobile/src/api/http.ts","statementMap":{"0":{"start":{"line":7,"column":20},"end":{"line":7,"column":81}},"1":{"start":{"line":9,"column":0},"end":{"line":11,"column":1}},"2":{"start":{"line":10,"column":2},"end":{"line":10,"column":54}},"3":{"start":{"line":14,"column":26},"end":{"line":14,"column":31}},"4":{"start":{"line":16,"column":2},"end":{"line":16,"column":26}},"5":{"start":{"line":20,"column":0},"end":{"line":50,"column":3}},"6":{"start":{"line":22,"column":13},"end":{"line":22,"column":18}},"7":{"start":{"line":23,"column":15},"end":{"line":23,"column":29}},"8":{"start":{"line":24,"column":2},"end":{"line":27,"column":3}},"9":{"start":{"line":25,"column":18},"end":{"line":25,"column":37}},"10":{"start":{"line":26,"column":4},"end":{"line":26,"column":28}},"11":{"start":{"line":29,"column":2},"end":{"line":29,"column":42}},"12":{"start":{"line":29,"column":28},"end":{"line":29,"column":42}},"13":{"start":{"line":30,"column":16},"end":{"line":30,"column":38}},"14":{"start":{"line":31,"column":2},"end":{"line":35,"column":3}},"15":{"start":{"line":32,"column":20},"end":{"line":32,"column":105}},"16":{"start":{"line":33,"column":4},"end":{"line":33,"column":49}},"17":{"start":{"line":34,"column":4},"end":{"line":34,"column":29}},"18":{"start":{"line":37,"column":2},"end":{"line":48,"column":13}},"19":{"start":{"line":38,"column":19},"end":{"line":38,"column":40}},"20":{"start":{"line":39,"column":15},"end":{"line":39,"column":59}},"21":{"start":{"line":40,"column":4},"end":{"line":42,"column":5}},"22":{"start":{"line":41,"column":6},"end":{"line":41,"column":64}},"23":{"start":{"line":43,"column":4},"end":{"line":47,"column":5}},"24":{"start":{"line":44,"column":22},"end":{"line":44,"column":107}},"25":{"start":{"line":45,"column":6},"end":{"line":45,"column":40}},"26":{"start":{"line":46,"column":6},"end":{"line":46,"column":31}},"27":{"start":{"line":49,"column":2},"end":{"line":49,"column":16}},"28":{"start":{"line":52,"column":19},"end":{"line":52,"column":24}},"29":{"start":{"line":55,"column":19},"end":{"line":55,"column":111}},"30":{"start":{"line":59,"column":2},"end":{"line":61,"column":3}},"31":{"start":{"line":60,"column":4},"end":{"line":60,"column":84}},"32":{"start":{"line":60,"column":44},"end":{"line":60,"column":82}},"33":{"start":{"line":62,"column":2},"end":{"line":62,"column":22}},"34":{"start":{"line":63,"column":2},"end":{"line":88,"column":3}},"35":{"start":{"line":64,"column":14},"end":{"line":64,"column":37}},"36":{"start":{"line":65,"column":4},"end":{"line":65,"column":48}},"37":{"start":{"line":65,"column":12},"end":{"line":65,"column":48}},"38":{"start":{"line":67,"column":16},"end":{"line":69,"column":6}},"39":{"start":{"line":70,"column":22},"end":{"line":70,"column":51}},"40":{"start":{"line":71,"column":23},"end":{"line":71,"column":53}},"41":{"start":{"line":72,"column":4},"end":{"line":72,"column":75}},"42":{"start":{"line":72,"column":20},"end":{"line":72,"column":75}},"43":{"start":{"line":73,"column":4},"end":{"line":73,"column":75}},"44":{"start":{"line":74,"column":4},"end":{"line":74,"column":54}},"45":{"start":{"line":74,"column":32},"end":{"line":74,"column":52}},"46":{"start":{"line":75,"column":4},"end":{"line":75,"column":21}},"47":{"start":{"line":77,"column":4},"end":{"line":77,"column":47}},"48":{"start":{"line":77,"column":32},"end":{"line":77,"column":45}},"49":{"start":{"line":78,"column":4},"end":{"line":81,"column":15}},"50":{"start":{"line":79,"column":6},"end":{"line":79,"column":26}},"51":{"start":{"line":80,"column":6},"end":{"line":80,"column":30}},"52":{"start":{"line":82,"column":4},"end":{"line":82,"column":26}},"53":{"start":{"line":83,"column":4},"end":{"line":83,"column":28}},"54":{"start":{"line":84,"column":4},"end":{"line":84,"column":16}},"55":{"start":{"line":86,"column":4},"end":{"line":86,"column":22}},"56":{"start":{"line":87,"column":4},"end":{"line":87,"column":25}},"57":{"start":{"line":93,"column":2},"end":{"line":95,"column":13}},"58":{"start":{"line":94,"column":4},"end":{"line":94,"column":77}},"59":{"start":{"line":94,"column":32},"end":{"line":94,"column":75}},"60":{"start":{"line":96,"column":2},"end":{"line":96,"column":20}},"61":{"start":{"line":97,"column":2},"end":{"line":97,"column":23}},"62":{"start":{"line":100,"column":0},"end":{"line":151,"column":2}},"63":{"start":{"line":101,"column":11},"end":{"line":101,"column":14}},"64":{"start":{"line":103,"column":19},"end":{"line":103,"column":74}},"65":{"start":{"line":104,"column":19},"end":{"line":104,"column":42}},"66":{"start":{"line":105,"column":15},"end":{"line":105,"column":20}},"67":{"start":{"line":106,"column":17},"end":{"line":106,"column":32}},"68":{"start":{"line":107,"column":4},"end":{"line":110,"column":5}},"69":{"start":{"line":108,"column":20},"end":{"line":108,"column":47}},"70":{"start":{"line":109,"column":6},"end":{"line":109,"column":30}},"71":{"start":{"line":113,"column":4},"end":{"line":130,"column":5}},"72":{"start":{"line":114,"column":6},"end":{"line":114,"column":36}},"73":{"start":{"line":115,"column":6},"end":{"line":129,"column":7}},"74":{"start":{"line":116,"column":25},"end":{"line":116,"column":49}},"75":{"start":{"line":117,"column":8},"end":{"line":122,"column":9}},"76":{"start":{"line":119,"column":20},"end":{"line":119,"column":48}},"77":{"start":{"line":120,"column":10},"end":{"line":120,"column":38}},"78":{"start":{"line":121,"column":10},"end":{"line":121,"column":18}},"79":{"start":{"line":123,"column":24},"end":{"line":123,"column":109}},"80":{"start":{"line":124,"column":8},"end":{"line":124,"column":56}},"81":{"start":{"line":125,"column":8},"end":{"line":125,"column":33}},"82":{"start":{"line":126,"column":8},"end":{"line":126,"column":28}},"83":{"start":{"line":128,"column":8},"end":{"line":128,"column":33}},"84":{"start":{"line":133,"column":4},"end":{"line":141,"column":5}},"85":{"start":{"line":134,"column":6},"end":{"line":140,"column":7}},"86":{"start":{"line":135,"column":38},"end":{"line":135,"column":77}},"87":{"start":{"line":144,"column":4},"end":{"line":147,"column":5}},"88":{"start":{"line":145,"column":24},"end":{"line":145,"column":88}},"89":{"start":{"line":146,"column":6},"end":{"line":146,"column":88}},"90":{"start":{"line":149,"column":4},"end":{"line":149,"column":33}}},"fnMap":{"0":{"name":"setAuthDisabled","decl":{"start":{"line":15,"column":16},"end":{"line":15,"column":31}},"loc":{"start":{"line":15,"column":51},"end":{"line":17,"column":1}},"line":15},"1":{"name":"(anonymous_1)","decl":{"start":{"line":20,"column":30},"end":{"line":20,"column":31}},"loc":{"start":{"line":20,"column":76},"end":{"line":50,"column":1}},"line":20},"2":{"name":"refreshTokenFlow","decl":{"start":{"line":57,"column":15},"end":{"line":57,"column":31}},"loc":{"start":{"line":57,"column":34},"end":{"line":89,"column":1}},"line":57},"3":{"name":"(anonymous_3)","decl":{"start":{"line":60,"column":23},"end":{"line":60,"column":24}},"loc":{"start":{"line":60,"column":44},"end":{"line":60,"column":82}},"line":60},"4":{"name":"(anonymous_4)","decl":{"start":{"line":74,"column":25},"end":{"line":74,"column":26}},"loc":{"start":{"line":74,"column":32},"end":{"line":74,"column":52}},"line":74},"5":{"name":"(anonymous_5)","decl":{"start":{"line":77,"column":25},"end":{"line":77,"column":26}},"loc":{"start":{"line":77,"column":32},"end":{"line":77,"column":45}},"line":77},"6":{"name":"abortAuthRefresh","decl":{"start":{"line":92,"column":16},"end":{"line":92,"column":32}},"loc":{"start":{"line":92,"column":35},"end":{"line":98,"column":1}},"line":92},"7":{"name":"(anonymous_7)","decl":{"start":{"line":94,"column":25},"end":{"line":94,"column":26}},"loc":{"start":{"line":94,"column":32},"end":{"line":94,"column":75}},"line":94},"8":{"name":"(anonymous_8)","decl":{"start":{"line":101,"column":2},"end":{"line":101,"column":3}},"loc":{"start":{"line":101,"column":11},"end":{"line":101,"column":14}},"line":101},"9":{"name":"(anonymous_9)","decl":{"start":{"line":102,"column":2},"end":{"line":102,"column":3}},"loc":{"start":{"line":102,"column":19},"end":{"line":150,"column":3}},"line":102}},"branchMap":{"0":{"loc":{"start":{"line":9,"column":0},"end":{"line":11,"column":1}},"type":"if","locations":[{"start":{"line":9,"column":0},"end":{"line":11,"column":1}},{"start":{},"end":{}}],"line":9},"1":{"loc":{"start":{"line":9,"column":4},"end":{"line":9,"column":45}},"type":"binary-expr","locations":[{"start":{"line":9,"column":4},"end":{"line":9,"column":34}},{"start":{"line":9,"column":38},"end":{"line":9,"column":45}}],"line":9},"2":{"loc":{"start":{"line":24,"column":2},"end":{"line":27,"column":3}},"type":"if","locations":[{"start":{"line":24,"column":2},"end":{"line":27,"column":3}},{"start":{},"end":{}}],"line":24},"3":{"loc":{"start":{"line":24,"column":6},"end":{"line":24,"column":38}},"type":"binary-expr","locations":[{"start":{"line":24,"column":6},"end":{"line":24,"column":10}},{"start":{"line":24,"column":14},"end":{"line":24,"column":38}}],"line":24},"4":{"loc":{"start":{"line":29,"column":2},"end":{"line":29,"column":42}},"type":"if","locations":[{"start":{"line":29,"column":2},"end":{"line":29,"column":42}},{"start":{},"end":{}}],"line":29},"5":{"loc":{"start":{"line":29,"column":6},"end":{"line":29,"column":26}},"type":"binary-expr","locations":[{"start":{"line":29,"column":6},"end":{"line":29,"column":10}},{"start":{"line":29,"column":14},"end":{"line":29,"column":26}}],"line":29},"6":{"loc":{"start":{"line":31,"column":2},"end":{"line":35,"column":3}},"type":"if","locations":[{"start":{"line":31,"column":2},"end":{"line":35,"column":3}},{"start":{},"end":{}}],"line":31},"7":{"loc":{"start":{"line":32,"column":20},"end":{"line":32,"column":105}},"type":"cond-expr","locations":[{"start":{"line":32,"column":78},"end":{"line":32,"column":99}},{"start":{"line":32,"column":103},"end":{"line":32,"column":105}}],"line":32},"8":{"loc":{"start":{"line":32,"column":21},"end":{"line":32,"column":73}},"type":"binary-expr","locations":[{"start":{"line":32,"column":21},"end":{"line":32,"column":35}},{"start":{"line":32,"column":39},"end":{"line":32,"column":73}}],"line":32},"9":{"loc":{"start":{"line":39,"column":15},"end":{"line":39,"column":59}},"type":"binary-expr","locations":[{"start":{"line":39,"column":15},"end":{"line":39,"column":46}},{"start":{"line":39,"column":50},"end":{"line":39,"column":59}}],"line":39},"10":{"loc":{"start":{"line":40,"column":4},"end":{"line":42,"column":5}},"type":"if","locations":[{"start":{"line":40,"column":4},"end":{"line":42,"column":5}},{"start":{},"end":{}}],"line":40},"11":{"loc":{"start":{"line":41,"column":13},"end":{"line":41,"column":63}},"type":"binary-expr","locations":[{"start":{"line":41,"column":14},"end":{"line":41,"column":49}},{"start":{"line":41,"column":54},"end":{"line":41,"column":63}}],"line":41},"12":{"loc":{"start":{"line":43,"column":4},"end":{"line":47,"column":5}},"type":"if","locations":[{"start":{"line":43,"column":4},"end":{"line":47,"column":5}},{"start":{},"end":{}}],"line":43},"13":{"loc":{"start":{"line":44,"column":22},"end":{"line":44,"column":107}},"type":"cond-expr","locations":[{"start":{"line":44,"column":80},"end":{"line":44,"column":101}},{"start":{"line":44,"column":105},"end":{"line":44,"column":107}}],"line":44},"14":{"loc":{"start":{"line":44,"column":23},"end":{"line":44,"column":75}},"type":"binary-expr","locations":[{"start":{"line":44,"column":23},"end":{"line":44,"column":37}},{"start":{"line":44,"column":41},"end":{"line":44,"column":75}}],"line":44},"15":{"loc":{"start":{"line":59,"column":2},"end":{"line":61,"column":3}},"type":"if","locations":[{"start":{"line":59,"column":2},"end":{"line":61,"column":3}},{"start":{},"end":{}}],"line":59},"16":{"loc":{"start":{"line":65,"column":4},"end":{"line":65,"column":48}},"type":"if","locations":[{"start":{"line":65,"column":4},"end":{"line":65,"column":48}},{"start":{},"end":{}}],"line":65},"17":{"loc":{"start":{"line":72,"column":4},"end":{"line":72,"column":75}},"type":"if","locations":[{"start":{"line":72,"column":4},"end":{"line":72,"column":75}},{"start":{},"end":{}}],"line":72},"18":{"loc":{"start":{"line":107,"column":4},"end":{"line":110,"column":5}},"type":"if","locations":[{"start":{"line":107,"column":4},"end":{"line":110,"column":5}},{"start":{},"end":{}}],"line":107},"19":{"loc":{"start":{"line":107,"column":8},"end":{"line":107,"column":40}},"type":"binary-expr","locations":[{"start":{"line":107,"column":8},"end":{"line":107,"column":12}},{"start":{"line":107,"column":16},"end":{"line":107,"column":40}}],"line":107},"20":{"loc":{"start":{"line":113,"column":4},"end":{"line":130,"column":5}},"type":"if","locations":[{"start":{"line":113,"column":4},"end":{"line":130,"column":5}},{"start":{},"end":{}}],"line":113},"21":{"loc":{"start":{"line":113,"column":8},"end":{"line":113,"column":85}},"type":"binary-expr","locations":[{"start":{"line":113,"column":8},"end":{"line":113,"column":22}},{"start":{"line":113,"column":26},"end":{"line":113,"column":32}},{"start":{"line":113,"column":36},"end":{"line":113,"column":59}},{"start":{"line":113,"column":63},"end":{"line":113,"column":68}},{"start":{"line":113,"column":72},"end":{"line":113,"column":85}}],"line":113},"22":{"loc":{"start":{"line":117,"column":8},"end":{"line":122,"column":9}},"type":"if","locations":[{"start":{"line":117,"column":8},"end":{"line":122,"column":9}},{"start":{},"end":{}}],"line":117},"23":{"loc":{"start":{"line":123,"column":24},"end":{"line":123,"column":109}},"type":"cond-expr","locations":[{"start":{"line":123,"column":82},"end":{"line":123,"column":103}},{"start":{"line":123,"column":107},"end":{"line":123,"column":109}}],"line":123},"24":{"loc":{"start":{"line":123,"column":25},"end":{"line":123,"column":77}},"type":"binary-expr","locations":[{"start":{"line":123,"column":25},"end":{"line":123,"column":39}},{"start":{"line":123,"column":43},"end":{"line":123,"column":77}}],"line":123},"25":{"loc":{"start":{"line":133,"column":4},"end":{"line":141,"column":5}},"type":"if","locations":[{"start":{"line":133,"column":4},"end":{"line":141,"column":5}},{"start":{},"end":{}}],"line":133},"26":{"loc":{"start":{"line":134,"column":6},"end":{"line":140,"column":7}},"type":"if","locations":[{"start":{"line":134,"column":6},"end":{"line":140,"column":7}},{"start":{},"end":{}}],"line":134},"27":{"loc":{"start":{"line":144,"column":4},"end":{"line":147,"column":5}},"type":"if","locations":[{"start":{"line":144,"column":4},"end":{"line":147,"column":5}},{"start":{},"end":{}}],"line":144},"28":{"loc":{"start":{"line":144,"column":8},"end":{"line":144,"column":79}},"type":"binary-expr","locations":[{"start":{"line":144,"column":8},"end":{"line":144,"column":41}},{"start":{"line":144,"column":45},"end":{"line":144,"column":79}}],"line":144},"29":{"loc":{"start":{"line":145,"column":24},"end":{"line":145,"column":88}},"type":"cond-expr","locations":[{"start":{"line":145,"column":42},"end":{"line":145,"column":74}},{"start":{"line":145,"column":77},"end":{"line":145,"column":88}}],"line":145},"30":{"loc":{"start":{"line":146,"column":59},"end":{"line":146,"column":85}},"type":"binary-expr","locations":[{"start":{"line":146,"column":59},"end":{"line":146,"column":68}},{"start":{"line":146,"column":72},"end":{"line":146,"column":85}}],"line":146}},"s":{"0":13,"1":13,"2":13,"3":13,"4":1,"5":13,"6":6,"7":6,"8":6,"9":6,"10":6,"11":6,"12":1,"13":5,"14":5,"15":0,"16":0,"17":0,"18":5,"19":5,"20":5,"21":5,"22":5,"23":5,"24":0,"25":0,"26":0,"27":5,"28":13,"29":13,"30":1,"31":0,"32":0,"33":1,"34":1,"35":1,"36":1,"37":1,"38":0,"39":0,"40":0,"41":0,"42":0,"43":0,"44":0,"45":0,"46":0,"47":1,"48":0,"49":1,"50":1,"51":1,"52":1,"53":1,"54":1,"55":1,"56":1,"57":0,"58":0,"59":0,"60":0,"61":0,"62":13,"63":1,"64":1,"65":1,"66":1,"67":1,"68":1,"69":1,"70":1,"71":1,"72":1,"73":1,"74":1,"75":1,"76":1,"77":1,"78":1,"79":0,"80":0,"81":0,"82":0,"83":1,"84":0,"85":0,"86":0,"87":0,"88":0,"89":0,"90":0},"f":{"0":1,"1":6,"2":1,"3":0,"4":0,"5":0,"6":0,"7":0,"8":1,"9":1},"b":{"0":[13,0],"1":[13,13],"2":[6,0],"3":[6,6],"4":[1,5],"5":[6,6],"6":[0,5],"7":[0,0],"8":[0,0],"9":[5,5],"10":[5,0],"11":[5,5],"12":[0,5],"13":[0,0],"14":[0,0],"15":[0,1],"16":[1,0],"17":[0,0],"18":[1,0],"19":[1,1],"20":[1,0],"21":[1,1,1,1,1],"22":[1,0],"23":[0,0],"24":[0,0],"25":[0,0],"26":[0,0],"27":[0,0],"28":[0,0],"29":[0,0],"30":[0,0]},"_coverageSchema":"1a1c01bbd47fc00a2c39e90264f33305004495a9","hash":"d5a6e52199590fd4e94c480bc0f1745ecc7c5bf2"}
,"/Users/eseosaedosomwan/Documents/trae_projects/hairconnekt/apps/mobile/src/api/notifications.ts": {"path":"/Users/eseosaedosomwan/Documents/trae_projects/hairconnekt/apps/mobile/src/api/notifications.ts","statementMap":{"0":{"start":{"line":17,"column":32},"end":{"line":57,"column":1}},"1":{"start":{"line":19,"column":20},"end":{"line":19,"column":75}},"2":{"start":{"line":20,"column":24},"end":{"line":20,"column":33}},"3":{"start":{"line":22,"column":8},"end":{"line":27,"column":9}},"4":{"start":{"line":23,"column":12},"end":{"line":26,"column":14}},"5":{"start":{"line":29,"column":22},"end":{"line":29,"column":59}},"6":{"start":{"line":30,"column":8},"end":{"line":30,"column":73}},"7":{"start":{"line":34,"column":20},"end":{"line":34,"column":76}},"8":{"start":{"line":35,"column":8},"end":{"line":35,"column":25}},"9":{"start":{"line":39,"column":20},"end":{"line":39,"column":62}},"10":{"start":{"line":40,"column":8},"end":{"line":40,"column":25}},"11":{"start":{"line":44,"column":20},"end":{"line":44,"column":55}},"12":{"start":{"line":45,"column":8},"end":{"line":45,"column":25}},"13":{"start":{"line":49,"column":20},"end":{"line":49,"column":134}},"14":{"start":{"line":50,"column":8},"end":{"line":50,"column":25}},"15":{"start":{"line":54,"column":20},"end":{"line":54,"column":69}},"16":{"start":{"line":55,"column":8},"end":{"line":55,"column":25}}},"fnMap":{"0":{"name":"(anonymous_0)","decl":{"start":{"line":18,"column":4},"end":{"line":18,"column":5}},"loc":{"start":{"line":18,"column":35},"end":{"line":31,"column":5}},"line":18},"1":{"name":"(anonymous_1)","decl":{"start":{"line":33,"column":4},"end":{"line":33,"column":5}},"loc":{"start":{"line":33,"column":43},"end":{"line":36,"column":5}},"line":33},"2":{"name":"(anonymous_2)","decl":{"start":{"line":38,"column":4},"end":{"line":38,"column":5}},"loc":{"start":{"line":38,"column":24},"end":{"line":41,"column":5}},"line":38},"3":{"name":"(anonymous_3)","decl":{"start":{"line":43,"column":4},"end":{"line":43,"column":5}},"loc":{"start":{"line":43,"column":21},"end":{"line":46,"column":5}},"line":43},"4":{"name":"(anonymous_4)","decl":{"start":{"line":48,"column":4},"end":{"line":48,"column":5}},"loc":{"start":{"line":48,"column":27},"end":{"line":51,"column":5}},"line":48},"5":{"name":"(anonymous_5)","decl":{"start":{"line":53,"column":4},"end":{"line":53,"column":5}},"loc":{"start":{"line":53,"column":106},"end":{"line":56,"column":5}},"line":53}},"branchMap":{"0":{"loc":{"start":{"line":18,"column":15},"end":{"line":18,"column":33}},"type":"default-arg","locations":[{"start":{"line":18,"column":31},"end":{"line":18,"column":33}}],"line":18},"1":{"loc":{"start":{"line":22,"column":8},"end":{"line":27,"column":9}},"type":"if","locations":[{"start":{"line":22,"column":8},"end":{"line":27,"column":9}},{"start":{},"end":{}}],"line":22},"2":{"loc":{"start":{"line":22,"column":12},"end":{"line":22,"column":72}},"type":"binary-expr","locations":[{"start":{"line":22,"column":12},"end":{"line":22,"column":19}},{"start":{"line":22,"column":23},"end":{"line":22,"column":50}},{"start":{"line":22,"column":54},"end":{"line":22,"column":72}}],"line":22},"3":{"loc":{"start":{"line":25,"column":29},"end":{"line":25,"column":65}},"type":"binary-expr","locations":[{"start":{"line":25,"column":30},"end":{"line":25,"column":59}},{"start":{"line":25,"column":64},"end":{"line":25,"column":65}}],"line":25},"4":{"loc":{"start":{"line":29,"column":22},"end":{"line":29,"column":59}},"type":"cond-expr","locations":[{"start":{"line":29,"column":47},"end":{"line":29,"column":54}},{"start":{"line":29,"column":57},"end":{"line":29,"column":59}}],"line":29}},"s":{"0":1,"1":0,"2":0,"3":0,"4":0,"5":0,"6":0,"7":0,"8":0,"9":0,"10":0,"11":0,"12":0,"13":0,"14":0,"15":0,"16":0},"f":{"0":0,"1":0,"2":0,"3":0,"4":0,"5":0},"b":{"0":[0],"1":[0,0],"2":[0,0,0],"3":[0,0],"4":[0,0]},"_coverageSchema":"1a1c01bbd47fc00a2c39e90264f33305004495a9","hash":"cedd0a28652fc83bba653abbd58078b8cad05c20"}
,"/Users/eseosaedosomwan/Documents/trae_projects/hairconnekt/apps/mobile/src/api/adapters/appointmentAdapter.ts": {"path":"/Users/eseosaedosomwan/Documents/trae_projects/hairconnekt/apps/mobile/src/api/adapters/appointmentAdapter.ts","statementMap":{"0":{"start":{"line":38,"column":34},"end":{"line":99,"column":1}},"1":{"start":{"line":40,"column":19},"end":{"line":40,"column":83}},"2":{"start":{"line":41,"column":20},"end":{"line":41,"column":86}},"3":{"start":{"line":44,"column":24},"end":{"line":47,"column":5}},"4":{"start":{"line":45,"column":6},"end":{"line":45,"column":68}},"5":{"start":{"line":45,"column":31},"end":{"line":45,"column":68}},"6":{"start":{"line":46,"column":6},"end":{"line":46,"column":25}},"7":{"start":{"line":50,"column":27},"end":{"line":59,"column":5}},"8":{"start":{"line":51,"column":6},"end":{"line":57,"column":7}},"9":{"start":{"line":52,"column":20},"end":{"line":52,"column":41}},"10":{"start":{"line":53,"column":30},"end":{"line":53,"column":39}},"11":{"start":{"line":54,"column":8},"end":{"line":54,"column":85}},"12":{"start":{"line":54,"column":42},"end":{"line":54,"column":85}},"13":{"start":{"line":55,"column":8},"end":{"line":55,"column":42}},"14":{"start":{"line":55,"column":21},"end":{"line":55,"column":42}},"15":{"start":{"line":56,"column":8},"end":{"line":56,"column":30}},"16":{"start":{"line":58,"column":6},"end":{"line":58,"column":29}},"17":{"start":{"line":62,"column":31},"end":{"line":66,"column":5}},"18":{"start":{"line":63,"column":6},"end":{"line":63,"column":35}},"19":{"start":{"line":63,"column":16},"end":{"line":63,"column":35}},"20":{"start":{"line":65,"column":6},"end":{"line":65,"column":32}},"21":{"start":{"line":68,"column":45},"end":{"line":76,"column":5}},"22":{"start":{"line":78,"column":47},"end":{"line":83,"column":5}},"23":{"start":{"line":85,"column":4},"end":{"line":97,"column":6}}},"fnMap":{"0":{"name":"(anonymous_0)","decl":{"start":{"line":39,"column":2},"end":{"line":39,"column":3}},"loc":{"start":{"line":39,"column":60},"end":{"line":98,"column":3}},"line":39},"1":{"name":"(anonymous_1)","decl":{"start":{"line":44,"column":24},"end":{"line":44,"column":25}},"loc":{"start":{"line":44,"column":58},"end":{"line":47,"column":5}},"line":44},"2":{"name":"(anonymous_2)","decl":{"start":{"line":50,"column":27},"end":{"line":50,"column":28}},"loc":{"start":{"line":50,"column":60},"end":{"line":59,"column":5}},"line":50},"3":{"name":"(anonymous_3)","decl":{"start":{"line":62,"column":31},"end":{"line":62,"column":32}},"loc":{"start":{"line":62,"column":49},"end":{"line":66,"column":5}},"line":62}},"branchMap":{"0":{"loc":{"start":{"line":40,"column":19},"end":{"line":40,"column":83}},"type":"binary-expr","locations":[{"start":{"line":40,"column":19},"end":{"line":40,"column":29}},{"start":{"line":40,"column":33},"end":{"line":40,"column":83}}],"line":40},"1":{"loc":{"start":{"line":41,"column":20},"end":{"line":41,"column":86}},"type":"binary-expr","locations":[{"start":{"line":41,"column":20},"end":{"line":41,"column":31}},{"start":{"line":41,"column":35},"end":{"line":41,"column":86}}],"line":41},"2":{"loc":{"start":{"line":45,"column":6},"end":{"line":45,"column":68}},"type":"if","locations":[{"start":{"line":45,"column":6},"end":{"line":45,"column":68}},{"start":{},"end":{}}],"line":45},"3":{"loc":{"start":{"line":46,"column":13},"end":{"line":46,"column":24}},"type":"binary-expr","locations":[{"start":{"line":46,"column":13},"end":{"line":46,"column":16}},{"start":{"line":46,"column":20},"end":{"line":46,"column":24}}],"line":46},"4":{"loc":{"start":{"line":51,"column":6},"end":{"line":57,"column":7}},"type":"if","locations":[{"start":{"line":51,"column":6},"end":{"line":57,"column":7}},{"start":{},"end":{}}],"line":51},"5":{"loc":{"start":{"line":54,"column":8},"end":{"line":54,"column":85}},"type":"if","locations":[{"start":{"line":54,"column":8},"end":{"line":54,"column":85}},{"start":{},"end":{}}],"line":54},"6":{"loc":{"start":{"line":54,"column":12},"end":{"line":54,"column":40}},"type":"binary-expr","locations":[{"start":{"line":54,"column":12},"end":{"line":54,"column":19}},{"start":{"line":54,"column":23},"end":{"line":54,"column":40}}],"line":54},"7":{"loc":{"start":{"line":55,"column":8},"end":{"line":55,"column":42}},"type":"if","locations":[{"start":{"line":55,"column":8},"end":{"line":55,"column":42}},{"start":{},"end":{}}],"line":55},"8":{"loc":{"start":{"line":58,"column":13},"end":{"line":58,"column":28}},"type":"binary-expr","locations":[{"start":{"line":58,"column":13},"end":{"line":58,"column":16}},{"start":{"line":58,"column":20},"end":{"line":58,"column":28}}],"line":58},"9":{"loc":{"start":{"line":63,"column":6},"end":{"line":63,"column":35}},"type":"if","locations":[{"start":{"line":63,"column":6},"end":{"line":63,"column":35}},{"start":{},"end":{}}],"line":63},"10":{"loc":{"start":{"line":69,"column":10},"end":{"line":69,"column":25}},"type":"binary-expr","locations":[{"start":{"line":69,"column":10},"end":{"line":69,"column":19}},{"start":{"line":69,"column":23},"end":{"line":69,"column":25}}],"line":69},"11":{"loc":{"start":{"line":70,"column":12},"end":{"line":70,"column":103}},"type":"binary-expr","locations":[{"start":{"line":70,"column":12},"end":{"line":70,"column":73}},{"start":{"line":70,"column":77},"end":{"line":70,"column":88}},{"start":{"line":70,"column":92},"end":{"line":70,"column":103}}],"line":70},"12":{"loc":{"start":{"line":71,"column":32},"end":{"line":71,"column":73}},"type":"binary-expr","locations":[{"start":{"line":71,"column":32},"end":{"line":71,"column":56}},{"start":{"line":71,"column":60},"end":{"line":71,"column":73}}],"line":71},"13":{"loc":{"start":{"line":72,"column":13},"end":{"line":72,"column":31}},"type":"binary-expr","locations":[{"start":{"line":72,"column":13},"end":{"line":72,"column":25}},{"start":{"line":72,"column":29},"end":{"line":72,"column":31}}],"line":72},"14":{"loc":{"start":{"line":73,"column":13},"end":{"line":73,"column":31}},"type":"binary-expr","locations":[{"start":{"line":73,"column":13},"end":{"line":73,"column":25}},{"start":{"line":73,"column":29},"end":{"line":73,"column":31}}],"line":73},"15":{"loc":{"start":{"line":74,"column":21},"end":{"line":74,"column":53}},"type":"binary-expr","locations":[{"start":{"line":74,"column":21},"end":{"line":74,"column":48}},{"start":{"line":74,"column":52},"end":{"line":74,"column":53}}],"line":74},"16":{"loc":{"start":{"line":75,"column":18},"end":{"line":75,"column":57}},"type":"binary-expr","locations":[{"start":{"line":75,"column":18},"end":{"line":75,"column":42}},{"start":{"line":75,"column":46},"end":{"line":75,"column":57}}],"line":75},"17":{"loc":{"start":{"line":79,"column":12},"end":{"line":79,"column":49}},"type":"binary-expr","locations":[{"start":{"line":79,"column":12},"end":{"line":79,"column":24}},{"start":{"line":79,"column":28},"end":{"line":79,"column":49}}],"line":79},"18":{"loc":{"start":{"line":82,"column":18},"end":{"line":82,"column":41}},"type":"binary-expr","locations":[{"start":{"line":82,"column":18},"end":{"line":82,"column":36}},{"start":{"line":82,"column":40},"end":{"line":82,"column":41}}],"line":82},"19":{"loc":{"start":{"line":89,"column":21},"end":{"line":89,"column":35}},"type":"binary-expr","locations":[{"start":{"line":89,"column":21},"end":{"line":89,"column":29}},{"start":{"line":89,"column":33},"end":{"line":89,"column":35}}],"line":89},"20":{"loc":{"start":{"line":90,"column":21},"end":{"line":90,"column":40}},"type":"binary-expr","locations":[{"start":{"line":90,"column":21},"end":{"line":90,"column":34}},{"start":{"line":90,"column":38},"end":{"line":90,"column":40}}],"line":90},"21":{"loc":{"start":{"line":91,"column":24},"end":{"line":91,"column":50}},"type":"binary-expr","locations":[{"start":{"line":91,"column":24},"end":{"line":91,"column":44}},{"start":{"line":91,"column":48},"end":{"line":91,"column":50}}],"line":91},"22":{"loc":{"start":{"line":92,"column":16},"end":{"line":92,"column":39}},"type":"binary-expr","locations":[{"start":{"line":92,"column":16},"end":{"line":92,"column":28}},{"start":{"line":92,"column":32},"end":{"line":92,"column":39}}],"line":92},"23":{"loc":{"start":{"line":93,"column":15},"end":{"line":93,"column":32}},"type":"binary-expr","locations":[{"start":{"line":93,"column":15},"end":{"line":93,"column":26}},{"start":{"line":93,"column":30},"end":{"line":93,"column":32}}],"line":93},"24":{"loc":{"start":{"line":96,"column":14},"end":{"line":96,"column":46}},"type":"binary-expr","locations":[{"start":{"line":96,"column":15},"end":{"line":96,"column":32}},{"start":{"line":96,"column":37},"end":{"line":96,"column":46}}],"line":96}},"s":{"0":1,"1":4,"2":4,"3":4,"4":4,"5":1,"6":3,"7":4,"8":4,"9":3,"10":3,"11":3,"12":1,"13":2,"14":1,"15":1,"16":1,"17":4,"18":4,"19":4,"20":0,"21":4,"22":4,"23":4},"f":{"0":4,"1":4,"2":4,"3":4},"b":{"0":[4,1],"1":[4,1],"2":[1,3],"3":[3,3],"4":[3,1],"5":[1,2],"6":[3,2],"7":[1,1],"8":[1,1],"9":[4,0],"10":[4,1],"11":[4,1,1],"12":[4,4],"13":[4,1],"14":[4,4],"15":[4,1],"16":[4,4],"17":[4,3],"18":[4,3],"19":[4,1],"20":[4,1],"21":[4,4],"22":[4,4],"23":[4,4],"24":[4,1]},"_coverageSchema":"1a1c01bbd47fc00a2c39e90264f33305004495a9","hash":"85cfac2afd3960a9d40fc3cc5483fa308dfb98ca"}
,"/Users/eseosaedosomwan/Documents/trae_projects/hairconnekt/apps/mobile/src/api/adapters/bookingAdapter.ts": {"path":"/Users/eseosaedosomwan/Documents/trae_projects/hairconnekt/apps/mobile/src/api/adapters/bookingAdapter.ts","statementMap":{"0":{"start":{"line":38,"column":30},"end":{"line":72,"column":1}},"1":{"start":{"line":40,"column":21},"end":{"line":40,"column":68}},"2":{"start":{"line":41,"column":25},"end":{"line":41,"column":70}},"3":{"start":{"line":42,"column":21},"end":{"line":42,"column":86}},"4":{"start":{"line":44,"column":4},"end":{"line":70,"column":6}}},"fnMap":{"0":{"name":"(anonymous_0)","decl":{"start":{"line":39,"column":2},"end":{"line":39,"column":3}},"loc":{"start":{"line":39,"column":47},"end":{"line":71,"column":3}},"line":39}},"branchMap":{"0":{"loc":{"start":{"line":40,"column":21},"end":{"line":40,"column":68}},"type":"cond-expr","locations":[{"start":{"line":40,"column":51},"end":{"line":40,"column":63}},{"start":{"line":40,"column":66},"end":{"line":40,"column":68}}],"line":40},"1":{"loc":{"start":{"line":41,"column":25},"end":{"line":41,"column":70}},"type":"cond-expr","locations":[{"start":{"line":41,"column":47},"end":{"line":41,"column":58}},{"start":{"line":41,"column":61},"end":{"line":41,"column":70}}],"line":41},"2":{"loc":{"start":{"line":42,"column":21},"end":{"line":42,"column":86}},"type":"binary-expr","locations":[{"start":{"line":42,"column":21},"end":{"line":42,"column":33}},{"start":{"line":42,"column":37},"end":{"line":42,"column":86}}],"line":42},"3":{"loc":{"start":{"line":46,"column":18},"end":{"line":46,"column":63}},"type":"cond-expr","locations":[{"start":{"line":46,"column":32},"end":{"line":46,"column":51}},{"start":{"line":46,"column":54},"end":{"line":46,"column":63}}],"line":46},"4":{"loc":{"start":{"line":47,"column":20},"end":{"line":47,"column":73}},"type":"binary-expr","locations":[{"start":{"line":47,"column":20},"end":{"line":47,"column":41}},{"start":{"line":47,"column":45},"end":{"line":47,"column":58}},{"start":{"line":47,"column":62},"end":{"line":47,"column":73}}],"line":47},"5":{"loc":{"start":{"line":48,"column":24},"end":{"line":48,"column":53}},"type":"binary-expr","locations":[{"start":{"line":48,"column":24},"end":{"line":48,"column":45}},{"start":{"line":48,"column":49},"end":{"line":48,"column":53}}],"line":48},"6":{"loc":{"start":{"line":50,"column":19},"end":{"line":50,"column":67}},"type":"binary-expr","locations":[{"start":{"line":50,"column":20},"end":{"line":50,"column":32}},{"start":{"line":50,"column":36},"end":{"line":50,"column":53}},{"start":{"line":50,"column":58},"end":{"line":50,"column":67}}],"line":50},"7":{"loc":{"start":{"line":51,"column":35},"end":{"line":51,"column":60}},"type":"binary-expr","locations":[{"start":{"line":51,"column":35},"end":{"line":51,"column":54}},{"start":{"line":51,"column":58},"end":{"line":51,"column":60}}],"line":51},"8":{"loc":{"start":{"line":52,"column":35},"end":{"line":52,"column":54}},"type":"binary-expr","locations":[{"start":{"line":52,"column":35},"end":{"line":52,"column":48}},{"start":{"line":52,"column":52},"end":{"line":52,"column":54}}],"line":52},"9":{"loc":{"start":{"line":53,"column":17},"end":{"line":53,"column":53}},"type":"binary-expr","locations":[{"start":{"line":53,"column":17},"end":{"line":53,"column":30}},{"start":{"line":53,"column":34},"end":{"line":53,"column":53}}],"line":53},"10":{"loc":{"start":{"line":54,"column":15},"end":{"line":54,"column":66}},"type":"binary-expr","locations":[{"start":{"line":54,"column":15},"end":{"line":54,"column":26}},{"start":{"line":54,"column":30},"end":{"line":54,"column":43}},{"start":{"line":54,"column":47},"end":{"line":54,"column":66}}],"line":54},"11":{"loc":{"start":{"line":55,"column":16},"end":{"line":57,"column":14}},"type":"cond-expr","locations":[{"start":{"line":56,"column":10},"end":{"line":56,"column":48}},{"start":{"line":57,"column":10},"end":{"line":57,"column":14}}],"line":55},"12":{"loc":{"start":{"line":55,"column":16},"end":{"line":55,"column":80}},"type":"binary-expr","locations":[{"start":{"line":55,"column":16},"end":{"line":55,"column":28}},{"start":{"line":55,"column":32},"end":{"line":55,"column":80}}],"line":55},"13":{"loc":{"start":{"line":58,"column":13},"end":{"line":60,"column":14}},"type":"cond-expr","locations":[{"start":{"line":59,"column":10},"end":{"line":59,"column":47}},{"start":{"line":60,"column":10},"end":{"line":60,"column":14}}],"line":58},"14":{"loc":{"start":{"line":61,"column":16},"end":{"line":61,"column":35}},"type":"binary-expr","locations":[{"start":{"line":61,"column":16},"end":{"line":61,"column":27}},{"start":{"line":61,"column":31},"end":{"line":61,"column":35}}],"line":61},"15":{"loc":{"start":{"line":62,"column":14},"end":{"line":62,"column":57}},"type":"binary-expr","locations":[{"start":{"line":62,"column":15},"end":{"line":62,"column":42}},{"start":{"line":62,"column":47},"end":{"line":62,"column":57}}],"line":62},"16":{"loc":{"start":{"line":67,"column":13},"end":{"line":67,"column":30}},"type":"binary-expr","locations":[{"start":{"line":67,"column":13},"end":{"line":67,"column":22}},{"start":{"line":67,"column":26},"end":{"line":67,"column":30}}],"line":67},"17":{"loc":{"start":{"line":68,"column":26},"end":{"line":68,"column":56}},"type":"binary-expr","locations":[{"start":{"line":68,"column":26},"end":{"line":68,"column":48}},{"start":{"line":68,"column":52},"end":{"line":68,"column":56}}],"line":68}},"s":{"0":6,"1":11,"2":11,"3":11,"4":11},"f":{"0":11},"b":{"0":[5,6],"1":[4,7],"2":[11,0],"3":[10,1],"4":[11,1,0],"5":[11,1],"6":[11,4,7],"7":[11,6],"8":[11,1],"9":[11,1],"10":[11,11,1],"11":[4,7],"12":[11,4],"13":[5,6],"14":[11,10],"15":[11,2],"16":[11,11],"17":[11,11]},"_coverageSchema":"1a1c01bbd47fc00a2c39e90264f33305004495a9","hash":"1dfc114d15bb9322c9f68cf7b45a53be761286c3"}
,"/Users/eseosaedosomwan/Documents/trae_projects/hairconnekt/apps/mobile/src/api/adapters/braiderAdapter.ts": {"path":"/Users/eseosaedosomwan/Documents/trae_projects/hairconnekt/apps/mobile/src/api/adapters/braiderAdapter.ts","statementMap":{"0":{"start":{"line":43,"column":30},"end":{"line":215,"column":1}},"1":{"start":{"line":45,"column":4},"end":{"line":57,"column":6}},"2":{"start":{"line":63,"column":4},"end":{"line":63,"column":58}},"3":{"start":{"line":63,"column":23},"end":{"line":63,"column":58}},"4":{"start":{"line":66,"column":4},"end":{"line":66,"column":76}},"5":{"start":{"line":66,"column":32},"end":{"line":66,"column":76}},"6":{"start":{"line":67,"column":4},"end":{"line":67,"column":80}},"7":{"start":{"line":67,"column":34},"end":{"line":67,"column":80}},"8":{"start":{"line":70,"column":4},"end":{"line":70,"column":66}},"9":{"start":{"line":70,"column":27},"end":{"line":70,"column":66}},"10":{"start":{"line":73,"column":4},"end":{"line":73,"column":87}},"11":{"start":{"line":73,"column":38},"end":{"line":73,"column":87}},"12":{"start":{"line":74,"column":4},"end":{"line":74,"column":91}},"13":{"start":{"line":74,"column":40},"end":{"line":74,"column":91}},"14":{"start":{"line":77,"column":4},"end":{"line":77,"column":54}},"15":{"start":{"line":77,"column":21},"end":{"line":77,"column":54}},"16":{"start":{"line":78,"column":4},"end":{"line":78,"column":60}},"17":{"start":{"line":78,"column":24},"end":{"line":78,"column":60}},"18":{"start":{"line":81,"column":4},"end":{"line":81,"column":65}},"19":{"start":{"line":81,"column":27},"end":{"line":81,"column":65}},"20":{"start":{"line":82,"column":4},"end":{"line":82,"column":71}},"21":{"start":{"line":82,"column":30},"end":{"line":82,"column":71}},"22":{"start":{"line":84,"column":4},"end":{"line":84,"column":21}},"23":{"start":{"line":88,"column":17},"end":{"line":88,"column":35}},"24":{"start":{"line":89,"column":20},"end":{"line":89,"column":37}},"25":{"start":{"line":93,"column":24},"end":{"line":93,"column":46}},"26":{"start":{"line":101,"column":51},"end":{"line":101,"column":53}},"27":{"start":{"line":103,"column":4},"end":{"line":127,"column":7}},"28":{"start":{"line":104,"column":22},"end":{"line":104,"column":53}},"29":{"start":{"line":105,"column":6},"end":{"line":105,"column":67}},"30":{"start":{"line":105,"column":37},"end":{"line":105,"column":67}},"31":{"start":{"line":107,"column":25},"end":{"line":107,"column":45}},"32":{"start":{"line":108,"column":6},"end":{"line":118,"column":7}},"33":{"start":{"line":109,"column":25},"end":{"line":109,"column":75}},"34":{"start":{"line":110,"column":8},"end":{"line":117,"column":9}},"35":{"start":{"line":111,"column":27},"end":{"line":111,"column":80}},"36":{"start":{"line":112,"column":10},"end":{"line":112,"column":55}},"37":{"start":{"line":113,"column":15},"end":{"line":117,"column":9}},"38":{"start":{"line":114,"column":10},"end":{"line":114,"column":43}},"39":{"start":{"line":116,"column":10},"end":{"line":116,"column":40}},"40":{"start":{"line":120,"column":6},"end":{"line":126,"column":9}},"41":{"start":{"line":129,"column":21},"end":{"line":132,"column":7}},"42":{"start":{"line":129,"column":64},"end":{"line":132,"column":5}},"43":{"start":{"line":134,"column":4},"end":{"line":213,"column":6}},"44":{"start":{"line":156,"column":21},"end":{"line":156,"column":102}},"45":{"start":{"line":158,"column":33},"end":{"line":181,"column":9}},"46":{"start":{"line":159,"column":10},"end":{"line":169,"column":11}},"47":{"start":{"line":161,"column":31},"end":{"line":161,"column":112}},"48":{"start":{"line":163,"column":12},"end":{"line":165,"column":13}},"49":{"start":{"line":164,"column":14},"end":{"line":164,"column":35}},"50":{"start":{"line":167,"column":12},"end":{"line":167,"column":42}},"51":{"start":{"line":167,"column":25},"end":{"line":167,"column":42}},"52":{"start":{"line":168,"column":12},"end":{"line":168,"column":24}},"53":{"start":{"line":170,"column":10},"end":{"line":179,"column":11}},"54":{"start":{"line":171,"column":26},"end":{"line":171,"column":48}},"55":{"start":{"line":172,"column":12},"end":{"line":172,"column":57}},"56":{"start":{"line":172,"column":41},"end":{"line":172,"column":57}},"57":{"start":{"line":173,"column":12},"end":{"line":173,"column":86}},"58":{"start":{"line":173,"column":68},"end":{"line":173,"column":86}},"59":{"start":{"line":174,"column":12},"end":{"line":174,"column":86}},"60":{"start":{"line":174,"column":68},"end":{"line":174,"column":86}},"61":{"start":{"line":175,"column":12},"end":{"line":175,"column":88}},"62":{"start":{"line":175,"column":68},"end":{"line":175,"column":88}},"63":{"start":{"line":176,"column":12},"end":{"line":176,"column":85}},"64":{"start":{"line":176,"column":68},"end":{"line":176,"column":85}},"65":{"start":{"line":177,"column":12},"end":{"line":177,"column":85}},"66":{"start":{"line":177,"column":68},"end":{"line":177,"column":85}},"67":{"start":{"line":178,"column":12},"end":{"line":178,"column":85}},"68":{"start":{"line":178,"column":68},"end":{"line":178,"column":85}},"69":{"start":{"line":180,"column":10},"end":{"line":180,"column":22}},"70":{"start":{"line":183,"column":32},"end":{"line":183,"column":78}},"71":{"start":{"line":184,"column":32},"end":{"line":190,"column":14}},"72":{"start":{"line":185,"column":28},"end":{"line":185,"column":58}},"73":{"start":{"line":186,"column":10},"end":{"line":188,"column":11}},"74":{"start":{"line":187,"column":12},"end":{"line":187,"column":59}},"75":{"start":{"line":189,"column":10},"end":{"line":189,"column":21}},"76":{"start":{"line":192,"column":8},"end":{"line":195,"column":12}},"77":{"start":{"line":192,"column":32},"end":{"line":195,"column":9}},"78":{"start":{"line":201,"column":45},"end":{"line":201,"column":62}},"79":{"start":{"line":201,"column":115},"end":{"line":201,"column":120}},"80":{"start":{"line":204,"column":108},"end":{"line":212,"column":7}}},"fnMap":{"0":{"name":"(anonymous_0)","decl":{"start":{"line":44,"column":2},"end":{"line":44,"column":3}},"loc":{"start":{"line":44,"column":45},"end":{"line":58,"column":3}},"line":44},"1":{"name":"(anonymous_1)","decl":{"start":{"line":61,"column":2},"end":{"line":61,"column":3}},"loc":{"start":{"line":61,"column":69},"end":{"line":85,"column":3}},"line":61},"2":{"name":"(anonymous_2)","decl":{"start":{"line":87,"column":2},"end":{"line":87,"column":3}},"loc":{"start":{"line":87,"column":38},"end":{"line":214,"column":3}},"line":87},"3":{"name":"(anonymous_3)","decl":{"start":{"line":103,"column":24},"end":{"line":103,"column":25}},"loc":{"start":{"line":103,"column":36},"end":{"line":127,"column":5}},"line":103},"4":{"name":"(anonymous_4)","decl":{"start":{"line":129,"column":54},"end":{"line":129,"column":55}},"loc":{"start":{"line":129,"column":64},"end":{"line":132,"column":5}},"line":129},"5":{"name":"(anonymous_5)","decl":{"start":{"line":155,"column":14},"end":{"line":155,"column":15}},"loc":{"start":{"line":155,"column":20},"end":{"line":196,"column":7}},"line":155},"6":{"name":"(anonymous_6)","decl":{"start":{"line":158,"column":33},"end":{"line":158,"column":34}},"loc":{"start":{"line":158,"column":60},"end":{"line":181,"column":9}},"line":158},"7":{"name":"(anonymous_7)","decl":{"start":{"line":184,"column":55},"end":{"line":184,"column":56}},"loc":{"start":{"line":184,"column":80},"end":{"line":190,"column":9}},"line":184},"8":{"name":"(anonymous_8)","decl":{"start":{"line":192,"column":24},"end":{"line":192,"column":25}},"loc":{"start":{"line":192,"column":32},"end":{"line":195,"column":9}},"line":192},"9":{"name":"(anonymous_9)","decl":{"start":{"line":201,"column":28},"end":{"line":201,"column":29}},"loc":{"start":{"line":201,"column":45},"end":{"line":201,"column":62}},"line":201},"10":{"name":"(anonymous_10)","decl":{"start":{"line":201,"column":71},"end":{"line":201,"column":72}},"loc":{"start":{"line":201,"column":115},"end":{"line":201,"column":120}},"line":201},"11":{"name":"(anonymous_11)","decl":{"start":{"line":204,"column":95},"end":{"line":204,"column":96}},"loc":{"start":{"line":204,"column":108},"end":{"line":212,"column":7}},"line":204}},"branchMap":{"0":{"loc":{"start":{"line":50,"column":14},"end":{"line":50,"column":29}},"type":"binary-expr","locations":[{"start":{"line":50,"column":14},"end":{"line":50,"column":24}},{"start":{"line":50,"column":28},"end":{"line":50,"column":29}}],"line":50},"1":{"loc":{"start":{"line":51,"column":19},"end":{"line":51,"column":35}},"type":"binary-expr","locations":[{"start":{"line":51,"column":19},"end":{"line":51,"column":30}},{"start":{"line":51,"column":34},"end":{"line":51,"column":35}}],"line":51},"2":{"loc":{"start":{"line":53,"column":19},"end":{"line":53,"column":40}},"type":"binary-expr","locations":[{"start":{"line":53,"column":19},"end":{"line":53,"column":34}},{"start":{"line":53,"column":38},"end":{"line":53,"column":40}}],"line":53},"3":{"loc":{"start":{"line":63,"column":4},"end":{"line":63,"column":58}},"type":"if","locations":[{"start":{"line":63,"column":4},"end":{"line":63,"column":58}},{"start":{},"end":{}}],"line":63},"4":{"loc":{"start":{"line":66,"column":4},"end":{"line":66,"column":76}},"type":"if","locations":[{"start":{"line":66,"column":4},"end":{"line":66,"column":76}},{"start":{},"end":{}}],"line":66},"5":{"loc":{"start":{"line":67,"column":4},"end":{"line":67,"column":80}},"type":"if","locations":[{"start":{"line":67,"column":4},"end":{"line":67,"column":80}},{"start":{},"end":{}}],"line":67},"6":{"loc":{"start":{"line":70,"column":4},"end":{"line":70,"column":66}},"type":"if","locations":[{"start":{"line":70,"column":4},"end":{"line":70,"column":66}},{"start":{},"end":{}}],"line":70},"7":{"loc":{"start":{"line":73,"column":4},"end":{"line":73,"column":87}},"type":"if","locations":[{"start":{"line":73,"column":4},"end":{"line":73,"column":87}},{"start":{},"end":{}}],"line":73},"8":{"loc":{"start":{"line":74,"column":4},"end":{"line":74,"column":91}},"type":"if","locations":[{"start":{"line":74,"column":4},"end":{"line":74,"column":91}},{"start":{},"end":{}}],"line":74},"9":{"loc":{"start":{"line":77,"column":4},"end":{"line":77,"column":54}},"type":"if","locations":[{"start":{"line":77,"column":4},"end":{"line":77,"column":54}},{"start":{},"end":{}}],"line":77},"10":{"loc":{"start":{"line":78,"column":4},"end":{"line":78,"column":60}},"type":"if","locations":[{"start":{"line":78,"column":4},"end":{"line":78,"column":60}},{"start":{},"end":{}}],"line":78},"11":{"loc":{"start":{"line":81,"column":4},"end":{"line":81,"column":65}},"type":"if","locations":[{"start":{"line":81,"column":4},"end":{"line":81,"column":65}},{"start":{},"end":{}}],"line":81},"12":{"loc":{"start":{"line":82,"column":4},"end":{"line":82,"column":71}},"type":"if","locations":[{"start":{"line":82,"column":4},"end":{"line":82,"column":71}},{"start":{},"end":{}}],"line":82},"13":{"loc":{"start":{"line":89,"column":20},"end":{"line":89,"column":37}},"type":"binary-expr","locations":[{"start":{"line":89,"column":20},"end":{"line":89,"column":31}},{"start":{"line":89,"column":35},"end":{"line":89,"column":37}}],"line":89},"14":{"loc":{"start":{"line":93,"column":24},"end":{"line":93,"column":46}},"type":"binary-expr","locations":[{"start":{"line":93,"column":24},"end":{"line":93,"column":40}},{"start":{"line":93,"column":44},"end":{"line":93,"column":46}}],"line":93},"15":{"loc":{"start":{"line":104,"column":22},"end":{"line":104,"column":53}},"type":"binary-expr","locations":[{"start":{"line":104,"column":22},"end":{"line":104,"column":38}},{"start":{"line":104,"column":42},"end":{"line":104,"column":53}}],"line":104},"16":{"loc":{"start":{"line":105,"column":6},"end":{"line":105,"column":67}},"type":"if","locations":[{"start":{"line":105,"column":6},"end":{"line":105,"column":67}},{"start":{},"end":{}}],"line":105},"17":{"loc":{"start":{"line":108,"column":6},"end":{"line":118,"column":7}},"type":"if","locations":[{"start":{"line":108,"column":6},"end":{"line":118,"column":7}},{"start":{},"end":{}}],"line":108},"18":{"loc":{"start":{"line":110,"column":8},"end":{"line":117,"column":9}},"type":"if","locations":[{"start":{"line":110,"column":8},"end":{"line":117,"column":9}},{"start":{"line":113,"column":15},"end":{"line":117,"column":9}}],"line":110},"19":{"loc":{"start":{"line":110,"column":12},"end":{"line":110,"column":54}},"type":"binary-expr","locations":[{"start":{"line":110,"column":12},"end":{"line":110,"column":35}},{"start":{"line":110,"column":39},"end":{"line":110,"column":54}}],"line":110},"20":{"loc":{"start":{"line":113,"column":15},"end":{"line":117,"column":9}},"type":"if","locations":[{"start":{"line":113,"column":15},"end":{"line":117,"column":9}},{"start":{"line":115,"column":15},"end":{"line":117,"column":9}}],"line":113},"21":{"loc":{"start":{"line":123,"column":18},"end":{"line":123,"column":74}},"type":"cond-expr","locations":[{"start":{"line":123,"column":38},"end":{"line":123,"column":65}},{"start":{"line":123,"column":68},"end":{"line":123,"column":74}}],"line":123},"22":{"loc":{"start":{"line":125,"column":21},"end":{"line":125,"column":40}},"type":"binary-expr","locations":[{"start":{"line":125,"column":21},"end":{"line":125,"column":34}},{"start":{"line":125,"column":38},"end":{"line":125,"column":40}}],"line":125},"23":{"loc":{"start":{"line":136,"column":11},"end":{"line":136,"column":28}},"type":"binary-expr","locations":[{"start":{"line":136,"column":11},"end":{"line":136,"column":22}},{"start":{"line":136,"column":26},"end":{"line":136,"column":28}}],"line":136},"24":{"loc":{"start":{"line":141,"column":31},"end":{"line":141,"column":78}},"type":"binary-expr","locations":[{"start":{"line":141,"column":31},"end":{"line":141,"column":43}},{"start":{"line":141,"column":47},"end":{"line":141,"column":61}},{"start":{"line":141,"column":65},"end":{"line":141,"column":78}}],"line":141},"25":{"loc":{"start":{"line":142,"column":69},"end":{"line":142,"column":93}},"type":"binary-expr","locations":[{"start":{"line":142,"column":69},"end":{"line":142,"column":81}},{"start":{"line":142,"column":85},"end":{"line":142,"column":93}}],"line":142},"26":{"loc":{"start":{"line":143,"column":17},"end":{"line":143,"column":57}},"type":"binary-expr","locations":[{"start":{"line":143,"column":17},"end":{"line":143,"column":34}},{"start":{"line":143,"column":38},"end":{"line":143,"column":51}},{"start":{"line":143,"column":55},"end":{"line":143,"column":57}}],"line":143},"27":{"loc":{"start":{"line":147,"column":14},"end":{"line":147,"column":96}},"type":"cond-expr","locations":[{"start":{"line":147,"column":60},"end":{"line":147,"column":75}},{"start":{"line":147,"column":79},"end":{"line":147,"column":95}}],"line":147},"28":{"loc":{"start":{"line":147,"column":15},"end":{"line":147,"column":56}},"type":"binary-expr","locations":[{"start":{"line":147,"column":15},"end":{"line":147,"column":30}},{"start":{"line":147,"column":34},"end":{"line":147,"column":56}}],"line":147},"29":{"loc":{"start":{"line":147,"column":79},"end":{"line":147,"column":95}},"type":"binary-expr","locations":[{"start":{"line":147,"column":79},"end":{"line":147,"column":89}},{"start":{"line":147,"column":93},"end":{"line":147,"column":95}}],"line":147},"30":{"loc":{"start":{"line":148,"column":13},"end":{"line":153,"column":7}},"type":"cond-expr","locations":[{"start":{"line":148,"column":47},"end":{"line":148,"column":56}},{"start":{"line":148,"column":59},"end":{"line":153,"column":7}}],"line":148},"31":{"loc":{"start":{"line":148,"column":14},"end":{"line":148,"column":43}},"type":"binary-expr","locations":[{"start":{"line":148,"column":14},"end":{"line":148,"column":23}},{"start":{"line":148,"column":27},"end":{"line":148,"column":43}}],"line":148},"32":{"loc":{"start":{"line":159,"column":10},"end":{"line":169,"column":11}},"type":"if","locations":[{"start":{"line":159,"column":10},"end":{"line":169,"column":11}},{"start":{},"end":{}}],"line":159},"33":{"loc":{"start":{"line":163,"column":12},"end":{"line":165,"column":13}},"type":"if","locations":[{"start":{"line":163,"column":12},"end":{"line":165,"column":13}},{"start":{},"end":{}}],"line":163},"34":{"loc":{"start":{"line":163,"column":16},"end":{"line":163,"column":32}},"type":"binary-expr","locations":[{"start":{"line":163,"column":16},"end":{"line":163,"column":22}},{"start":{"line":163,"column":26},"end":{"line":163,"column":32}}],"line":163},"35":{"loc":{"start":{"line":167,"column":12},"end":{"line":167,"column":42}},"type":"if","locations":[{"start":{"line":167,"column":12},"end":{"line":167,"column":42}},{"start":{},"end":{}}],"line":167},"36":{"loc":{"start":{"line":170,"column":10},"end":{"line":179,"column":11}},"type":"if","locations":[{"start":{"line":170,"column":10},"end":{"line":179,"column":11}},{"start":{},"end":{}}],"line":170},"37":{"loc":{"start":{"line":172,"column":12},"end":{"line":172,"column":57}},"type":"if","locations":[{"start":{"line":172,"column":12},"end":{"line":172,"column":57}},{"start":{},"end":{}}],"line":172},"38":{"loc":{"start":{"line":173,"column":12},"end":{"line":173,"column":86}},"type":"if","locations":[{"start":{"line":173,"column":12},"end":{"line":173,"column":86}},{"start":{},"end":{}}],"line":173},"39":{"loc":{"start":{"line":173,"column":16},"end":{"line":173,"column":66}},"type":"binary-expr","locations":[{"start":{"line":173,"column":16},"end":{"line":173,"column":39}},{"start":{"line":173,"column":43},"end":{"line":173,"column":66}}],"line":173},"40":{"loc":{"start":{"line":174,"column":12},"end":{"line":174,"column":86}},"type":"if","locations":[{"start":{"line":174,"column":12},"end":{"line":174,"column":86}},{"start":{},"end":{}}],"line":174},"41":{"loc":{"start":{"line":174,"column":16},"end":{"line":174,"column":66}},"type":"binary-expr","locations":[{"start":{"line":174,"column":16},"end":{"line":174,"column":39}},{"start":{"line":174,"column":43},"end":{"line":174,"column":66}}],"line":174},"42":{"loc":{"start":{"line":175,"column":12},"end":{"line":175,"column":88}},"type":"if","locations":[{"start":{"line":175,"column":12},"end":{"line":175,"column":88}},{"start":{},"end":{}}],"line":175},"43":{"loc":{"start":{"line":175,"column":16},"end":{"line":175,"column":66}},"type":"binary-expr","locations":[{"start":{"line":175,"column":16},"end":{"line":175,"column":39}},{"start":{"line":175,"column":43},"end":{"line":175,"column":66}}],"line":175},"44":{"loc":{"start":{"line":176,"column":12},"end":{"line":176,"column":85}},"type":"if","locations":[{"start":{"line":176,"column":12},"end":{"line":176,"column":85}},{"start":{},"end":{}}],"line":176},"45":{"loc":{"start":{"line":176,"column":16},"end":{"line":176,"column":66}},"type":"binary-expr","locations":[{"start":{"line":176,"column":16},"end":{"line":176,"column":39}},{"start":{"line":176,"column":43},"end":{"line":176,"column":66}}],"line":176},"46":{"loc":{"start":{"line":177,"column":12},"end":{"line":177,"column":85}},"type":"if","locations":[{"start":{"line":177,"column":12},"end":{"line":177,"column":85}},{"start":{},"end":{}}],"line":177},"47":{"loc":{"start":{"line":177,"column":16},"end":{"line":177,"column":66}},"type":"binary-expr","locations":[{"start":{"line":177,"column":16},"end":{"line":177,"column":39}},{"start":{"line":177,"column":43},"end":{"line":177,"column":66}}],"line":177},"48":{"loc":{"start":{"line":178,"column":12},"end":{"line":178,"column":85}},"type":"if","locations":[{"start":{"line":178,"column":12},"end":{"line":178,"column":85}},{"start":{},"end":{}}],"line":178},"49":{"loc":{"start":{"line":178,"column":16},"end":{"line":178,"column":66}},"type":"binary-expr","locations":[{"start":{"line":178,"column":16},"end":{"line":178,"column":39}},{"start":{"line":178,"column":43},"end":{"line":178,"column":66}}],"line":178},"50":{"loc":{"start":{"line":183,"column":32},"end":{"line":183,"column":78}},"type":"binary-expr","locations":[{"start":{"line":183,"column":32},"end":{"line":183,"column":52}},{"start":{"line":183,"column":56},"end":{"line":183,"column":72}},{"start":{"line":183,"column":76},"end":{"line":183,"column":78}}],"line":183},"51":{"loc":{"start":{"line":186,"column":10},"end":{"line":188,"column":11}},"type":"if","locations":[{"start":{"line":186,"column":10},"end":{"line":188,"column":11}},{"start":{},"end":{}}],"line":186},"52":{"loc":{"start":{"line":194,"column":17},"end":{"line":194,"column":54}},"type":"binary-expr","locations":[{"start":{"line":194,"column":17},"end":{"line":194,"column":37}},{"start":{"line":194,"column":41},"end":{"line":194,"column":54}}],"line":194},"53":{"loc":{"start":{"line":200,"column":23},"end":{"line":202,"column":12}},"type":"cond-expr","locations":[{"start":{"line":201,"column":10},"end":{"line":201,"column":121}},{"start":{"line":202,"column":10},"end":{"line":202,"column":12}}],"line":200},"54":{"loc":{"start":{"line":200,"column":24},"end":{"line":200,"column":61}},"type":"binary-expr","locations":[{"start":{"line":200,"column":24},"end":{"line":200,"column":37}},{"start":{"line":200,"column":41},"end":{"line":200,"column":61}}],"line":200},"55":{"loc":{"start":{"line":204,"column":15},"end":{"line":212,"column":14}},"type":"cond-expr","locations":[{"start":{"line":204,"column":65},"end":{"line":212,"column":9}},{"start":{"line":212,"column":12},"end":{"line":212,"column":14}}],"line":204},"56":{"loc":{"start":{"line":204,"column":16},"end":{"line":204,"column":61}},"type":"binary-expr","locations":[{"start":{"line":204,"column":16},"end":{"line":204,"column":33}},{"start":{"line":204,"column":37},"end":{"line":204,"column":61}}],"line":204},"57":{"loc":{"start":{"line":204,"column":66},"end":{"line":204,"column":89}},"type":"binary-expr","locations":[{"start":{"line":204,"column":66},"end":{"line":204,"column":83}},{"start":{"line":204,"column":87},"end":{"line":204,"column":89}}],"line":204},"58":{"loc":{"start":{"line":208,"column":14},"end":{"line":208,"column":127}},"type":"cond-expr","locations":[{"start":{"line":208,"column":23},"end":{"line":208,"column":122}},{"start":{"line":208,"column":125},"end":{"line":208,"column":127}}],"line":208},"59":{"loc":{"start":{"line":211,"column":15},"end":{"line":211,"column":37}},"type":"binary-expr","locations":[{"start":{"line":211,"column":15},"end":{"line":211,"column":22}},{"start":{"line":211,"column":26},"end":{"line":211,"column":37}}],"line":211}},"s":{"0":3,"1":13,"2":18,"3":2,"4":16,"5":1,"6":15,"7":1,"8":14,"9":1,"10":13,"11":1,"12":12,"13":1,"14":11,"15":1,"16":10,"17":0,"18":10,"19":0,"20":10,"21":0,"22":10,"23":5,"24":5,"25":5,"26":5,"27":5,"28":0,"29":0,"30":0,"31":0,"32":0,"33":0,"34":0,"35":0,"36":0,"37":0,"38":0,"39":0,"40":0,"41":5,"42":0,"43":5,"44":5,"45":5,"46":7,"47":2,"48":2,"49":2,"50":0,"51":0,"52":0,"53":5,"54":5,"55":5,"56":4,"57":1,"58":1,"59":0,"60":0,"61":0,"62":0,"63":0,"64":0,"65":0,"66":0,"67":0,"68":0,"69":0,"70":5,"71":5,"72":7,"73":7,"74":7,"75":7,"76":5,"77":35,"78":0,"79":0,"80":0},"f":{"0":13,"1":18,"2":5,"3":0,"4":0,"5":5,"6":7,"7":7,"8":35,"9":0,"10":0,"11":0},"b":{"0":[13,13],"1":[13,13],"2":[13,13],"3":[2,16],"4":[1,15],"5":[1,14],"6":[1,13],"7":[1,12],"8":[1,11],"9":[1,10],"10":[0,10],"11":[0,10],"12":[0,10],"13":[5,0],"14":[5,5],"15":[0,0],"16":[0,0],"17":[0,0],"18":[0,0],"19":[0,0],"20":[0,0],"21":[0,0],"22":[0,0],"23":[5,5],"24":[5,5,5],"25":[5,5],"26":[5,5,5],"27":[0,5],"28":[5,0],"29":[5,5],"30":[0,5],"31":[5,0],"32":[2,5],"33":[2,0],"34":[2,2],"35":[0,0],"36":[5,0],"37":[4,1],"38":[1,0],"39":[1,0],"40":[0,0],"41":[0,0],"42":[0,0],"43":[0,0],"44":[0,0],"45":[0,0],"46":[0,0],"47":[0,0],"48":[0,0],"49":[0,0],"50":[5,1,0],"51":[7,0],"52":[35,28],"53":[0,5],"54":[5,0],"55":[0,5],"56":[5,0],"57":[0,0],"58":[0,0],"59":[0,0]},"_coverageSchema":"1a1c01bbd47fc00a2c39e90264f33305004495a9","hash":"f9120243c9d5d2a61bad98194c8bab1cf8d5658c"}
,"/Users/eseosaedosomwan/Documents/trae_projects/hairconnekt/apps/mobile/src/api/adapters/clientAdapter.ts": {"path":"/Users/eseosaedosomwan/Documents/trae_projects/hairconnekt/apps/mobile/src/api/adapters/clientAdapter.ts","statementMap":{"0":{"start":{"line":29,"column":29},"end":{"line":90,"column":1}},"1":{"start":{"line":31,"column":17},"end":{"line":31,"column":99}},"2":{"start":{"line":32,"column":18},"end":{"line":32,"column":66}},"3":{"start":{"line":33,"column":18},"end":{"line":33,"column":53}},"4":{"start":{"line":40,"column":23},"end":{"line":40,"column":24}},"5":{"start":{"line":41,"column":26},"end":{"line":41,"column":27}},"6":{"start":{"line":42,"column":43},"end":{"line":42,"column":52}},"7":{"start":{"line":44,"column":4},"end":{"line":53,"column":5}},"8":{"start":{"line":45,"column":6},"end":{"line":45,"column":62}},"9":{"start":{"line":47,"column":6},"end":{"line":47,"column":76}},"10":{"start":{"line":48,"column":6},"end":{"line":48,"column":41}},"11":{"start":{"line":50,"column":6},"end":{"line":50,"column":51}},"12":{"start":{"line":51,"column":6},"end":{"line":51,"column":57}},"13":{"start":{"line":52,"column":6},"end":{"line":52,"column":38}},"14":{"start":{"line":56,"column":33},"end":{"line":66,"column":5}},"15":{"start":{"line":57,"column":6},"end":{"line":57,"column":26}},"16":{"start":{"line":57,"column":16},"end":{"line":57,"column":26}},"17":{"start":{"line":58,"column":6},"end":{"line":65,"column":28}},"18":{"start":{"line":59,"column":21},"end":{"line":59,"column":34}},"19":{"start":{"line":60,"column":20},"end":{"line":60,"column":30}},"20":{"start":{"line":61,"column":23},"end":{"line":61,"column":53}},"21":{"start":{"line":62,"column":25},"end":{"line":62,"column":67}},"22":{"start":{"line":63,"column":8},"end":{"line":63,"column":47}},"23":{"start":{"line":63,"column":26},"end":{"line":63,"column":47}},"24":{"start":{"line":64,"column":8},"end":{"line":64,"column":39}},"25":{"start":{"line":65,"column":16},"end":{"line":65,"column":26}},"26":{"start":{"line":68,"column":32},"end":{"line":73,"column":5}},"27":{"start":{"line":75,"column":4},"end":{"line":88,"column":6}}},"fnMap":{"0":{"name":"(anonymous_0)","decl":{"start":{"line":30,"column":2},"end":{"line":30,"column":3}},"loc":{"start":{"line":30,"column":36},"end":{"line":89,"column":3}},"line":30},"1":{"name":"(anonymous_1)","decl":{"start":{"line":56,"column":33},"end":{"line":56,"column":34}},"loc":{"start":{"line":56,"column":51},"end":{"line":66,"column":5}},"line":56}},"branchMap":{"0":{"loc":{"start":{"line":31,"column":17},"end":{"line":31,"column":99}},"type":"binary-expr","locations":[{"start":{"line":31,"column":17},"end":{"line":31,"column":72}},{"start":{"line":31,"column":76},"end":{"line":31,"column":84}},{"start":{"line":31,"column":88},"end":{"line":31,"column":99}}],"line":31},"1":{"loc":{"start":{"line":32,"column":18},"end":{"line":32,"column":66}},"type":"binary-expr","locations":[{"start":{"line":32,"column":18},"end":{"line":32,"column":39}},{"start":{"line":32,"column":43},"end":{"line":32,"column":53}},{"start":{"line":32,"column":57},"end":{"line":32,"column":66}}],"line":32},"2":{"loc":{"start":{"line":33,"column":18},"end":{"line":33,"column":53}},"type":"binary-expr","locations":[{"start":{"line":33,"column":18},"end":{"line":33,"column":40}},{"start":{"line":33,"column":44},"end":{"line":33,"column":53}}],"line":33},"3":{"loc":{"start":{"line":44,"column":4},"end":{"line":53,"column":5}},"type":"if","locations":[{"start":{"line":44,"column":4},"end":{"line":53,"column":5}},{"start":{"line":49,"column":11},"end":{"line":53,"column":5}}],"line":44},"4":{"loc":{"start":{"line":45,"column":28},"end":{"line":45,"column":60}},"type":"binary-expr","locations":[{"start":{"line":45,"column":28},"end":{"line":45,"column":55}},{"start":{"line":45,"column":59},"end":{"line":45,"column":60}}],"line":45},"5":{"loc":{"start":{"line":47,"column":42},"end":{"line":47,"column":67}},"type":"binary-expr","locations":[{"start":{"line":47,"column":42},"end":{"line":47,"column":62}},{"start":{"line":47,"column":66},"end":{"line":47,"column":67}}],"line":47},"6":{"loc":{"start":{"line":50,"column":28},"end":{"line":50,"column":49}},"type":"binary-expr","locations":[{"start":{"line":50,"column":28},"end":{"line":50,"column":44}},{"start":{"line":50,"column":48},"end":{"line":50,"column":49}}],"line":50},"7":{"loc":{"start":{"line":51,"column":31},"end":{"line":51,"column":55}},"type":"binary-expr","locations":[{"start":{"line":51,"column":31},"end":{"line":51,"column":50}},{"start":{"line":51,"column":54},"end":{"line":51,"column":55}}],"line":51},"8":{"loc":{"start":{"line":57,"column":6},"end":{"line":57,"column":26}},"type":"if","locations":[{"start":{"line":57,"column":6},"end":{"line":57,"column":26}},{"start":{},"end":{}}],"line":57},"9":{"loc":{"start":{"line":63,"column":8},"end":{"line":63,"column":47}},"type":"if","locations":[{"start":{"line":63,"column":8},"end":{"line":63,"column":47}},{"start":{},"end":{}}],"line":63}},"s":{"0":1,"1":3,"2":3,"3":3,"4":3,"5":3,"6":3,"7":3,"8":2,"9":2,"10":2,"11":1,"12":1,"13":1,"14":3,"15":3,"16":0,"17":3,"18":3,"19":3,"20":3,"21":3,"22":3,"23":1,"24":2,"25":0,"26":3,"27":3},"f":{"0":3,"1":3},"b":{"0":[3,2,1],"1":[3,3,3],"2":[3,3],"3":[2,1],"4":[2,1],"5":[2,1],"6":[1,0],"7":[1,0],"8":[0,3],"9":[1,2]},"_coverageSchema":"1a1c01bbd47fc00a2c39e90264f33305004495a9","hash":"e82304bd7de64bc11693f0fc105407f709bdfc2f"}
,"/Users/eseosaedosomwan/Documents/trae_projects/hairconnekt/apps/mobile/src/api/adapters/providerAdapter.ts": {"path":"/Users/eseosaedosomwan/Documents/trae_projects/hairconnekt/apps/mobile/src/api/adapters/providerAdapter.ts","statementMap":{"0":{"start":{"line":39,"column":31},"end":{"line":103,"column":1}},"1":{"start":{"line":41,"column":17},"end":{"line":41,"column":38}},"2":{"start":{"line":43,"column":4},"end":{"line":80,"column":6}},"3":{"start":{"line":84,"column":4},"end":{"line":84,"column":40}},"4":{"start":{"line":84,"column":30},"end":{"line":84,"column":40}},"5":{"start":{"line":85,"column":4},"end":{"line":90,"column":8}},"6":{"start":{"line":85,"column":28},"end":{"line":90,"column":5}},"7":{"start":{"line":94,"column":4},"end":{"line":101,"column":6}}},"fnMap":{"0":{"name":"(anonymous_0)","decl":{"start":{"line":40,"column":2},"end":{"line":40,"column":3}},"loc":{"start":{"line":40,"column":47},"end":{"line":81,"column":3}},"line":40},"1":{"name":"(anonymous_1)","decl":{"start":{"line":83,"column":2},"end":{"line":83,"column":3}},"loc":{"start":{"line":83,"column":53},"end":{"line":91,"column":3}},"line":83},"2":{"name":"(anonymous_2)","decl":{"start":{"line":85,"column":20},"end":{"line":85,"column":21}},"loc":{"start":{"line":85,"column":28},"end":{"line":90,"column":5}},"line":85},"3":{"name":"(anonymous_3)","decl":{"start":{"line":93,"column":2},"end":{"line":93,"column":3}},"loc":{"start":{"line":93,"column":40},"end":{"line":102,"column":3}},"line":93}},"branchMap":{"0":{"loc":{"start":{"line":41,"column":17},"end":{"line":41,"column":38}},"type":"binary-expr","locations":[{"start":{"line":41,"column":17},"end":{"line":41,"column":25}},{"start":{"line":41,"column":29},"end":{"line":41,"column":38}}],"line":41},"1":{"loc":{"start":{"line":45,"column":17},"end":{"line":45,"column":37}},"type":"binary-expr","locations":[{"start":{"line":45,"column":17},"end":{"line":45,"column":31}},{"start":{"line":45,"column":35},"end":{"line":45,"column":37}}],"line":45},"2":{"loc":{"start":{"line":46,"column":16},"end":{"line":46,"column":35}},"type":"binary-expr","locations":[{"start":{"line":46,"column":16},"end":{"line":46,"column":29}},{"start":{"line":46,"column":33},"end":{"line":46,"column":35}}],"line":46},"3":{"loc":{"start":{"line":48,"column":13},"end":{"line":48,"column":29}},"type":"binary-expr","locations":[{"start":{"line":48,"column":13},"end":{"line":48,"column":23}},{"start":{"line":48,"column":27},"end":{"line":48,"column":29}}],"line":48},"4":{"loc":{"start":{"line":49,"column":13},"end":{"line":49,"column":29}},"type":"binary-expr","locations":[{"start":{"line":49,"column":13},"end":{"line":49,"column":23}},{"start":{"line":49,"column":27},"end":{"line":49,"column":29}}],"line":49},"5":{"loc":{"start":{"line":54,"column":11},"end":{"line":54,"column":24}},"type":"binary-expr","locations":[{"start":{"line":54,"column":11},"end":{"line":54,"column":18}},{"start":{"line":54,"column":22},"end":{"line":54,"column":24}}],"line":54},"6":{"loc":{"start":{"line":55,"column":25},"end":{"line":55,"column":51}},"type":"binary-expr","locations":[{"start":{"line":55,"column":25},"end":{"line":55,"column":46}},{"start":{"line":55,"column":50},"end":{"line":55,"column":51}}],"line":55},"7":{"loc":{"start":{"line":61,"column":26},"end":{"line":61,"column":53}},"type":"binary-expr","locations":[{"start":{"line":61,"column":26},"end":{"line":61,"column":48}},{"start":{"line":61,"column":52},"end":{"line":61,"column":53}}],"line":61},"8":{"loc":{"start":{"line":62,"column":25},"end":{"line":62,"column":51}},"type":"binary-expr","locations":[{"start":{"line":62,"column":25},"end":{"line":62,"column":46}},{"start":{"line":62,"column":50},"end":{"line":62,"column":51}}],"line":62},"9":{"loc":{"start":{"line":63,"column":26},"end":{"line":63,"column":54}},"type":"binary-expr","locations":[{"start":{"line":63,"column":26},"end":{"line":63,"column":48}},{"start":{"line":63,"c
[...]
ations":[{"start":{"line":85,"column":6},"end":{"line":85,"column":29}},{"start":{"line":85,"column":33},"end":{"line":85,"column":56}}],"line":85},"7":{"loc":{"start":{"line":120,"column":18},"end":{"line":120,"column":64}},"type":"cond-expr","locations":[{"start":{"line":120,"column":46},"end":{"line":120,"column":51}},{"start":{"line":120,"column":54},"end":{"line":120,"column":64}}],"line":120},"8":{"loc":{"start":{"line":121,"column":6},"end":{"line":121,"column":57}},"type":"if","locations":[{"start":{"line":121,"column":6},"end":{"line":121,"column":57}},{"start":{},"end":{}}],"line":121},"9":{"loc":{"start":{"line":136,"column":18},"end":{"line":136,"column":60}},"type":"binary-expr","locations":[{"start":{"line":136,"column":18},"end":{"line":136,"column":44}},{"start":{"line":136,"column":48},"end":{"line":136,"column":60}}],"line":136},"10":{"loc":{"start":{"line":137,"column":6},"end":{"line":137,"column":58}},"type":"if","locations":[{"start":{"line":137,"column":6},"end":{"line":137,"column":58}},{"start":{},"end":{}}],"line":137},"11":{"loc":{"start":{"line":153,"column":4},"end":{"line":162,"column":5}},"type":"if","locations":[{"start":{"line":153,"column":4},"end":{"line":162,"column":5}},{"start":{},"end":{}}],"line":153},"12":{"loc":{"start":{"line":154,"column":21},"end":{"line":154,"column":44}},"type":"binary-expr","locations":[{"start":{"line":154,"column":21},"end":{"line":154,"column":38}},{"start":{"line":154,"column":42},"end":{"line":154,"column":44}}],"line":154},"13":{"loc":{"start":{"line":161,"column":43},"end":{"line":161,"column":77}},"type":"binary-expr","locations":[{"start":{"line":161,"column":43},"end":{"line":161,"column":47}},{"start":{"line":161,"column":51},"end":{"line":161,"column":77}}],"line":161},"14":{"loc":{"start":{"line":165,"column":24},"end":{"line":165,"column":98}},"type":"binary-expr","locations":[{"start":{"line":165,"column":24},"end":{"line":165,"column":60}},{"start":{"line":165,"column":64},"end":{"line":165,"column":68}},{"start":{"line":165,"column":72},"end":{"line":165,"column":98}}],"line":165},"15":{"loc":{"start":{"line":170,"column":32},"end":{"line":170,"column":66}},"type":"binary-expr","locations":[{"start":{"line":170,"column":32},"end":{"line":170,"column":36}},{"start":{"line":170,"column":40},"end":{"line":170,"column":66}}],"line":170}},"s":{"0":0,"1":0,"2":0,"3":0,"4":0,"5":0,"6":0,"7":0,"8":0,"9":0,"10":0,"11":0,"12":1,"13":0,"14":0,"15":0,"16":0,"17":0,"18":0,"19":0,"20":0,"21":0,"22":0,"23":0,"24":0,"25":0,"26":0,"27":0,"28":0,"29":0,"30":0,"31":0,"32":0,"33":0,"34":0,"35":0,"36":0,"37":0,"38":0,"39":0,"40":0,"41":0,"42":0,"43":0,"44":0,"45":0,"46":0,"47":0,"48":0},"f":{"0":0,"1":0,"2":0,"3":0,"4":0,"5":0,"6":0,"7":0},"b":{"0":[0,0],"1":[0,0],"2":[0,0],"3":[0,0],"4":[0,0],"5":[0,0],"6":[0,0],"7":[0,0],"8":[0,0],"9":[0,0],"10":[0,0],"11":[0,0],"12":[0,0],"13":[0,0],"14":[0,0,0],"15":[0,0]},"_coverageSchema":"1a1c01bbd47fc00a2c39e90264f33305004495a9","hash":"fd9ab44eb8f5bc29637934766ef401774fda1d9f"}
,"/Users/eseosaedosomwan/Documents/trae_projects/hairconnekt/apps/mobile/src/theme/tokens.ts": {"path":"/Users/eseosaedosomwan/Documents/trae_projects/hairconnekt/apps/mobile/src/theme/tokens.ts","statementMap":{"0":{"start":{"line":2,"column":22},"end":{"line":61,"column":10}},"1":{"start":{"line":63,"column":23},"end":{"line":70,"column":10}},"2":{"start":{"line":72,"column":21},"end":{"line":78,"column":10}},"3":{"start":{"line":80,"column":23},"end":{"line":102,"column":10}},"4":{"start":{"line":104,"column":26},"end":{"line":110,"column":10}},"5":{"start":{"line":112,"column":21},"end":{"line":112,"column":68}},"6":{"start":{"line":116,"column":46},"end":{"line":127,"column":1}},"7":{"start":{"line":129,"column":47},"end":{"line":131,"column":1}},"8":{"start":{"line":133,"column":50},"end":{"line":141,"column":1}}},"fnMap":{},"branchMap":{},"s":{"0":43,"1":43,"2":43,"3":43,"4":43,"5":43,"6":43,"7":43,"8":43},"f":{},"b":{},"_coverageSchema":"1a1c01bbd47fc00a2c39e90264f33305004495a9","hash":"4faa1fc4b26fe34dfa6cb9f17de94fe9c3e3e893"}
,"/Users/eseosaedosomwan/Documents/trae_projects/hairconnekt/apps/mobile/src/ui/index.tsx": {"path":"/Users/eseosaedosomwan/Documents/trae_projects/hairconnekt/apps/mobile/src/ui/index.tsx","statementMap":{"0":{"start":{"line":13,"column":41},"end":{"line":30,"column":1}},"1":{"start":{"line":18,"column":25},"end":{"line":28,"column":3}},"2":{"start":{"line":19,"column":4},"end":{"line":21,"column":5}},"3":{"start":{"line":20,"column":6},"end":{"line":20,"column":34}},"4":{"start":{"line":22,"column":4},"end":{"line":26,"column":5}},"5":{"start":{"line":23,"column":6},"end":{"line":25,"column":8}},"6":{"start":{"line":24,"column":8},"end":{"line":24,"column":99}},"7":{"start":{"line":27,"column":4},"end":{"line":27,"column":17}},"8":{"start":{"line":29,"column":2},"end":{"line":29,"column":78}},"9":{"start":{"line":36,"column":21},"end":{"line":36,"column":36}},"10":{"start":{"line":43,"column":22},"end":{"line":43,"column":38}},"11":{"start":{"line":45,"column":21},"end":{"line":45,"column":36}},"12":{"start":{"line":47,"column":15},"end":{"line":73,"column":2}}},"fnMap":{"0":{"name":"(anonymous_0)","decl":{"start":{"line":13,"column":41},"end":{"line":13,"column":42}},"loc":{"start":{"line":13,"column":66},"end":{"line":30,"column":1}},"line":13},"1":{"name":"(anonymous_1)","decl":{"start":{"line":18,"column":25},"end":{"line":18,"column":26}},"loc":{"start":{"line":18,"column":90},"end":{"line":28,"column":3}},"line":18},"2":{"name":"(anonymous_2)","decl":{"start":{"line":23,"column":23},"end":{"line":23,"column":24}},"loc":{"start":{"line":24,"column":8},"end":{"line":24,"column":99}},"line":24}},"branchMap":{"0":{"loc":{"start":{"line":19,"column":4},"end":{"line":21,"column":5}},"type":"if","locations":[{"start":{"line":19,"column":4},"end":{"line":21,"column":5}},{"start":{},"end":{}}],"line":19},"1":{"loc":{"start":{"line":19,"column":8},"end":{"line":19,"column":62}},"type":"binary-expr","locations":[{"start":{"line":19,"column":8},"end":{"line":19,"column":33}},{"start":{"line":19,"column":37},"end":{"line":19,"column":62}}],"line":19},"2":{"loc":{"start":{"line":22,"column":4},"end":{"line":26,"column":5}},"type":"if","locations":[{"start":{"line":22,"column":4},"end":{"line":26,"column":5}},{"start":{},"end":{}}],"line":22},"3":{"loc":{"start":{"line":24,"column":8},"end":{"line":24,"column":99}},"type":"cond-expr","locations":[{"start":{"line":24,"column":63},"end":{"line":24,"column":92}},{"start":{"line":24,"column":95},"end":{"line":24,"column":99}}],"line":24},"4":{"loc":{"start":{"line":24,"column":8},"end":{"line":24,"column":60}},"type":"binary-expr","locations":[{"start":{"line":24,"column":8},"end":{"line":24,"column":32}},{"start":{"line":24,"column":36},"end":{"line":24,"column":60}}],"line":24}},"s":{"0":4,"1":3,"2":3,"3":0,"4":3,"5":0,"6":0,"7":3,"8":3,"9":4,"10":4,"11":4,"12":4},"f":{"0":3,"1":3,"2":0},"b":{"0":[0,3],"1":[3,3],"2":[0,3],"3":[0,0],"4":[0,0]},"_coverageSchema":"1a1c01bbd47fc00a2c39e90264f33305004495a9","hash":"a7a52af17fd6f117c015c6a8e2e35fd7cae18365"}
,"/Users/eseosaedosomwan/Documents/trae_projects/hairconnekt/apps/mobile/src/utils/date.ts": {"path":"/Users/eseosaedosomwan/Documents/trae_projects/hairconnekt/apps/mobile/src/utils/date.ts","statementMap":{"0":{"start":{"line":1,"column":28},"end":{"line":28,"column":1}},"1":{"start":{"line":2,"column":12},"end":{"line":2,"column":34}},"2":{"start":{"line":4,"column":2},"end":{"line":4,"column":36}},"3":{"start":{"line":4,"column":27},"end":{"line":4,"column":36}},"4":{"start":{"line":5,"column":2},"end":{"line":5,"column":36}},"5":{"start":{"line":5,"column":27},"end":{"line":5,"column":36}},"6":{"start":{"line":6,"column":2},"end":{"line":6,"column":36}},"7":{"start":{"line":6,"column":27},"end":{"line":6,"column":36}},"8":{"start":{"line":7,"column":2},"end":{"line":7,"column":36}},"9":{"start":{"line":7,"column":27},"end":{"line":7,"column":36}},"10":{"start":{"line":8,"column":2},"end":{"line":8,"column":36}},"11":{"start":{"line":8,"column":27},"end":{"line":8,"column":36}},"12":{"start":{"line":9,"column":2},"end":{"line":9,"column":36}},"13":{"start":{"line":9,"column":27},"end":{"line":9,"column":36}},"14":{"start":{"line":10,"column":2},"end":{"line":10,"column":36}},"15":{"start":{"line":10,"column":27},"end":{"line":10,"column":36}},"16":{"start":{"line":12,"column":2},"end":{"line":12,"column":35}},"17":{"start":{"line":12,"column":26},"end":{"line":12,"column":35}},"18":{"start":{"line":13,"column":2},"end":{"line":13,"column":35}},"19":{"start":{"line":13,"column":26},"end":{"line":13,"column":35}},"20":{"start":{"line":14,"column":2},"end":{"line":14,"column":35}},"21":{"start":{"line":14,"column":26},"end":{"line":14,"column":35}},"22":{"start":{"line":15,"column":2},"end":{"line":15,"column":35}},"23":{"start":{"line":15,"column":26},"end":{"line":15,"column":35}},"24":{"start":{"line":16,"column":2},"end":{"line":16,"column":35}},"25":{"start":{"line":16,"column":26},"end":{"line":16,"column":35}},"26":{"start":{"line":17,"column":2},"end":{"line":17,"column":35}},"27":{"start":{"line":17,"column":26},"end":{"line":17,"column":35}},"28":{"start":{"line":18,"column":2},"end":{"line":18,"column":35}},"29":{"start":{"line":18,"column":26},"end":{"line":18,"column":35}},"30":{"start":{"line":21,"column":12},"end":{"line":21,"column":27}},"31":{"start":{"line":22,"column":2},"end":{"line":22,"column":46}},"32":{"start":{"line":22,"column":37},"end":{"line":22,"column":46}},"33":{"start":{"line":27,"column":2},"end":{"line":27,"column":12}}},"fnMap":{"0":{"name":"(anonymous_0)","decl":{"start":{"line":1,"column":28},"end":{"line":1,"column":29}},"loc":{"start":{"line":1,"column":51},"end":{"line":28,"column":1}},"line":1}},"branchMap":{"0":{"loc":{"start":{"line":4,"column":2},"end":{"line":4,"column":36}},"type":"if","locations":[{"start":{"line":4,"column":2},"end":{"line":4,"column":36}},{"start":{},"end":{}}],"line":4},"1":{"loc":{"start":{"line":5,"column":2},"end":{"line":5,"column":36}},"type":"if","locations":[{"start":{"line":5,"column":2},"end":{"line":5,"column":36}},{"start":{},"end":{}}],"line":5},"2":{"loc":{"start":{"line":6,"column":2},"end":{"line":6,"column":36}},"type":"if","locations":[{"start":{"line":6,"column":2},"end":{"line":6,"column":36}},{"start":{},"end":{}}],"line":6},"3":{"loc":{"start":{"line":7,"column":2},"end":{"line":7,"column":36}},"type":"if","locations":[{"start":{"line":7,"column":2},"end":{"line":7,"column":36}},{"start":{},"end":{}}],"line":7},"4":{"loc":{"start":{"line":8,"column":2},"end":{"line":8,"column":36}},"type":"if","locations":[{"start":{"line":8,"column":2},"end":{"line":8,"column":36}},{"start":{},"end":{}}],"line":8},"5":{"loc":{"start":{"line":9,"column":2},"end":{"line":9,"column":36}},"type":"if","locations":[{"start":{"line":9,"column":2},"end":{"line":9,"column":36}},{"start":{},"end":{}}],"line":9},"6":{"loc":{"start":{"line":10,"column":2},"end":{"line":10,"column":36}},"type":"if","locations":[{"start":{"line":10,"column":2},"end":{"line":10,"column":36}},{"start":{},"end":{}}],"line":10},"7":{"loc":{"start":{"line":12,"column":2},"end":{"line":12,"column":35}},"type":"if","locations":[{"start":{"line":12,"column":2},"end":{"line":12,"column":35}},{"start":{},"end":{}}],"line":12},"8":{"loc":{"start":{"line":13,"column":2},"end":{"line":13,"column":35}},"type":"if","locations":[{"start":{"line":13,"column":2},"end":{"line":13,"column":35}},{"start":{},"end":{}}],"line":13},"9":{"loc":{"start":{"line":14,"column":2},"end":{"line":14,"column":35}},"type":"if","locations":[{"start":{"line":14,"column":2},"end":{"line":14,"column":35}},{"start":{},"end":{}}],"line":14},"10":{"loc":{"start":{"line":15,"column":2},"end":{"line":15,"column":35}},"type":"if","locations":[{"start":{"line":15,"column":2},"end":{"line":15,"column":35}},{"start":{},"end":{}}],"line":15},"11":{"loc":{"start":{"line":16,"column":2},"end":{"line":16,"column":35}},"type":"if","locations":[{"start":{"line":16,"column":2},"end":{"line":16,"column":35}},{"start":{},"end":{}}],"line":16},"12":{"loc":{"start":{"line":17,"column":2},"end":{"line":17,"column":35}},"type":"if","locations":[{"start":{"line":17,"column":2},"end":{"line":17,"column":35}},{"start":{},"end":{}}],"line":17},"13":{"loc":{"start":{"line":18,"column":2},"end":{"line":18,"column":35}},"type":"if","locations":[{"start":{"line":18,"column":2},"end":{"line":18,"column":35}},{"start":{},"end":{}}],"line":18},"14":{"loc":{"start":{"line":22,"column":2},"end":{"line":22,"column":46}},"type":"if","locations":[{"start":{"line":22,"column":2},"end":{"line":22,"column":46}},{"start":{},"end":{}}],"line":22},"15":{"loc":{"start":{"line":22,"column":6},"end":{"line":22,"column":35}},"type":"binary-expr","locations":[{"start":{"line":22,"column":6},"end":{"line":22,"column":15}},{"start":{"line":22,"column":19},"end":{"line":22,"column":25}},{"start":{"line":22,"column":29},"end":{"line":22,"column":35}}],"line":22}},"s":{"0":2,"1":30,"2":30,"3":4,"4":26,"5":1,"6":25,"7":1,"8":24,"9":2,"10":22,"11":1,"12":21,"13":1,"14":20,"15":2,"16":18,"17":1,"18":17,"19":3,"20":14,"21":2,"22":12,"23":2,"24":10,"25":2,"26":8,"27":2,"28":6,"29":2,"30":4,"31":4,"32":2,"33":2},"f":{"0":30},"b":{"0":[4,26],"1":[1,25],"2":[1,24],"3":[2,22],"4":[1,21],"5":[1,20],"6":[2,18],"7":[1,17],"8":[3,14],"9":[2,12],"10":[2,10],"11":[2,8],"12":[2,6],"13":[2,4],"14":[2,2],"15":[4,2,2]},"_coverageSchema":"1a1c01bbd47fc00a2c39e90264f33305004495a9","hash":"ea8ae99e7448d78f8bb2db8474e95b0486849e56"}
,"/Users/eseosaedosomwan/Documents/trae_projects/hairconnekt/apps/mobile/src/utils/imageUrl.ts": {"path":"/Users/eseosaedosomwan/Documents/trae_projects/hairconnekt/apps/mobile/src/utils/imageUrl.ts","statementMap":{"0":{"start":{"line":7,"column":33},"end":{"line":7,"column":45}},"1":{"start":{"line":9,"column":34},"end":{"line":9,"column":50}}},"fnMap":{},"branchMap":{},"s":{"0":10,"1":10},"f":{},"b":{},"_coverageSchema":"1a1c01bbd47fc00a2c39e90264f33305004495a9","hash":"d9b0692fb34a495c7c1e12648a1ee8cd50f64a67"}
,"/Users/eseosaedosomwan/Documents/trae_projects/hairconnekt/apps/mobile/src/utils/styleImages.ts": {"path":"/Users/eseosaedosomwan/Documents/trae_projects/hairconnekt/apps/mobile/src/utils/styleImages.ts","statementMap":{"0":{"start":{"line":3,"column":57},"end":{"line":10,"column":1}},"1":{"start":{"line":12,"column":29},"end":{"line":24,"column":1}},"2":{"start":{"line":13,"column":27},"end":{"line":13,"column":45}},"3":{"start":{"line":16,"column":16},"end":{"line":16,"column":78}},"4":{"start":{"line":16,"column":51},"end":{"line":16,"column":77}},"5":{"start":{"line":18,"column":4},"end":{"line":20,"column":5}},"6":{"start":{"line":19,"column":8},"end":{"line":19,"column":32}},"7":{"start":{"line":23,"column":4},"end":{"line":23,"column":145}}},"fnMap":{"0":{"name":"(anonymous_0)","decl":{"start":{"line":12,"column":29},"end":{"line":12,"column":30}},"loc":{"start":{"line":12,"column":106},"end":{"line":24,"column":1}},"line":12},"1":{"name":"(anonymous_1)","decl":{"start":{"line":16,"column":46},"end":{"line":16,"column":47}},"loc":{"start":{"line":16,"column":51},"end":{"line":16,"column":77}},"line":16}},"branchMap":{"0":{"loc":{"start":{"line":18,"column":4},"end":{"line":20,"column":5}},"type":"if","locations":[{"start":{"line":18,"column":4},"end":{"line":20,"column":5}},{"start":{},"end":{}}],"line":18},"1":{"loc":{"start":{"line":23,"column":11},"end":{"line":23,"column":144}},"type":"cond-expr","locations":[{"start":{"line":23,"column":23},"end":{"line":23,"column":41}},{"start":{"line":23,"column":44},"end":{"line":23,"column":144}}],"line":23}},"s":{"0":3,"1":3,"2":36,"3":36,"4":120,"5":36,"6":27,"7":9},"f":{"0":36,"1":120},"b":{"0":[27,9],"1":[0,9]},"_coverageSchema":"1a1c01bbd47fc00a2c39e90264f33305004495a9","hash":"7f096e3df7b0a4e2a7efb7f5813b86fe3c72cbef"}
,"/Users/eseosaedosomwan/Documents/trae_projects/hairconnekt/apps/mobile/src/utils/url.ts": {"path":"/Users/eseosaedosomwan/Documents/trae_projects/hairconnekt/apps/mobile/src/utils/url.ts","statementMap":{"0":{"start":{"line":3,"column":30},"end":{"line":3,"column":84}},"1":{"start":{"line":9,"column":16},"end":{"line":9,"column":58}},"2":{"start":{"line":10,"column":2},"end":{"line":12,"column":3}},"3":{"start":{"line":11,"column":4},"end":{"line":11,"column":20}},"4":{"start":{"line":13,"column":2},"end":{"line":13,"column":13}},"5":{"start":{"line":25,"column":2},"end":{"line":25,"column":29}},"6":{"start":{"line":25,"column":12},"end":{"line":25,"column":29}},"7":{"start":{"line":28,"column":2},"end":{"line":37,"column":3}},"8":{"start":{"line":30,"column":4},"end":{"line":32,"column":5}},"9":{"start":{"line":31,"column":6},"end":{"line":31,"column":96}},"10":{"start":{"line":33,"column":4},"end":{"line":35,"column":5}},"11":{"start":{"line":34,"column":6},"end":{"line":34,"column":96}},"12":{"start":{"line":36,"column":4},"end":{"line":36,"column":15}},"13":{"start":{"line":41,"column":19},"end":{"line":41,"column":63}},"14":{"start":{"line":43,"column":2},"end":{"line":43,"column":41}},"15":{"start":{"line":50,"column":2},"end":{"line":52,"column":43}},"16":{"start":{"line":52,"column":36},"end":{"line":52,"column":41}}},"fnMap":{"0":{"name":"stripUploadsPrefix","decl":{"start":{"line":8,"column":9},"end":{"line":8,"column":27}},"loc":{"start":{"line":8,"column":49},"end":{"line":14,"column":1}},"line":8},"1":{"name":"normalizeUrl","decl":{"start":{"line":24,"column":16},"end":{"line":24,"column":28}},"loc":{"start":{"line":24,"column":81},"end":{"line":44,"column":1}},"line":24},"2":{"name":"normalizeUrlList","decl":{"start":{"line":49,"column":16},"end":{"line":49,"column":32}},"loc":{"start":{"line":49,"column":80},"end":{"line":53,"column":1}},"line":49},"3":{"name":"(anonymous_3)","decl":{"start":{"line":52,"column":12},"end":{"line":52,"column":13}},"loc":{"start":{"line":52,"column":36},"end":{"line":52,"column":41}},"line":52}},"branchMap":{"0":{"loc":{"start":{"line":10,"column":2},"end":{"line":12,"column":3}},"type":"if","locations":[{"start":{"line":10,"column":2},"end":{"line":12,"column":3}},{"start":{},"end":{}}],"line":10},"1":{"loc":{"start":{"line":10,"column":6},"end":{"line":10,"column":23}},"type":"binary-expr","locations":[{"start":{"line":10,"column":6},"end":{"line":10,"column":11}},{"start":{"line":10,"column":15},"end":{"line":10,"column":23}}],"line":10},"2":{"loc":{"start":{"line":25,"column":2},"end":{"line":25,"column":29}},"type":"if","locations":[{"start":{"line":25,"column":2},"end":{"line":25,"column":29}},{"start":{},"end":{}}],"line":25},"3":{"loc":{"start":{"line":28,"column":2},"end":{"line":37,"column":3}},"type":"if","locations":[{"start":{"line":28,"column":2},"end":{"line":37,"column":3}},{"start":{},"end":{}}],"line":28},"4":{"loc":{"start":{"line":28,"column":6},"end":{"line":28,"column":117}},"type":"binary-expr","locations":[{"start":{"line":28,"column":6},"end":{"line":28,"column":31}},{"start":{"line":28,"column":35},"end":{"line":28,"column":61}},{"start":{"line":28,"column":65},"end":{"line":28,"column":90}},{"start":{"line":28,"column":94},"end":{"line":28,"column":117}}],"line":28},"5":{"loc":{"start":{"line":30,"column":4},"end":{"line":32,"column":5}},"type":"if","locations":[{"start":{"line":30,"column":4},"end":{"line":32,"column":5}},{"start":{},"end":{}}],"line":30},"6":{"loc":{"start":{"line":33,"column":4},"end":{"line":35,"column":5}},"type":"if","locations":[{"start":{"line":33,"column":4},"end":{"line":35,"column":5}},{"start":{},"end":{}}],"line":33}},"s":{"0":31,"1":0,"2":0,"3":0,"4":0,"5":104,"6":38,"7":66,"8":56,"9":0,"10":56,"11":0,"12":56,"13":10,"14":10,"15":1,"16":6},"f":{"0":0,"1":104,"2":1,"3":6},"b":{"0":[0,0],"1":[0,0],"2":[38,66],"3":[56,10],"4":[66,45,10,10],"5":[0,56],"6":[0,56]},"_coverageSchema":"1a1c01bbd47fc00a2c39e90264f33305004495a9","hash":"9d6c345ccde4b417a4333116fc3d9e23f0718747"}
}
