TN:
SF:assets/styles/braids.jpg
FNF:0
FNH:0
DA:1,3
LF:1
LH:1
BRF:0
BRH:0
end_of_record
TN:
SF:assets/styles/locs.jpg
FNF:0
FNH:0
DA:1,3
LF:1
LH:1
BRF:0
BRH:0
end_of_record
TN:
SF:assets/styles/microblading.jpg
FNF:0
FNH:0
DA:1,3
LF:1
LH:1
BRF:0
BRH:0
end_of_record
TN:
SF:assets/styles/twists.jpg
FNF:0
FNH:0
DA:1,3
LF:1
LH:1
BRF:0
BRH:0
end_of_record
TN:
SF:src/config.ts
FN:5,resolveDevHostFromRN
FNF:1
FNH:0
FNDA:0,resolveDevHostFromRN
DA:6,0
DA:7,0
DA:11,0
DA:12,0
DA:13,0
DA:14,0
DA:15,0
DA:19,0
DA:23,26
DA:26,26
DA:27,26
DA:30,26
DA:32,26
DA:37,26
DA:38,26
DA:39,26
DA:40,26
DA:45,26
DA:46,26
DA:47,26
DA:48,26
DA:49,26
DA:50,26
DA:51,26
DA:52,26
DA:53,0
DA:55,26
LF:27
LH:18
BRDA:11,0,0,0
BRDA:11,0,1,0
BRDA:14,1,0,0
BRDA:14,1,1,0
BRDA:14,2,0,0
BRDA:14,2,1,0
BRDA:23,3,0,0
BRDA:23,3,1,26
BRDA:32,4,0,0
BRDA:32,4,1,26
BRDA:32,5,0,26
BRDA:32,5,1,0
BRDA:39,6,0,0
BRDA:39,6,1,26
BRDA:40,7,0,26
BRDA:40,7,1,26
BRDA:45,8,0,26
BRDA:45,8,1,0
BRDA:45,9,0,26
BRDA:45,9,1,26
BRDA:48,10,0,26
BRDA:48,10,1,26
BRDA:50,11,0,26
BRDA:50,11,1,0
BRDA:50,12,0,26
BRDA:50,12,1,26
BRDA:52,13,0,0
BRDA:52,13,1,26
BRF:28
BRH:15
end_of_record
TN:
SF:src/api/clientBooking.ts
FN:8,(anonymous_0)
FN:19,(anonymous_1)
FN:29,(anonymous_2)
FN:37,(anonymous_3)
FNF:4
FNH:1
FNDA:0,(anonymous_0)
FNDA:9,(anonymous_1)
FNDA:0,(anonymous_2)
FNDA:0,(anonymous_3)
DA:7,5
DA:9,0
DA:10,0
DA:11,0
DA:12,0
DA:13,0
DA:15,0
DA:20,9
DA:21,9
DA:22,9
DA:23,9
DA:25,0
DA:30,0
DA:31,0
DA:33,0
DA:44,0
DA:45,0
DA:46,0
DA:48,0
LF:19
LH:5
BRDA:12,0,0,0
BRDA:12,0,1,0
BRDA:12,1,0,0
BRDA:12,1,1,0
BRDA:22,2,0,9
BRDA:22,2,1,0
BRF:6
BRH:1
end_of_record
TN:
SF:src/api/http.ts
FN:15,setAuthDisabled
FN:20,(anonymous_1)
FN:57,refreshTokenFlow
FN:60,(anonymous_3)
FN:74,(anonymous_4)
FN:77,(anonymous_5)
FN:92,abortAuthRefresh
FN:94,(anonymous_7)
FN:101,(anonymous_8)
FN:102,(anonymous_9)
FNF:10
FNH:5
FNDA:1,setAuthDisabled
FNDA:6,(anonymous_1)
FNDA:1,refreshTokenFlow
FNDA:0,(anonymous_3)
FNDA:0,(anonymous_4)
FNDA:0,(anonymous_5)
FNDA:0,abortAuthRefresh
FNDA:0,(anonymous_7)
FNDA:1,(anonymous_8)
FNDA:1,(anonymous_9)
DA:7,13
DA:9,13
DA:10,13
DA:14,13
DA:16,1
DA:20,13
DA:22,6
DA:23,6
DA:24,6
DA:25,6
DA:26,6
DA:29,6
DA:30,5
DA:31,5
DA:32,0
DA:33,0
DA:34,0
DA:37,5
DA:38,5
DA:39,5
DA:40,5
DA:41,5
DA:43,5
DA:44,0
DA:45,0
DA:46,0
DA:49,5
DA:52,13
DA:55,13
DA:59,1
DA:60,0
DA:62,1
DA:63,1
DA:64,1
DA:65,1
DA:67,0
DA:70,0
DA:71,0
DA:72,0
DA:73,0
DA:74,0
DA:75,0
DA:77,1
DA:78,1
DA:79,1
DA:80,1
DA:82,1
DA:83,1
DA:84,1
DA:86,1
DA:87,1
DA:93,0
DA:94,0
DA:96,0
DA:97,0
DA:100,13
DA:101,1
DA:103,1
DA:104,1
DA:105,1
DA:106,1
DA:107,1
DA:108,1
DA:109,1
DA:113,1
DA:114,1
DA:115,1
DA:116,1
DA:117,1
DA:119,1
DA:120,1
DA:121,1
DA:123,0
DA:124,0
DA:125,0
DA:126,0
DA:128,1
DA:133,0
DA:134,0
DA:135,0
DA:144,0
DA:145,0
DA:146,0
DA:149,0
LF:84
LH:55
BRDA:9,0,0,13
BRDA:9,0,1,0
BRDA:9,1,0,13
BRDA:9,1,1,13
BRDA:24,2,0,6
BRDA:24,2,1,0
BRDA:24,3,0,6
BRDA:24,3,1,6
BRDA:29,4,0,1
BRDA:29,4,1,5
BRDA:29,5,0,6
BRDA:29,5,1,6
BRDA:31,6,0,0
BRDA:31,6,1,5
BRDA:32,7,0,0
BRDA:32,7,1,0
BRDA:32,8,0,0
BRDA:32,8,1,0
BRDA:39,9,0,5
BRDA:39,9,1,5
BRDA:40,10,0,5
BRDA:40,10,1,0
BRDA:41,11,0,5
BRDA:41,11,1,5
BRDA:43,12,0,0
BRDA:43,12,1,5
BRDA:44,13,0,0
BRDA:44,13,1,0
BRDA:44,14,0,0
BRDA:44,14,1,0
BRDA:59,15,0,0
BRDA:59,15,1,1
BRDA:65,16,0,1
BRDA:65,16,1,0
BRDA:72,17,0,0
BRDA:72,17,1,0
BRDA:107,18,0,1
BRDA:107,18,1,0
BRDA:107,19,0,1
BRDA:107,19,1,1
BRDA:113,20,0,1
BRDA:113,20,1,0
BRDA:113,21,0,1
BRDA:113,21,1,1
BRDA:113,21,2,1
BRDA:113,21,3,1
BRDA:113,21,4,1
BRDA:117,22,0,1
BRDA:117,22,1,0
BRDA:123,23,0,0
BRDA:123,23,1,0
BRDA:123,24,0,0
BRDA:123,24,1,0
BRDA:133,25,0,0
BRDA:133,25,1,0
BRDA:134,26,0,0
BRDA:134,26,1,0
BRDA:144,27,0,0
BRDA:144,27,1,0
BRDA:144,28,0,0
BRDA:144,28,1,0
BRDA:145,29,0,0
BRDA:145,29,1,0
BRDA:146,30,0,0
BRDA:146,30,1,0
BRF:65
BRH:29
end_of_record
TN:
SF:src/api/notifications.ts
FN:18,(anonymous_0)
FN:33,(anonymous_1)
FN:38,(anonymous_2)
FN:43,(anonymous_3)
FN:48,(anonymous_4)
FN:53,(anonymous_5)
FNF:6
FNH:0
FNDA:0,(anonymous_0)
FNDA:0,(anonymous_1)
FNDA:0,(anonymous_2)
FNDA:0,(anonymous_3)
FNDA:0,(anonymous_4)
FNDA:0,(anonymous_5)
DA:17,1
DA:19,0
DA:20,0
DA:22,0
DA:23,0
DA:29,0
DA:30,0
DA:34,0
DA:35,0
DA:39,0
DA:40,0
DA:44,0
DA:45,0
DA:49,0
DA:50,0
DA:54,0
DA:55,0
LF:17
LH:1
BRDA:18,0,0,0
BRDA:22,1,0,0
BRDA:22,1,1,0
BRDA:22,2,0,0
BRDA:22,2,1,0
BRDA:22,2,2,0
BRDA:25,3,0,0
BRDA:25,3,1,0
BRDA:29,4,0,0
BRDA:29,4,1,0
BRF:10
BRH:0
end_of_record
TN:
SF:src/api/adapters/appointmentAdapter.ts
FN:39,(anonymous_0)
FN:44,(anonymous_1)
FN:50,(anonymous_2)
FN:62,(anonymous_3)
FNF:4
FNH:4
FNDA:4,(anonymous_0)
FNDA:4,(anonymous_1)
FNDA:4,(anonymous_2)
FNDA:4,(anonymous_3)
DA:38,1
DA:40,4
DA:41,4
DA:44,4
DA:45,4
DA:46,3
DA:50,4
DA:51,4
DA:52,3
DA:53,3
DA:54,3
DA:55,2
DA:56,1
DA:58,1
DA:62,4
DA:63,4
DA:65,0
DA:68,4
DA:78,4
DA:85,4
LF:20
LH:19
BRDA:40,0,0,4
BRDA:40,0,1,1
BRDA:41,1,0,4
BRDA:41,1,1,1
BRDA:45,2,0,1
BRDA:45,2,1,3
BRDA:46,3,0,3
BRDA:46,3,1,3
BRDA:51,4,0,3
BRDA:51,4,1,1
BRDA:54,5,0,1
BRDA:54,5,1,2
BRDA:54,6,0,3
BRDA:54,6,1,2
BRDA:55,7,0,1
BRDA:55,7,1,1
BRDA:58,8,0,1
BRDA:58,8,1,1
BRDA:63,9,0,4
BRDA:63,9,1,0
BRDA:69,10,0,4
BRDA:69,10,1,1
BRDA:70,11,0,4
BRDA:70,11,1,1
BRDA:70,11,2,1
BRDA:71,12,0,4
BRDA:71,12,1,4
BRDA:72,13,0,4
BRDA:72,13,1,1
BRDA:73,14,0,4
BRDA:73,14,1,4
BRDA:74,15,0,4
BRDA:74,15,1,1
BRDA:75,16,0,4
BRDA:75,16,1,4
BRDA:79,17,0,4
BRDA:79,17,1,3
BRDA:82,18,0,4
BRDA:82,18,1,3
BRDA:89,19,0,4
BRDA:89,19,1,1
BRDA:90,20,0,4
BRDA:90,20,1,1
BRDA:91,21,0,4
BRDA:91,21,1,4
BRDA:92,22,0,4
BRDA:92,22,1,4
BRDA:93,23,0,4
BRDA:93,23,1,4
BRDA:96,24,0,4
BRDA:96,24,1,1
BRF:51
BRH:50
end_of_record
TN:
SF:src/api/adapters/bookingAdapter.ts
FN:39,(anonymous_0)
FNF:1
FNH:1
FNDA:11,(anonymous_0)
DA:38,6
DA:40,11
DA:41,11
DA:42,11
DA:44,11
LF:5
LH:5
BRDA:40,0,0,5
BRDA:40,0,1,6
BRDA:41,1,0,4
BRDA:41,1,1,7
BRDA:42,2,0,11
BRDA:42,2,1,0
BRDA:46,3,0,10
BRDA:46,3,1,1
BRDA:47,4,0,11
BRDA:47,4,1,1
BRDA:47,4,2,0
BRDA:48,5,0,11
BRDA:48,5,1,1
BRDA:50,6,0,11
BRDA:50,6,1,4
BRDA:50,6,2,7
BRDA:51,7,0,11
BRDA:51,7,1,6
BRDA:52,8,0,11
BRDA:52,8,1,1
BRDA:53,9,0,11
BRDA:53,9,1,1
BRDA:54,10,0,11
BRDA:54,10,1,11
BRDA:54,10,2,1
BRDA:55,11,0,4
BRDA:55,11,1,7
BRDA:55,12,0,11
BRDA:55,12,1,4
BRDA:58,13,0,5
BRDA:58,13,1,6
BRDA:61,14,0,11
BRDA:61,14,1,10
BRDA:62,15,0,11
BRDA:62,15,1,2
BRDA:67,16,0,11
BRDA:67,16,1,11
BRDA:68,17,0,11
BRDA:68,17,1,11
BRF:39
BRH:37
end_of_record
TN:
SF:src/api/adapters/braiderAdapter.ts
FN:44,(anonymous_0)
FN:61,(anonymous_1)
FN:87,(anonymous_2)
FN:103,(anonymous_3)
FN:129,(anonymous_4)
FN:155,(anonymous_5)
FN:158,(anonymous_6)
FN:184,(anonymous_7)
FN:192,(anonymous_8)
FN:201,(anonymous_9)
FN:201,(anonymous_10)
FN:204,(anonymous_11)
FNF:12
FNH:7
FNDA:13,(anonymous_0)
FNDA:18,(anonymous_1)
FNDA:5,(anonymous_2)
FNDA:0,(anonymous_3)
FNDA:0,(anonymous_4)
FNDA:5,(anonymous_5)
FNDA:7,(anonymous_6)
FNDA:7,(anonymous_7)
FNDA:35,(anonymous_8)
FNDA:0,(anonymous_9)
FNDA:0,(anonymous_10)
FNDA:0,(anonymous_11)
DA:43,3
DA:45,13
DA:63,18
DA:66,16
DA:67,15
DA:70,14
DA:73,13
DA:74,12
DA:77,11
DA:78,10
DA:81,10
DA:82,10
DA:84,10
DA:88,5
DA:89,5
DA:93,5
DA:101,5
DA:103,5
DA:104,0
DA:105,0
DA:107,0
DA:108,0
DA:109,0
DA:110,0
DA:111,0
DA:112,0
DA:113,0
DA:114,0
DA:116,0
DA:120,0
DA:129,5
DA:134,5
DA:156,5
DA:158,5
DA:159,7
DA:161,2
DA:163,2
DA:164,2
DA:167,0
DA:168,0
DA:170,5
DA:171,5
DA:172,5
DA:173,1
DA:174,0
DA:175,0
DA:176,0
DA:177,0
DA:178,0
DA:180,0
DA:183,5
DA:184,5
DA:185,7
DA:186,7
DA:187,7
DA:189,7
DA:192,35
DA:201,0
DA:204,0
LF:59
LH:37
BRDA:50,0,0,13
BRDA:50,0,1,13
BRDA:51,1,0,13
BRDA:51,1,1,13
BRDA:53,2,0,13
BRDA:53,2,1,13
BRDA:63,3,0,2
BRDA:63,3,1,16
BRDA:66,4,0,1
BRDA:66,4,1,15
BRDA:67,5,0,1
BRDA:67,5,1,14
BRDA:70,6,0,1
BRDA:70,6,1,13
BRDA:73,7,0,1
BRDA:73,7,1,12
BRDA:74,8,0,1
BRDA:74,8,1,11
BRDA:77,9,0,1
BRDA:77,9,1,10
BRDA:78,10,0,0
BRDA:78,10,1,10
BRDA:81,11,0,0
BRDA:81,11,1,10
BRDA:82,12,0,0
BRDA:82,12,1,10
BRDA:89,13,0,5
BRDA:89,13,1,0
BRDA:93,14,0,5
BRDA:93,14,1,5
BRDA:104,15,0,0
BRDA:104,15,1,0
BRDA:105,16,0,0
BRDA:105,16,1,0
BRDA:108,17,0,0
BRDA:108,17,1,0
BRDA:110,18,0,0
BRDA:110,18,1,0
BRDA:110,19,0,0
BRDA:110,19,1,0
BRDA:113,20,0,0
BRDA:113,20,1,0
BRDA:123,21,0,0
BRDA:123,21,1,0
BRDA:125,22,0,0
BRDA:125,22,1,0
BRDA:136,23,0,5
BRDA:136,23,1,5
BRDA:141,24,0,5
BRDA:141,24,1,5
BRDA:141,24,2,5
BRDA:142,25,0,5
BRDA:142,25,1,5
BRDA:143,26,0,5
BRDA:143,26,1,5
BRDA:143,26,2,5
BRDA:147,27,0,0
BRDA:147,27,1,5
BRDA:147,28,0,5
BRDA:147,28,1,0
BRDA:147,29,0,5
BRDA:147,29,1,5
BRDA:148,30,0,0
BRDA:148,30,1,5
BRDA:148,31,0,5
BRDA:148,31,1,0
BRDA:159,32,0,2
BRDA:159,32,1,5
BRDA:163,33,0,2
BRDA:163,33,1,0
BRDA:163,34,0,2
BRDA:163,34,1,2
BRDA:167,35,0,0
BRDA:167,35,1,0
BRDA:170,36,0,5
BRDA:170,36,1,0
BRDA:172,37,0,4
BRDA:172,37,1,1
BRDA:173,38,0,1
BRDA:173,38,1,0
BRDA:173,39,0,1
BRDA:173,39,1,0
BRDA:174,40,0,0
BRDA:174,40,1,0
BRDA:174,41,0,0
BRDA:174,41,1,0
BRDA:175,42,0,0
BRDA:175,42,1,0
BRDA:175,43,0,0
BRDA:175,43,1,0
BRDA:176,44,0,0
BRDA:176,44,1,0
BRDA:176,45,0,0
BRDA:176,45,1,0
BRDA:177,46,0,0
BRDA:177,46,1,0
BRDA:177,47,0,0
BRDA:177,47,1,0
BRDA:178,48,0,0
BRDA:178,48,1,0
BRDA:178,49,0,0
BRDA:178,49,1,0
BRDA:183,50,0,5
BRDA:183,50,1,1
BRDA:183,50,2,0
BRDA:186,51,0,7
BRDA:186,51,1,0
BRDA:194,52,0,35
BRDA:194,52,1,28
BRDA:200,53,0,0
BRDA:200,53,1,5
BRDA:200,54,0,5
BRDA:200,54,1,0
BRDA:204,55,0,0
BRDA:204,55,1,5
BRDA:204,56,0,5
BRDA:204,56,1,0
BRDA:204,57,0,0
BRDA:204,57,1,0
BRDA:208,58,0,0
BRDA:208,58,1,0
BRDA:211,59,0,0
BRDA:211,59,1,0
BRF:123
BRH:61
end_of_record
TN:
SF:src/api/adapters/clientAdapter.ts
FN:30,(anonymous_0)
FN:56,(anonymous_1)
FNF:2
FNH:2
FNDA:3,(anonymous_0)
FNDA:3,(anonymous_1)
DA:29,1
DA:31,3
DA:32,3
DA:33,3
DA:40,3
DA:41,3
DA:42,3
DA:44,3
DA:45,2
DA:47,2
DA:48,2
DA:50,1
DA:51,1
DA:52,1
DA:56,3
DA:57,3
DA:58,3
DA:59,3
DA:60,3
DA:61,3
DA:62,3
DA:63,3
DA:64,2
DA:65,0
DA:68,3
DA:75,3
LF:26
LH:25
BRDA:31,0,0,3
BRDA:31,0,1,2
BRDA:31,0,2,1
BRDA:32,1,0,3
BRDA:32,1,1,3
BRDA:32,1,2,3
BRDA:33,2,0,3
BRDA:33,2,1,3
BRDA:44,3,0,2
BRDA:44,3,1,1
BRDA:45,4,0,2
BRDA:45,4,1,1
BRDA:47,5,0,2
BRDA:47,5,1,1
BRDA:50,6,0,1
BRDA:50,6,1,0
BRDA:51,7,0,1
BRDA:51,7,1,0
BRDA:57,8,0,0
BRDA:57,8,1,3
BRDA:63,9,0,1
BRDA:63,9,1,2
BRF:22
BRH:19
end_of_record
TN:
SF:src/api/adapters/providerAdapter.ts
FN:40,(anonymous_0)
FN:83,(anonymous_1)
FN:85,(anonymous_2)
FN:93,(anonymous_3)
FNF:4
FNH:3
FNDA:2,(anonymous_0)
FNDA:1,(anonymous_1)
FNDA:2,(anonymous_2)
FNDA:0,(anonymous_3)
DA:39,1
DA:41,2
DA:43,2
DA:84,1
DA:85,2
DA:94,0
LF:6
LH:5
BRDA:41,0,0,2
BRDA:41,0,1,1
BRDA:45,1,0,2
BRDA:45,1,1,1
BRDA:46,2,0,2
BRDA:46,2,1,1
BRDA:48,3,0,2
BRDA:48,3,1,1
BRDA:49,4,0,2
BRDA:49,4,1,1
BRDA:54,5,0,2
BRDA:54,5,1,1
BRDA:55,6,0,2
BRDA:55,6,1,2
BRDA:61,7,0,2
BRDA:61,7,1,2
BRDA:62,8,0,2
BRDA:62,8,1,2
BRDA:63,9,0,2
BRDA:63,9,1,2
BRDA:84,10,0,0
BRDA:84,10,1,1
BRDA:89,11,0,2
BRDA:89,11,1,0
BRF:24
BRH:22
end_of_record
TN:
SF:src/auth/tokenStorage.ts
FN:5,lsGetItem
FN:15,lsSetItem
FN:23,lsRemoveItem
FN:59,getAccessToken
FN:84,getRefreshToken
FN:109,saveTokens
FN:125,clearTokens
FN:139,getAuthBundle
FN:163,saveAuthBundle
FN:179,clearAuthBundle
FN:195,getPreferredLanguageSetting
FN:211,savePreferredLanguageSetting
FN:218,setOnboardingComplete
FN:225,getOnboardingComplete
FNF:14
FNH:8
FNDA:18,lsGetItem
FNDA:0,lsSetItem
FNDA:3,lsRemoveItem
FNDA:7,getAccessToken
FNDA:1,getRefreshToken
FNDA:0,saveTokens
FNDA:1,clearTokens
FNDA:5,getAuthBundle
FNDA:0,saveAuthBundle
FNDA:1,clearAuthBundle
FNDA:5,getPreferredLanguageSetting
FNDA:0,savePreferredLanguageSetting
FNDA:0,setOnboardingComplete
FNDA:0,getOnboardingComplete
DA:3,14
DA:6,18
DA:7,18
DA:8,0
DA:9,0
DA:12,18
DA:16,0
DA:17,0
DA:18,0
DA:24,3
DA:25,3
DA:26,0
DA:32,14
DA:33,14
DA:34,14
DA:55,14
DA:56,14
DA:57,14
DA:60,7
DA:62,7
DA:63,0
DA:64,0
DA:66,7
DA:67,7
DA:68,7
DA:69,7
DA:70,0
DA:71,0
DA:76,7
DA:77,7
DA:78,0
DA:79,0
DA:81,7
DA:85,1
DA:87,1
DA:88,0
DA:89,0
DA:91,1
DA:92,1
DA:93,1
DA:94,1
DA:95,0
DA:96,0
DA:101,1
DA:102,1
DA:103,0
DA:104,0
DA:106,1
DA:110,0
DA:111,0
DA:112,0
DA:113,0
DA:114,0
DA:115,0
DA:119,0
DA:120,0
DA:121,0
DA:126,1
DA:127,1
DA:128,1
DA:129,1
DA:130,1
DA:131,1
DA:135,1
DA:136,1
DA:140,5
DA:141,5
DA:142,5
DA:143,5
DA:144,5
DA:145,0
DA:146,0
DA:147,0
DA:152,5
DA:153,5
DA:154,0
DA:155,0
DA:156,0
DA:157,0
DA:160,5
DA:164,0
DA:165,0
DA:166,0
DA:167,0
DA:169,0
DA:170,0
DA:174,0
DA:175,0
DA:180,1
DA:181,1
DA:182,1
DA:183,1
DA:187,1
DA:192,14
DA:193,14
DA:197,5
DA:198,0
DA:201,5
DA:202,5
DA:203,5
DA:206,5
DA:207,5
DA:208,5
DA:212,0
DA:213,0
DA:215,0
DA:219,0
DA:220,0
DA:222,0
DA:226,0
DA:227,0
DA:228,0
DA:230,0
DA:231,0
DA:232,0
DA:234,14
LF:116
LH:61
BRDA:3,0,0,14
BRDA:3,0,1,14
BRDA:7,1,0,0
BRDA:7,1,1,18
BRDA:7,2,0,18
BRDA:7,2,1,0
BRDA:9,3,0,0
BRDA:9,3,1,0
BRDA:17,4,0,0
BRDA:17,4,1,0
BRDA:17,5,0,0
BRDA:17,5,1,0
BRDA:25,6,0,0
BRDA:25,6,1,3
BRDA:25,7,0,3
BRDA:25,7,1,0
BRDA:60,8,0,0
BRDA:60,8,1,7
BRDA:62,9,0,0
BRDA:62,9,1,7
BRDA:66,10,0,7
BRDA:66,10,1,0
BRDA:69,11,0,0
BRDA:69,11,1,7
BRDA:77,12,0,0
BRDA:77,12,1,7
BRDA:85,13,0,0
BRDA:85,13,1,1
BRDA:87,14,0,0
BRDA:87,14,1,1
BRDA:88,15,0,0
BRDA:88,15,1,0
BRDA:89,16,0,0
BRDA:89,16,1,0
BRDA:91,17,0,1
BRDA:91,17,1,0
BRDA:94,18,0,0
BRDA:94,18,1,1
BRDA:102,19,0,0
BRDA:102,19,1,1
BRDA:110,20,0,0
BRDA:110,20,1,0
BRDA:111,21,0,0
BRDA:111,21,1,0
BRDA:112,22,0,0
BRDA:112,22,1,0
BRDA:114,23,0,0
BRDA:114,23,1,0
BRDA:115,24,0,0
BRDA:115,24,1,0
BRDA:120,25,0,0
BRDA:120,25,1,0
BRDA:121,26,0,0
BRDA:121,26,1,0
BRDA:128,27,0,1
BRDA:128,27,1,0
BRDA:140,28,0,0
BRDA:140,28,1,5
BRDA:141,29,0,5
BRDA:141,29,1,0
BRDA:144,30,0,0
BRDA:144,30,1,5
BRDA:153,31,0,0
BRDA:153,31,1,5
BRDA:165,32,0,0
BRDA:165,32,1,0
BRDA:169,33,0,0
BRDA:169,33,1,0
BRDA:170,34,0,0
BRDA:170,34,1,0
BRDA:181,35,0,1
BRDA:181,35,1,0
BRDA:197,36,0,0
BRDA:197,36,1,5
BRDA:198,37,0,0
BRDA:198,37,1,0
BRDA:203,38,0,0
BRDA:203,38,1,5
BRDA:207,39,0,0
BRDA:207,39,1,5
BRDA:228,40,0,0
BRDA:228,40,1,0
BRDA:231,41,0,0
BRDA:231,41,1,0
BRDA:234,42,0,14
BRDA:234,42,1,14
BRF:86
BRH:27
end_of_record
TN:
SF:src/components/AppImage.tsx
FN:16,(anonymous_0)
FN:37,(anonymous_1)
FN:38,(anonymous_2)
FN:40,(anonymous_3)
FN:75,(anonymous_4)
FNF:5
FNH:2
FNDA:53,(anonymous_0)
FNDA:0,(anonymous_1)
FNDA:0,(anonymous_2)
FNDA:0,(anonymous_3)
FNDA:15,(anonymous_4)
DA:16,14
DA:25,53
DA:29,53
DA:33,53
DA:35,53
DA:37,53
DA:38,53
DA:40,53
DA:41,0
DA:42,0
DA:43,0
DA:44,0
DA:47,53
DA:48,15
DA:55,38
DA:75,14
DA:76,15
DA:77,15
DA:78,15
DA:80,15
DA:83,14
LF:21
LH:17
BRDA:19,0,0,24
BRDA:20,1,0,53
BRDA:22,2,0,46
BRDA:29,3,0,15
BRDA:29,3,1,38
BRDA:29,4,0,23
BRDA:29,4,1,15
BRDA:33,5,0,53
BRDA:33,5,1,38
BRDA:33,5,2,23
BRDA:44,6,0,0
BRDA:44,6,1,0
BRDA:47,7,0,15
BRDA:47,7,1,38
BRDA:47,8,0,53
BRDA:47,8,1,38
BRDA:66,9,0,38
BRDA:66,9,1,38
BRDA:66,9,2,38
BRDA:68,10,0,38
BRDA:68,10,1,0
BRDA:77,11,0,4
BRDA:77,11,1,11
BRDA:78,12,0,10
BRDA:78,12,1,5
BRDA:80,13,0,15
BRDA:80,13,1,0
BRF:27
BRH:23
end_of_record
TN:
SF:src/components/Button.tsx
FN:23,Button
FN:71,(anonymous_1)
FNF:2
FNH:2
FNDA:775,Button
FNDA:765,(anonymous_1)
DA:24,775
DA:25,775
DA:33,775
DA:40,775
DA:47,775
DA:71,765
LF:6
LH:6
BRDA:23,0,0,0
BRDA:24,1,0,152
BRDA:24,2,0,719
BRDA:24,3,0,775
BRDA:24,3,1,0
BRDA:26,4,0,56
BRDA:26,4,1,719
BRDA:26,5,0,775
BRDA:26,5,1,775
BRDA:26,5,2,719
BRDA:27,6,0,56
BRDA:27,6,1,719
BRDA:27,7,0,775
BRDA:27,7,1,775
BRDA:27,7,2,719
BRDA:34,8,0,61
BRDA:34,8,1,714
BRDA:35,9,0,61
BRDA:35,9,1,714
BRDA:38,10,0,61
BRDA:38,10,1,714
BRDA:42,11,0,457
BRDA:42,11,1,318
BRDA:42,12,0,775
BRDA:42,12,1,440
BRDA:44,13,0,56
BRDA:44,13,1,719
BRDA:44,14,0,775
BRDA:44,14,1,775
BRDA:44,14,2,719
BRDA:51,15,0,775
BRDA:51,15,1,714
BRDA:54,16,0,4
BRDA:54,16,1,771
BRDA:59,17,0,765
BRDA:59,17,1,6
BRDA:60,18,0,771
BRDA:60,18,1,765
BRDA:60,18,2,6
BRDA:64,19,0,765
BRDA:64,19,1,68
BRDA:65,20,0,49
BRDA:65,20,1,19
BRDA:71,21,0,68
BRDA:71,21,1,697
BRDA:73,22,0,765
BRDA:73,22,1,0
BRDA:73,23,0,765
BRDA:73,23,1,765
BRDA:80,24,0,6
BRDA:80,24,1,0
BRDA:81,25,0,0
BRDA:81,25,1,0
BRF:53
BRH:47
end_of_record
TN:
SF:src/components/Card.tsx
FN:16,Card
FN:31,(anonymous_1)
FN:37,(anonymous_2)
FNF:3
FNH:3
FNDA:464,Card
FNDA:464,(anonymous_1)
FNDA:662,(anonymous_2)
DA:17,464
DA:18,464
DA:31,464
DA:33,464
DA:34,0
DA:36,464
DA:37,217
DA:38,662
DA:41,247
DA:44,464
DA:45,2
DA:52,2
DA:55,462
DA:59,462
LF:14
LH:13
BRDA:17,0,0,464
BRDA:17,1,0,464
BRDA:17,2,0,464
BRDA:17,2,1,0
BRDA:26,3,0,464
BRDA:26,3,1,0
BRDA:33,4,0,0
BRDA:33,4,1,464
BRDA:33,5,0,464
BRDA:33,5,1,464
BRDA:36,6,0,217
BRDA:36,6,1,247
BRDA:38,7,0,0
BRDA:38,7,1,662
BRDA:38,8,0,662
BRDA:38,8,1,662
BRDA:44,9,0,2
BRDA:44,9,1,462
BRF:18
BRH:14
end_of_record
TN:
SF:src/components/CustomTimePicker.tsx
FN:14,CustomTimePicker
FN:15,(anonymous_1)
FNF:2
FNH:0
FNDA:0,CustomTimePicker
FNDA:0,(anonymous_1)
DA:15,0
DA:16,0
DA:17,0
DA:23,0
DA:27,0
DA:40,1
LF:6
LH:1
BRDA:29,0,0,0
BRDA:29,0,1,0
BRDA:32,1,0,0
BRDA:32,1,1,0
BRDA:33,2,0,0
BRDA:33,2,1,0
BRF:6
BRH:0
end_of_record
TN:
SF:src/components/Icon.tsx
FN:58,Icon
FNF:1
FNH:1
FNDA:459,Icon
DA:16,31
DA:59,459
DA:61,459
DA:62,459
LF:4
LH:4
BRDA:58,0,0,0
BRDA:59,1,0,459
BRDA:59,1,1,132
BRDA:61,2,0,459
BRDA:61,2,1,0
BRDA:61,2,2,0
BRF:6
BRH:3
end_of_record
TN:
SF:src/components/IconButton.tsx
FN:16,IconButton
FNF:1
FNH:1
FNDA:17,IconButton
DA:17,17
DA:18,17
LF:2
LH:2
BRDA:16,0,0,0
BRDA:17,1,0,17
BRDA:17,2,0,17
BRDA:17,3,0,17
BRDA:17,3,1,0
BRDA:24,4,0,0
BRDA:24,4,1,17
BRF:7
BRH:4
end_of_record
TN:
SF:src/components/Input.tsx
FN:19,Input
FNF:1
FNH:1
FNDA:149,Input
DA:19,12
DA:20,149
DA:21,149
DA:22,149
DA:23,149
DA:37,12
LF:6
LH:6
BRDA:19,0,0,0
BRDA:20,1,0,149
BRDA:20,1,1,0
BRDA:21,2,0,149
BRDA:21,2,1,145
BRDA:25,3,0,149
BRDA:25,3,1,4
BRDA:29,4,0,4
BRDA:29,4,1,145
BRF:9
BRH:7
end_of_record
TN:
SF:src/components/ProviderCard.tsx
FN:16,ProviderCard
FN:17,(anonymous_1)
FN:18,(anonymous_2)
FN:20,(anonymous_3)
FN:72,(anonymous_4)
FNF:5
FNH:2
FNDA:3,ProviderCard
FNDA:0,(anonymous_1)
FNDA:0,(anonymous_2)
FNDA:3,(anonymous_3)
FNDA:0,(anonymous_4)
DA:17,3
DA:18,3
DA:20,3
DA:21,3
DA:22,0
DA:23,0
DA:25,3
DA:26,3
DA:29,3
DA:31,3
DA:73,0
DA:99,4
LF:12
LH:9
BRDA:21,0,0,0
BRDA:21,0,1,3
BRDA:21,1,0,3
BRDA:21,1,1,0
BRDA:23,2,0,0
BRDA:23,2,1,0
BRDA:25,3,0,0
BRDA:25,3,1,3
BRDA:29,4,0,0
BRDA:29,4,1,3
BRDA:34,5,0,3
BRDA:34,5,1,3
BRDA:36,6,0,0
BRDA:36,6,1,3
BRDA:36,7,0,0
BRDA:36,7,1,3
BRDA:43,8,0,2
BRDA:43,8,1,1
BRDA:47,9,0,1
BRDA:47,9,1,0
BRDA:51,10,0,3
BRDA:51,10,1,0
BRDA:58,11,0,0
BRDA:58,11,1,3
BRDA:61,12,0,3
BRDA:61,12,1,0
BRDA:62,13,0,0
BRDA:62,13,1,3
BRDA:64,14,0,3
BRDA:64,14,1,0
BRDA:70,15,0,3
BRDA:70,15,1,0
BRDA:72,16,0,0
BRDA:72,16,1,0
BRDA:88,17,0,0
BRDA:88,17,1,3
BRF:36
BRH:18
end_of_record
TN:
SF:src/components/Text.tsx
FN:14,Text
FNF:1
FNH:1
FNDA:1106,Text
DA:15,1106
DA:16,1106
DA:17,1106
LF:3
LH:3
BRDA:14,0,0,0
BRDA:15,1,0,1027
BRDA:15,2,0,1106
BRDA:15,2,1,0
BRDA:16,3,0,1106
BRDA:16,3,1,0
BRDA:17,4,0,1106
BRDA:17,4,1,1092
BRF:8
BRH:5
end_of_record
TN:
SF:src/components/avatar.tsx
FN:15,Avatar
FN:36,AvatarImage
FN:61,AvatarFallback
FN:62,(anonymous_3)
FNF:4
FNH:4
FNDA:146,Avatar
FNDA:20,AvatarImage
FNDA:126,AvatarFallback
FNDA:131,(anonymous_3)
DA:16,146
DA:37,20
DA:40,20
DA:42,20
DA:62,131
DA:63,126
DA:70,13
LF:7
LH:7
BRDA:15,0,0,0
BRDA:18,1,0,146
BRDA:18,1,1,0
BRDA:37,2,0,20
BRDA:37,2,1,20
BRDA:45,3,0,7
BRDA:45,3,1,13
BRDA:61,4,0,0
BRDA:61,5,0,126
BRDA:62,6,0,126
BRDA:62,6,1,0
BRF:11
BRH:7
end_of_record
TN:
SF:src/components/badge.tsx
FN:26,Badge
FNF:1
FNH:1
FNDA:67,Badge
DA:4,13
DA:27,67
DA:28,67
DA:31,67
DA:33,67
DA:37,67
DA:38,67
DA:39,67
DA:40,67
DA:41,67
DA:51,13
LF:11
LH:11
BRDA:27,0,0,67
BRDA:27,0,1,59
BRDA:28,1,0,59
BRDA:28,1,1,8
BRDA:28,2,0,67
BRDA:28,2,1,67
BRDA:33,3,0,0
BRDA:33,3,1,67
BRDA:34,4,0,0
BRDA:34,4,1,67
BRDA:35,5,0,0
BRDA:35,5,1,67
BRDA:36,6,0,0
BRDA:36,6,1,67
BRDA:37,7,0,0
BRDA:37,7,1,67
BRDA:37,8,0,67
BRDA:37,8,1,67
BRDA:38,9,0,8
BRDA:38,9,1,59
BRDA:38,10,0,59
BRDA:38,10,1,59
BRDA:39,11,0,0
BRDA:39,11,1,67
BRDA:39,12,0,67
BRDA:39,12,1,67
BRDA:40,13,0,10
BRDA:40,13,1,57
BRDA:40,14,0,47
BRDA:40,14,1,10
BRF:30
BRH:24
end_of_record
TN:
SF:src/components/calendar.native.tsx
FN:21,Calendar
FN:26,(anonymous_1)
FN:46,(anonymous_2)
FN:50,(anonymous_3)
FN:55,(anonymous_4)
FN:63,(anonymous_5)
FN:64,(anonymous_6)
FN:83,(anonymous_7)
FN:92,(anonymous_8)
FN:94,(anonymous_9)
FN:114,(anonymous_10)
FN:121,(anonymous_11)
FNF:12
FNH:0
FNDA:0,Calendar
FNDA:0,(anonymous_1)
FNDA:0,(anonymous_2)
FNDA:0,(anonymous_3)
FNDA:0,(anonymous_4)
FNDA:0,(anonymous_5)
FNDA:0,(anonymous_6)
FNDA:0,(anonymous_7)
FNDA:0,(anonymous_8)
FNDA:0,(anonymous_9)
FNDA:0,(anonymous_10)
FNDA:0,(anonymous_11)
DA:22,0
DA:23,0
DA:24,0
DA:26,0
DA:27,0
DA:28,0
DA:29,0
DA:30,0
DA:31,0
DA:33,0
DA:35,0
DA:36,0
DA:39,0
DA:40,0
DA:41,0
DA:43,0
DA:46,0
DA:47,0
DA:50,0
DA:51,0
DA:52,0
DA:55,0
DA:56,0
DA:57,0
DA:58,0
DA:59,0
DA:63,0
DA:64,0
DA:66,0
DA:68,0
DA:84,0
DA:93,0
DA:95,0
DA:96,0
DA:97,0
DA:99,0
DA:100,0
DA:101,0
DA:102,0
DA:103,0
DA:105,0
DA:114,0
DA:122,0
DA:136,1
LF:44
LH:1
BRDA:23,0,0,0
BRDA:23,0,1,0
BRDA:51,1,0,0
BRDA:51,1,1,0
BRDA:51,2,0,0
BRDA:51,2,1,0
BRDA:52,3,0,0
BRDA:52,3,1,0
BRDA:52,3,2,0
BRDA:95,4,0,0
BRDA:95,4,1,0
BRDA:96,5,0,0
BRDA:96,5,1,0
BRDA:97,6,0,0
BRDA:97,6,1,0
BRDA:110,7,0,0
BRDA:110,7,1,0
BRDA:111,8,0,0
BRDA:111,8,1,0
BRDA:116,9,0,0
BRDA:116,9,1,0
BRDA:116,10,0,0
BRDA:116,10,1,0
BRDA:119,11,0,0
BRDA:119,11,1,0
BRDA:119,11,2,0
BRF:26
BRH:0
end_of_record
TN:
SF:src/components/checkbox.tsx
FN:19,Checkbox
FN:32,(anonymous_1)
FN:42,(anonymous_2)
FNF:3
FNH:2
FNDA:7,Checkbox
FNDA:0,(anonymous_1)
FNDA:3,(anonymous_2)
DA:28,7
DA:29,7
DA:30,7
DA:32,7
DA:33,0
DA:34,0
DA:35,0
DA:36,0
DA:39,7
DA:41,7
DA:42,3
DA:57,7
DA:77,2
LF:13
LH:9
BRDA:24,0,0,7
BRDA:29,1,0,7
BRDA:29,1,1,7
BRDA:30,2,0,7
BRDA:30,2,1,0
BRDA:33,3,0,0
BRDA:33,3,1,0
BRDA:35,4,0,0
BRDA:35,4,1,0
BRDA:39,5,0,0
BRDA:39,5,1,7
BRDA:48,6,0,0
BRDA:48,6,1,3
BRDA:49,7,0,0
BRDA:49,7,1,3
BRDA:50,8,0,0
BRDA:50,8,1,3
BRDA:65,9,0,0
BRDA:65,9,1,7
BRDA:68,10,0,0
BRDA:68,10,1,0
BRF:21
BRH:9
end_of_record
TN:
SF:src/components/progress.tsx
FN:10,Progress
FNF:1
FNH:1
FNDA:30,Progress
DA:11,30
DA:12,30
DA:19,1
LF:3
LH:3
BRDA:10,0,0,0
BRF:1
BRH:0
end_of_record
TN:
SF:src/components/textarea.tsx
FN:11,Textarea
FNF:1
FNH:1
FNDA:9,Textarea
DA:11,2
DA:12,9
DA:13,9
DA:14,9
DA:32,2
LF:5
LH:5
BRDA:11,0,0,0
BRDA:12,1,0,9
BRDA:12,1,1,0
BRDA:20,2,0,9
BRDA:20,2,1,9
BRDA:24,3,0,0
BRDA:24,3,1,9
BRDA:41,4,0,2
BRDA:41,4,1,0
BRF:9
BRH:5
end_of_record
TN:
SF:src/constants/api.ts
FN:27,(anonymous_0)
FN:37,(anonymous_1)
FN:38,(anonymous_2)
FN:39,(anonymous_3)
FN:46,(anonymous_4)
FN:47,(anonymous_5)
FN:48,(anonymous_6)
FN:55,(anonymous_7)
FN:56,(anonymous_8)
FN:62,(anonymous_9)
FN:67,(anonymous_10)
FN:68,(anonymous_11)
FN:74,(anonymous_12)
FNF:13
FNH:0
FNDA:0,(anonymous_0)
FNDA:0,(anonymous_1)
FNDA:0,(anonymous_2)
FNDA:0,(anonymous_3)
FNDA:0,(anonymous_4)
FNDA:0,(anonymous_5)
FNDA:0,(anonymous_6)
FNDA:0,(anonymous_7)
FNDA:0,(anonymous_8)
FNDA:0,(anonymous_9)
FNDA:0,(anonymous_10)
FNDA:0,(anonymous_11)
FNDA:0,(anonymous_12)
DA:8,21
DA:27,0
DA:37,0
DA:38,0
DA:39,0
DA:46,0
DA:47,0
DA:48,0
DA:55,0
DA:56,0
DA:62,0
DA:67,0
DA:68,0
DA:74,0
LF:14
LH:1
BRF:0
BRH:0
end_of_record
TN:
SF:src/constants/categories.ts
FNF:0
FNH:0
DA:2,21
LF:1
LH:1
BRF:0
BRH:0
end_of_record
TN:
SF:src/constants/config.ts
FNF:0
FNH:0
DA:6,21
LF:1
LH:1
BRF:0
BRH:0
end_of_record
TN:
SF:src/constants/index.ts
FNF:0
FNH:0
LF:0
LH:0
BRF:0
BRH:0
end_of_record
TN:
SF:src/constants/messages.ts
FNF:0
FNH:0
DA:6,21
LF:1
LH:1
BRF:0
BRH:0
end_of_record
TN:
SF:src/constants/storage.ts
FNF:0
FNH:0
DA:6,21
LF:1
LH:1
BRF:0
BRH:0
end_of_record
TN:
SF:src/constants/validation.ts
FN:40,validateEmail
FN:44,validatePhone
FN:48,validatePassword
FN:55,validateRequired
FNF:4
FNH:0
FNDA:0,validateEmail
FNDA:0,validatePhone
FNDA:0,validatePassword
FNDA:0,validateRequired
DA:8,21
DA:41,0
DA:45,0
DA:49,0
DA:56,0
LF:5
LH:1
BRDA:50,0,0,0
BRDA:50,0,1,0
BRDA:56,1,0,0
BRDA:56,1,1,0
BRDA:56,1,2,0
BRF:5
BRH:0
end_of_record
TN:
SF:src/domain/errors/DomainError.ts
FN:16,(anonymous_0)
FN:22,(anonymous_1)
FN:47,(anonymous_2)
FN:54,(anonymous_3)
FN:60,(anonymous_4)
FNF:5
FNH:0
FNDA:0,(anonymous_0)
FNDA:0,(anonymous_1)
FNDA:0,(anonymous_2)
FNDA:0,(anonymous_3)
FNDA:0,(anonymous_4)
DA:16,9
DA:22,9
DA:23,0
DA:24,0
DA:25,0
DA:27,0
DA:28,0
DA:30,0
DA:31,0
DA:33,0
DA:34,0
DA:36,0
DA:39,0
DA:40,0
DA:43,0
DA:48,0
DA:49,0
DA:55,0
DA:61,0
LF:19
LH:2
BRDA:23,0,0,0
BRDA:23,0,1,0
BRDA:25,1,0,0
BRDA:25,1,1,0
BRDA:27,2,0,0
BRDA:27,2,1,0
BRDA:27,3,0,0
BRDA:27,3,1,0
BRDA:30,4,0,0
BRDA:30,4,1,0
BRDA:33,5,0,0
BRDA:33,5,1,0
BRDA:39,6,0,0
BRDA:39,6,1,0
BRDA:39,7,0,0
BRDA:39,7,1,0
BRF:16
BRH:0
end_of_record
TN:
SF:src/domain/services/DateService.ts
FN:5,(anonymous_0)
FN:14,(anonymous_1)
FN:19,(anonymous_2)
FN:25,(anonymous_3)
FNF:4
FNH:3
FNDA:11,(anonymous_0)
FNDA:11,(anonymous_1)
FNDA:0,(anonymous_2)
FNDA:3,(anonymous_3)
DA:4,8
DA:6,11
DA:7,11
DA:8,11
DA:10,6
DA:16,11
DA:20,0
DA:21,0
DA:22,0
DA:26,3
DA:27,3
DA:28,3
DA:30,0
LF:13
LH:9
BRDA:7,0,0,11
BRDA:7,0,1,0
BRDA:21,1,0,0
BRDA:21,1,1,0
BRDA:27,2,0,0
BRDA:27,2,1,3
BRF:6
BRH:2
end_of_record
TN:
SF:src/presentation/hooks/useServices.ts
FN:19,useServices
FN:27,(anonymous_1)
FN:37,(anonymous_2)
FN:70,(anonymous_3)
FN:74,(anonymous_4)
FN:97,(anonymous_5)
FN:108,(anonymous_6)
FN:119,(anonymous_7)
FN:119,(anonymous_8)
FN:130,(anonymous_9)
FN:139,(anonymous_10)
FN:139,(anonymous_11)
FN:152,(anonymous_12)
FN:161,(anonymous_13)
FN:161,(anonymous_14)
FN:164,(anonymous_15)
FN:164,(anonymous_16)
FNF:17
FNH:4
FNDA:15,useServices
FNDA:10,(anonymous_1)
FNDA:6,(anonymous_2)
FNDA:6,(anonymous_3)
FNDA:0,(anonymous_4)
FNDA:0,(anonymous_5)
FNDA:0,(anonymous_6)
FNDA:0,(anonymous_7)
FNDA:0,(anonymous_8)
FNDA:0,(anonymous_9)
FNDA:0,(anonymous_10)
FNDA:0,(anonymous_11)
FNDA:0,(anonymous_12)
FNDA:0,(anonymous_13)
FNDA:0,(anonymous_14)
FNDA:0,(anonymous_15)
FNDA:0,(anonymous_16)
DA:16,1
DA:17,1
DA:20,15
DA:21,15
DA:22,15
DA:23,15
DA:25,15
DA:27,15
DA:28,10
DA:29,10
DA:30,10
DA:31,10
DA:32,0
DA:34,10
DA:37,15
DA:38,6
DA:39,6
DA:40,6
DA:43,6
DA:44,3
DA:46,3
DA:47,3
DA:48,3
DA:51,3
DA:52,3
DA:53,3
DA:54,3
DA:57,3
DA:58,1
DA:59,1
DA:61,2
DA:62,2
DA:63,2
DA:66,3
DA:70,15
DA:71,6
DA:74,15
DA:85,0
DA:86,0
DA:89,0
DA:90,0
DA:92,0
DA:93,0
DA:97,0
DA:98,0
DA:100,0
DA:101,0
DA:102,0
DA:104,0
DA:108,15
DA:110,0
DA:111,0
DA:114,0
DA:115,0
DA:117,0
DA:118,0
DA:119,0
DA:120,0
DA:122,0
DA:123,0
DA:124,0
DA:126,0
DA:130,15
DA:132,0
DA:133,0
DA:136,0
DA:137,0
DA:138,0
DA:139,0
DA:140,0
DA:141,0
DA:143,0
DA:144,0
DA:145,0
DA:146,0
DA:148,0
DA:152,15
DA:154,0
DA:155,0
DA:158,0
DA:159,0
DA:160,0
DA:161,0
DA:162,0
DA:163,0
DA:164,0
DA:165,0
DA:167,0
DA:168,0
DA:169,0
DA:170,0
DA:172,0
DA:176,15
LF:93
LH:40
BRDA:20,0,0,15
BRDA:20,0,1,0
BRDA:28,1,0,0
BRDA:28,1,1,10
BRDA:31,2,0,0
BRDA:31,2,1,10
BRDA:31,3,0,10
BRDA:31,3,1,4
BRDA:40,4,0,5
BRDA:40,4,1,1
BRDA:43,5,0,3
BRDA:43,5,1,3
BRDA:43,6,0,6
BRDA:43,6,1,5
BRDA:59,7,0,1
BRDA:59,7,1,0
BRDA:63,8,0,2
BRDA:63,8,1,0
BRDA:85,9,0,0
BRDA:85,9,1,0
BRDA:85,10,0,0
BRDA:85,10,1,0
BRDA:86,11,0,0
BRDA:86,11,1,0
BRDA:101,12,0,0
BRDA:101,12,1,0
BRDA:110,13,0,0
BRDA:110,13,1,0
BRDA:110,14,0,0
BRDA:110,14,1,0
BRDA:111,15,0,0
BRDA:111,15,1,0
BRDA:119,16,0,0
BRDA:119,16,1,0
BRDA:123,17,0,0
BRDA:123,17,1,0
BRDA:132,18,0,0
BRDA:132,18,1,0
BRDA:132,19,0,0
BRDA:132,19,1,0
BRDA:133,20,0,0
BRDA:133,20,1,0
BRDA:145,21,0,0
BRDA:145,21,1,0
BRDA:154,22,0,0
BRDA:154,22,1,0
BRDA:154,23,0,0
BRDA:154,23,1,0
BRDA:155,24,0,0
BRDA:155,24,1,0
BRDA:161,25,0,0
BRDA:161,25,1,0
BRDA:164,26,0,0
BRDA:164,26,1,0
BRDA:169,27,0,0
BRDA:169,27,1,0
BRF:56
BRH:13
end_of_record
TN:
SF:src/presentation/utils/errorHandler.ts
FN:10,getErrorMessage
FN:39,isDomainError
FN:43,showError
FN:49,showSuccess
FNF:4
FNH:3
FNDA:2,getErrorMessage
FNDA:2,isDomainError
FNDA:0,showError
FNDA:4,showSuccess
DA:12,2
DA:13,0
DA:15,0
DA:17,0
DA:19,0
DA:21,0
DA:23,0
DA:26,0
DA:31,2
DA:32,2
DA:35,0
DA:40,2
DA:44,0
DA:45,0
DA:46,0
DA:50,4
LF:16
LH:5
BRDA:12,0,0,0
BRDA:12,0,1,2
BRDA:13,1,0,0
BRDA:13,1,1,0
BRDA:13,1,2,0
BRDA:13,1,3,0
BRDA:13,1,4,0
BRDA:13,1,5,0
BRDA:13,1,6,0
BRDA:26,2,0,0
BRDA:26,2,1,0
BRDA:31,3,0,2
BRDA:31,3,1,0
BRDA:40,4,0,2
BRDA:40,4,1,2
BRDA:40,4,2,2
BRDA:40,4,3,0
BRDA:44,5,0,0
BRDA:44,5,1,0
BRDA:45,6,0,0
BRDA:45,6,1,0
BRF:21
BRH:5
end_of_record
TN:
SF:src/screens/clients/AllStylesScreen.tsx
FN:57,(anonymous_0)
FN:61,(anonymous_1)
FN:111,AllStylesScreen
FN:118,(anonymous_3)
FN:122,(anonymous_4)
FN:129,(anonymous_5)
FN:130,(anonymous_6)
FN:145,(anonymous_7)
FN:150,(anonymous_8)
FN:158,(anonymous_9)
FN:173,(anonymous_10)
FN:177,(anonymous_11)
FN:201,(anonymous_12)
FN:212,(anonymous_13)
FN:218,(anonymous_14)
FN:236,(anonymous_15)
FNF:16
FNH:14
FNDA:22,(anonymous_0)
FNDA:47,(anonymous_1)
FNDA:14,AllStylesScreen
FNDA:5,(anonymous_3)
FNDA:4,(anonymous_4)
FNDA:5,(anonymous_5)
FNDA:5,(anonymous_6)
FNDA:14,(anonymous_7)
FNDA:20,(anonymous_8)
FNDA:22,(anonymous_9)
FNDA:1,(anonymous_10)
FNDA:0,(anonymous_11)
FNDA:0,(anonymous_12)
FNDA:42,(anonymous_13)
FNDA:2,(anonymous_14)
FNDA:35,(anonymous_15)
DA:24,1
DA:25,1
DA:26,1
DA:27,1
DA:28,1
DA:41,1
DA:49,1
DA:57,1
DA:60,22
DA:61,47
DA:64,22
DA:112,14
DA:113,14
DA:114,14
DA:115,14
DA:116,14
DA:118,14
DA:119,5
DA:121,2
DA:122,4
DA:123,2
DA:124,2
DA:129,14
DA:130,5
DA:131,5
DA:133,5
DA:134,5
DA:135,5
DA:137,0
DA:139,5
DA:145,14
DA:146,14
DA:149,6
DA:150,6
DA:151,20
DA:158,14
DA:159,22
DA:173,1
DA:177,14
DA:178,0
DA:188,14
DA:189,7
DA:196,7
DA:201,0
DA:213,42
DA:218,2
DA:236,35
DA:249,1
LF:48
LH:45
BRDA:60,0,0,22
BRDA:60,0,1,0
BRDA:61,1,0,22
BRDA:61,1,1,0
BRDA:72,2,0,22
BRDA:72,2,1,0
BRDA:72,2,2,0
BRDA:119,3,0,2
BRDA:119,3,1,3
BRDA:123,4,0,2
BRDA:123,4,1,0
BRDA:146,5,0,8
BRDA:146,5,1,6
BRDA:149,6,0,6
BRDA:149,6,1,0
BRDA:151,7,0,20
BRDA:151,7,1,20
BRDA:151,7,2,13
BRDA:188,8,0,7
BRDA:188,8,1,7
BRDA:217,9,0,7
BRDA:217,9,1,35
BRDA:219,10,0,7
BRDA:219,10,1,35
BRDA:220,11,0,7
BRDA:220,11,1,35
BRDA:229,12,0,6
BRDA:229,12,1,1
BRDA:327,13,0,1
BRDA:327,13,1,0
BRDA:405,14,0,1
BRDA:405,14,1,0
BRF:32
BRH:24
end_of_record
TN:
SF:src/screens/clients/AppointmentDetailScreen.tsx
FN:14,AppointmentDetailScreen
FN:20,(anonymous_1)
FN:22,(anonymous_2)
FN:35,(anonymous_3)
FN:38,(anonymous_4)
FN:53,(anonymous_5)
FN:67,(anonymous_6)
FN:85,(anonymous_7)
FN:94,(anonymous_8)
FN:100,(anonymous_9)
FN:125,(anonymous_10)
FN:143,(anonymous_11)
FN:162,(anonymous_12)
FN:221,(anonymous_13)
FNF:14
FNH:7
FNDA:18,AppointmentDetailScreen
FNDA:9,(anonymous_1)
FNDA:9,(anonymous_2)
FNDA:9,(anonymous_3)
FNDA:0,(anonymous_4)
FNDA:1,(anonymous_5)
FNDA:0,(anonymous_6)
FNDA:0,(anonymous_7)
FNDA:0,(anonymous_8)
FNDA:0,(anonymous_9)
FNDA:0,(anonymous_10)
FNDA:9,(anonymous_11)
FNDA:0,(anonymous_12)
FNDA:2,(anonymous_13)
DA:15,18
DA:16,18
DA:17,18
DA:18,18
DA:20,18
DA:21,9
DA:22,9
DA:23,9
DA:24,9
DA:25,9
DA:26,9
DA:27,9
DA:30,0
DA:32,9
DA:35,9
DA:38,18
DA:39,0
DA:40,0
DA:41,0
DA:42,0
DA:43,0
DA:45,0
DA:46,0
DA:50,0
DA:53,18
DA:56,1
DA:57,1
DA:58,1
DA:60,1
DA:61,1
DA:68,0
DA:69,0
DA:74,0
DA:85,18
DA:86,0
DA:96,0
DA:97,0
DA:98,0
DA:99,0
DA:100,0
DA:103,0
DA:105,0
DA:113,18
DA:114,9
DA:121,9
DA:122,0
DA:125,0
DA:131,9
DA:132,9
DA:133,9
DA:137,9
DA:138,9
DA:139,9
DA:140,9
DA:141,9
DA:143,9
DA:144,9
DA:145,9
DA:146,1
DA:147,4
DA:148,3
DA:149,1
DA:150,0
DA:151,0
DA:155,9
DA:156,9
DA:158,9
DA:162,0
DA:222,2
DA:223,2
DA:224,2
DA:226,0
DA:332,3
LF:73
LH:47
BRDA:26,0,0,9
BRDA:26,0,1,0
BRDA:30,1,0,0
BRDA:30,1,1,0
BRDA:30,2,0,0
BRDA:30,2,1,0
BRDA:32,3,0,9
BRDA:32,3,1,0
BRDA:39,4,0,0
BRDA:39,4,1,0
BRDA:40,5,0,0
BRDA:40,5,1,0
BRDA:41,6,0,0
BRDA:41,6,1,0
BRDA:50,7,0,0
BRDA:50,7,1,0
BRDA:60,8,0,1
BRDA:60,8,1,0
BRDA:68,9,0,0
BRDA:68,9,1,0
BRDA:103,10,0,0
BRDA:103,10,1,0
BRDA:113,11,0,9
BRDA:113,11,1,9
BRDA:121,12,0,0
BRDA:121,12,1,9
BRDA:121,13,0,9
BRDA:121,13,1,9
BRDA:124,14,0,0
BRDA:124,14,1,0
BRDA:131,15,0,9
BRDA:131,15,1,0
BRDA:132,16,0,9
BRDA:132,16,1,6
BRDA:133,17,0,9
BRDA:133,17,1,6
BRDA:137,18,0,9
BRDA:137,18,1,6
BRDA:137,18,2,0
BRDA:144,19,0,9
BRDA:144,19,1,0
BRDA:145,20,0,1
BRDA:145,20,1,4
BRDA:145,20,2,3
BRDA:145,20,3,1
BRDA:145,20,4,0
BRDA:145,20,5,0
BRDA:156,21,0,9
BRDA:156,21,1,0
BRDA:169,22,0,9
BRDA:169,22,1,8
BRDA:211,23,0,9
BRDA:211,23,1,0
BRDA:214,24,0,9
BRDA:214,24,1,9
BRDA:222,25,0,2
BRDA:222,25,1,0
BRDA:223,26,0,2
BRDA:223,26,1,0
BRDA:235,27,0,9
BRDA:235,27,1,9
BRDA:269,28,0,9
BRDA:269,28,1,9
BRDA:282,29,0,9
BRDA:282,29,1,8
BRF:65
BRH:34
end_of_record
TN:
SF:src/screens/clients/AppointmentsScreen.tsx
FN:16,AppointmentsScreen
FN:23,(anonymous_1)
FN:27,(anonymous_2)
FN:41,(anonymous_3)
FN:43,(anonymous_4)
FN:44,(anonymous_5)
FN:48,(anonymous_6)
FN:59,(anonymous_7)
FN:61,(anonymous_8)
FN:66,(anonymous_9)
FN:72,(anonymous_10)
FN:81,(anonymous_11)
FN:96,(anonymous_12)
FN:116,(anonymous_13)
FN:182,(anonymous_14)
FN:186,(anonymous_15)
FN:200,(anonymous_16)
FN:209,(anonymous_17)
FN:249,(anonymous_18)
FN:250,(anonymous_19)
FN:267,(anonymous_20)
FNF:21
FNH:14
FNDA:13,AppointmentsScreen
FNDA:6,(anonymous_1)
FNDA:6,(anonymous_2)
FNDA:6,(anonymous_3)
FNDA:0,(anonymous_4)
FNDA:6,(anonymous_5)
FNDA:11,(anonymous_6)
FNDA:11,(anonymous_7)
FNDA:10,(anonymous_8)
FNDA:0,(anonymous_9)
FNDA:39,(anonymous_10)
FNDA:1,(anonymous_11)
FNDA:5,(anonymous_12)
FNDA:1,(anonymous_13)
FNDA:0,(anonymous_14)
FNDA:0,(anonymous_15)
FNDA:0,(anonymous_16)
FNDA:0,(anonymous_17)
FNDA:16,(anonymous_18)
FNDA:9,(anonymous_19)
FNDA:0,(anonymous_20)
DA:17,13
DA:18,13
DA:19,13
DA:20,13
DA:21,13
DA:23,13
DA:24,6
DA:25,6
DA:26,6
DA:27,6
DA:28,6
DA:29,6
DA:30,6
DA:32,6
DA:34,0
DA:36,6
DA:37,6
DA:41,13
DA:42,6
DA:43,6
DA:44,6
DA:48,13
DA:49,11
DA:50,5
DA:51,5
DA:52,5
DA:53,5
DA:55,0
DA:59,13
DA:60,11
DA:61,10
DA:63,6
DA:66,13
DA:67,0
DA:68,0
DA:72,13
DA:73,39
DA:76,39
DA:78,39
DA:81,1
DA:96,13
DA:97,5
DA:100,5
DA:101,5
DA:103,5
DA:116,1
DA:182,13
DA:183,0
DA:186,13
DA:200,0
DA:201,0
DA:210,0
DA:211,0
DA:212,0
DA:213,0
DA:215,0
DA:217,0
DA:219,0
DA:228,13
DA:249,16
DA:250,9
DA:267,0
DA:278,1
LF:63
LH:48
BRDA:30,0,0,5
BRDA:30,0,1,1
BRDA:49,1,0,6
BRDA:49,1,1,5
BRDA:49,2,0,11
BRDA:49,2,1,10
BRDA:52,3,0,5
BRDA:52,3,1,0
BRDA:60,4,0,5
BRDA:60,4,1,6
BRDA:60,5,0,11
BRDA:60,5,1,10
BRDA:76,6,0,13
BRDA:76,6,1,26
BRDA:80,7,0,39
BRDA:80,7,1,13
BRDA:84,8,0,39
BRDA:84,8,1,13
BRDA:87,9,0,39
BRDA:87,9,1,13
BRDA:87,9,2,5
BRDA:97,10,0,0
BRDA:97,10,1,5
BRDA:100,11,0,5
BRDA:100,11,1,0
BRDA:124,12,0,5
BRDA:124,12,1,0
BRDA:137,13,0,5
BRDA:137,13,1,0
BRDA:138,14,0,5
BRDA:138,14,1,5
BRDA:163,15,0,5
BRDA:163,15,1,0
BRDA:163,15,2,0
BRDA:244,16,0,6
BRDA:244,16,1,7
BRDA:244,17,0,13
BRDA:244,17,1,6
BRDA:254,18,0,5
BRDA:254,18,1,4
BRDA:255,19,0,5
BRDA:255,19,1,4
BRDA:257,20,0,5
BRDA:257,20,1,2
BRDA:264,21,0,5
BRDA:264,21,1,2
BRDA:266,22,0,7
BRDA:266,22,1,5
BRF:48
BRH:41
end_of_record
TN:
SF:src/screens/clients/BookingFlow.tsx
FN:40,BookingFlow
FN:62,(anonymous_1)
FN:67,loadProvider
FN:73,(anonymous_3)
FN:74,(anonymous_4)
FN:88,(anonymous_5)
FN:89,(anonymous_6)
FN:91,(anonymous_7)
FN:97,(anonymous_8)
FN:100,(anonymous_9)
FN:101,(anonymous_10)
FN:111,(anonymous_11)
FN:112,(anonymous_12)
FN:114,(anonymous_13)
FN:118,(anonymous_14)
FN:129,(anonymous_15)
FN:156,(anonymous_16)
FN:157,(anonymous_17)
FN:241,(anonymous_18)
FN:248,(anonymous_19)
FN:254,(anonymous_20)
FN:291,(anonymous_21)
FN:294,(anonymous_22)
FN:332,(anonymous_23)
FN:333,(anonymous_24)
FN:343,(anonymous_25)
FN:347,(anonymous_26)
FN:350,(anonymous_27)
FN:421,(anonymous_28)
FN:424,(anonymous_29)
FNF:30
FNH:0
FNDA:0,BookingFlow
FNDA:0,(anonymous_1)
FNDA:0,loadProvider
FNDA:0,(anonymous_3)
FNDA:0,(anonymous_4)
FNDA:0,(anonymous_5)
FNDA:0,(anonymous_6)
FNDA:0,(anonymous_7)
FNDA:0,(anonymous_8)
FNDA:0,(anonymous_9)
FNDA:0,(anonymous_10)
FNDA:0,(anonymous_11)
FNDA:0,(anonymous_12)
FNDA:0,(anonymous_13)
FNDA:0,(anonymous_14)
FNDA:0,(anonymous_15)
FNDA:0,(anonymous_16)
FNDA:0,(anonymous_17)
FNDA:0,(anonymous_18)
FNDA:0,(anonymous_19)
FNDA:0,(anonymous_20)
FNDA:0,(anonymous_21)
FNDA:0,(anonymous_22)
FNDA:0,(anonymous_23)
FNDA:0,(anonymous_24)
FNDA:0,(anonymous_25)
FNDA:0,(anonymous_26)
FNDA:0,(anonymous_27)
FNDA:0,(anonymous_28)
FNDA:0,(anonymous_29)
DA:32,1
DA:41,0
DA:42,0
DA:43,0
DA:44,0
DA:45,0
DA:46,0
DA:47,0
DA:49,0
DA:50,0
DA:51,0
DA:52,0
DA:54,0
DA:55,0
DA:56,0
DA:59,0
DA:60,0
DA:62,0
DA:63,0
DA:64,0
DA:65,0
DA:68,0
DA:69,0
DA:70,0
DA:72,0
DA:73,0
DA:74,0
DA:76,0
DA:78,0
DA:79,0
DA:81,0
DA:84,0
DA:88,0
DA:89,0
DA:90,0
DA:91,0
DA:97,0
DA:100,0
DA:101,0
DA:102,0
DA:103,0
DA:104,0
DA:105,0
DA:107,0
DA:111,0
DA:112,0
DA:113,0
DA:114,0
DA:118,0
DA:119,0
DA:120,0
DA:121,0
DA:122,0
DA:123,0
DA:124,0
DA:129,0
DA:130,0
DA:131,0
DA:132,0
DA:133,0
DA:134,0
DA:135,0
DA:143,0
DA:144,0
DA:145,0
DA:151,0
DA:152,0
DA:153,0
DA:156,0
DA:157,0
DA:162,0
DA:165,0
DA:167,0
DA:175,0
DA:177,0
DA:179,0
DA:185,0
DA:186,0
DA:189,0
DA:194,0
DA:195,0
DA:203,0
DA:204,0
DA:248,0
DA:254,0
DA:263,0
DA:292,0
DA:294,0
DA:332,0
DA:333,0
DA:344,0
DA:348,0
DA:350,0
DA:422,0
DA:424,0
DA:471,1
LF:96
LH:2
BRDA:56,0,0,0
BRDA:56,0,1,0
BRDA:63,1,0,0
BRDA:63,1,1,0
BRDA:73,2,0,0
BRDA:73,2,1,0
BRDA:90,3,0,0
BRDA:90,3,1,0
BRDA:102,4,0,0
BRDA:102,4,1,0
BRDA:104,5,0,0
BRDA:104,5,1,0
BRDA:107,6,0,0
BRDA:107,6,1,0
BRDA:113,7,0,0
BRDA:113,7,1,0
BRDA:119,8,0,0
BRDA:119,8,1,0
BRDA:121,9,0,0
BRDA:121,9,1,0
BRDA:123,10,0,0
BRDA:123,10,1,0
BRDA:130,11,0,0
BRDA:130,11,1,0
BRDA:130,12,0,0
BRDA:130,12,1,0
BRDA:132,13,0,0
BRDA:132,13,1,0
BRDA:132,14,0,0
BRDA:132,14,1,0
BRDA:132,14,2,0
BRDA:134,15,0,0
BRDA:134,15,1,0
BRDA:177,16,0,0
BRDA:177,16,1,0
BRDA:185,17,0,0
BRDA:185,17,1,0
BRDA:185,18,0,0
BRDA:185,18,1,0
BRDA:186,19,0,0
BRDA:186,19,1,0
BRDA:187,20,0,0
BRDA:187,20,1,0
BRDA:189,21,0,0
BRDA:189,21,1,0
BRDA:189,21,2,0
BRDA:189,21,3,0
BRDA:189,21,4,0
BRDA:189,21,5,0
BRDA:194,22,0,0
BRDA:194,22,1,0
BRDA:203,23,0,0
BRDA:203,23,1,0
BRDA:222,24,0,0
BRDA:222,24,1,0
BRDA:277,25,0,0
BRDA:277,25,1,0
BRDA:278,26,0,0
BRDA:278,26,1,0
BRDA:279,27,0,0
BRDA:279,27,1,0
BRDA:285,28,0,0
BRDA:285,28,1,0
BRDA:288,29,0,0
BRDA:288,29,1,0
BRDA:297,30,0,0
BRDA:297,30,1,0
BRDA:303,31,0,0
BRDA:303,31,1,0
BRDA:305,32,0,0
BRDA:305,32,1,0
BRDA:325,33,0,0
BRDA:325,33,1,0
BRDA:333,34,0,0
BRDA:333,34,1,0
BRDA:337,35,0,0
BRDA:337,35,1,0
BRDA:353,36,0,0
BRDA:353,36,1,0
BRDA:358,37,0,0
BRDA:358,37,1,0
BRDA:373,38,0,0
BRDA:373,38,1,0
BRDA:386,39,0,0
BRDA:386,39,1,0
BRDA:427,40,0,0
BRDA:427,40,1,0
BRDA:450,41,0,0
BRDA:450,41,1,0
BRDA:460,42,0,0
BRDA:460,42,1,0
BRDA:477,43,0,1
BRDA:477,43,1,0
BRDA:504,44,0,1
BRDA:504,44,1,0
BRDA:606,45,0,0
BRDA:606,45,1,1
BRDA:619,46,0,1
BRDA:619,46,1,0
BRDA:729,47,0,1
BRDA:729,47,1,0
BRDA:739,48,0,1
BRDA:739,48,1,0
BRDA:754,49,0,1
BRDA:754,49,1,0
BRF:105
BRH:7
end_of_record
TN:
SF:src/screens/clients/HomeScreen.styles.ts
FNF:0
FNH:0
DA:4,4
LF:1
LH:1
BRF:0
BRH:0
end_of_record
TN:
SF:src/screens/clients/HomeScreen.tsx
FN:33,HomeScreen
FN:54,(anonymous_1)
FN:62,(anonymous_2)
FN:101,(anonymous_3)
FN:137,(anonymous_4)
FN:164,(anonymous_5)
FN:179,(anonymous_6)
FN:180,(anonymous_7)
FN:184,(anonymous_8)
FN:215,(anonymous_9)
FN:224,(anonymous_10)
FN:225,(anonymous_11)
FN:247,(anonymous_12)
FNF:13
FNH:5
FNDA:15,HomeScreen
FNDA:0,(anonymous_1)
FNDA:0,(anonymous_2)
FNDA:0,(anonymous_3)
FNDA:0,(anonymous_4)
FNDA:0,(anonymous_5)
FNDA:48,(anonymous_6)
FNDA:42,(anonymous_7)
FNDA:0,(anonymous_8)
FNDA:0,(anonymous_9)
FNDA:46,(anonymous_10)
FNDA:40,(anonymous_11)
FNDA:0,(anonymous_12)
DA:22,3
DA:48,15
DA:50,15
DA:51,15
DA:52,15
DA:54,15
DA:55,0
DA:56,0
DA:59,0
DA:62,0
DA:63,0
DA:67,15
DA:101,0
DA:137,0
DA:164,0
DA:179,48
DA:181,42
DA:185,0
DA:186,0
DA:187,0
DA:188,0
DA:189,0
DA:190,0
DA:191,0
DA:192,0
DA:193,0
DA:194,0
DA:215,0
DA:224,46
DA:226,40
DA:248,0
LF:31
LH:11
BRDA:55,0,0,0
BRDA:55,0,1,0
BRDA:76,1,0,15
BRDA:76,1,1,0
BRDA:81,2,0,4
BRDA:81,2,1,11
BRDA:97,3,0,15
BRDA:97,3,1,0
BRDA:130,4,0,15
BRDA:130,4,1,4
BRDA:130,4,2,4
BRDA:154,5,0,15
BRDA:154,5,1,15
BRDA:154,5,2,15
BRDA:154,5,3,0
BRDA:160,6,0,0
BRDA:160,6,1,0
BRDA:185,7,0,0
BRDA:185,7,1,0
BRDA:187,8,0,0
BRDA:187,8,1,0
BRDA:189,9,0,0
BRDA:189,9,1,0
BRDA:191,10,0,0
BRDA:191,10,1,0
BRDA:193,11,0,0
BRDA:193,11,1,0
BRDA:237,12,0,15
BRDA:237,12,1,2
BRDA:243,13,0,15
BRDA:243,13,1,0
BRDA:247,14,0,15
BRDA:247,14,1,14
BRDA:257,15,0,15
BRDA:257,15,1,13
BRDA:257,15,2,13
BRDA:257,15,3,13
BRDA:257,16,0,13
BRDA:257,16,1,13
BRF:39
BRH:21
end_of_record
TN:
SF:src/screens/clients/NotificationSettingsScreen.tsx
FN:47,(anonymous_0)
FN:62,NotificationSettingsScreen
FN:66,(anonymous_2)
FN:70,(anonymous_3)
FN:111,(anonymous_4)
FN:112,(anonymous_5)
FN:113,(anonymous_6)
FN:119,(anonymous_7)
FN:138,(anonymous_8)
FN:149,(anonymous_9)
FN:156,(anonymous_10)
FN:240,(anonymous_11)
FN:308,(anonymous_12)
FN:326,(anonymous_13)
FN:337,(anonymous_14)
FN:348,(anonymous_15)
FNF:16
FNH:7
FNDA:1,(anonymous_0)
FNDA:4,NotificationSettingsScreen
FNDA:2,(anonymous_2)
FNDA:2,(anonymous_3)
FNDA:0,(anonymous_4)
FNDA:0,(anonymous_5)
FNDA:0,(anonymous_6)
FNDA:1,(anonymous_7)
FNDA:0,(anonymous_8)
FNDA:4,(anonymous_9)
FNDA:0,(anonymous_10)
FNDA:0,(anonymous_11)
FNDA:36,(anonymous_12)
FNDA:0,(anonymous_13)
FNDA:0,(anonymous_14)
FNDA:0,(anonymous_15)
DA:45,1
DA:47,1
DA:49,1
DA:53,1
DA:63,4
DA:64,4
DA:66,4
DA:67,2
DA:70,4
DA:71,2
DA:72,2
DA:73,2
DA:74,2
DA:75,2
DA:76,2
DA:79,0
DA:84,4
DA:85,4
DA:86,4
DA:89,4
DA:90,4
DA:91,4
DA:94,4
DA:95,4
DA:96,4
DA:98,4
DA:111,4
DA:112,0
DA:113,0
DA:114,0
DA:119,4
DA:120,1
DA:122,1
DA:123,1
DA:129,1
DA:132,0
DA:134,1
DA:138,4
DA:141,0
DA:149,4
DA:151,4
DA:156,0
DA:240,0
DA:309,36
DA:326,0
DA:337,0
DA:348,0
DA:387,1
LF:48
LH:37
BRDA:47,0,0,1
BRDA:49,1,0,0
BRDA:49,1,1,1
BRDA:73,2,0,2
BRDA:73,2,1,0
BRDA:74,3,0,2
BRDA:74,3,1,0
BRDA:75,4,0,2
BRDA:75,4,1,0
BRDA:76,5,0,2
BRDA:76,5,1,0
BRDA:114,6,0,0
BRDA:114,6,1,0
BRDA:149,7,0,4
BRDA:149,7,1,0
BRDA:236,8,0,4
BRDA:236,8,1,4
BRDA:274,9,0,4
BRDA:274,9,1,0
BRDA:321,10,0,36
BRDA:321,10,1,36
BRDA:332,11,0,36
BRDA:332,11,1,36
BRDA:343,12,0,36
BRDA:343,12,1,0
BRDA:399,13,0,0
BRDA:399,13,1,1
BRDA:553,14,0,1
BRDA:553,14,1,0
BRF:29
BRH:17
end_of_record
TN:
SF:src/screens/clients/NotificationsScreen.tsx
FN:42,normalizeType
FN:61,formatRelativeTime
FN:78,(anonymous_2)
FN:96,(anonymous_3)
FN:115,NotificationsScreen
FN:123,(anonymous_5)
FN:129,(anonymous_6)
FN:135,(anonymous_7)
FN:137,(anonymous_8)
FN:150,(anonymous_9)
FN:156,(anonymous_10)
FN:160,(anonymous_11)
FN:165,(anonymous_12)
FN:165,(anonymous_13)
FN:168,(anonymous_14)
FN:171,(anonymous_15)
FN:171,(anonymous_16)
FN:179,(anonymous_17)
FN:188,(anonymous_18)
FN:203,(anonymous_19)
FN:210,(anonymous_20)
FN:210,(anonymous_21)
FN:211,(anonymous_22)
FN:221,(anonymous_23)
FN:225,(anonymous_24)
FN:227,(anonymous_25)
FN:228,(anonymous_26)
FN:240,(anonymous_27)
FN:246,(anonymous_28)
FN:247,(anonymous_29)
FN:281,(anonymous_30)
FN:312,(anonymous_31)
FN:363,(anonymous_32)
FNF:33
FNH:21
FNDA:4,normalizeType
FNDA:4,formatRelativeTime
FNDA:5,(anonymous_2)
FNDA:5,(anonymous_3)
FNDA:5,NotificationsScreen
FNDA:0,(anonymous_5)
FNDA:2,(anonymous_6)
FNDA:2,(anonymous_7)
FNDA:4,(anonymous_8)
FNDA:0,(anonymous_9)
FNDA:2,(anonymous_10)
FNDA:2,(anonymous_11)
FNDA:4,(anonymous_12)
FNDA:4,(anonymous_13)
FNDA:0,(anonymous_14)
FNDA:0,(anonymous_15)
FNDA:0,(anonymous_16)
FNDA:0,(anonymous_17)
FNDA:0,(anonymous_18)
FNDA:0,(anonymous_19)
FNDA:0,(anonymous_20)
FNDA:0,(anonymous_21)
FNDA:0,(anonymous_22)
FNDA:5,(anonymous_23)
FNDA:10,(anonymous_24)
FNDA:1,(anonymous_25)
FNDA:10,(anonymous_26)
FNDA:5,(anonymous_27)
FNDA:0,(anonymous_28)
FNDA:5,(anonymous_29)
FNDA:5,(anonymous_30)
FNDA:4,(anonymous_31)
FNDA:8,(anonymous_32)
DA:25,1
DA:26,1
DA:43,4
DA:47,0
DA:49,0
DA:51,0
DA:54,0
DA:57,4
DA:62,4
DA:63,4
DA:64,4
DA:65,4
DA:66,4
DA:67,0
DA:68,0
DA:69,0
DA:70,0
DA:71,0
DA:72,0
DA:74,0
DA:78,1
DA:79,5
DA:80,5
DA:82,0
DA:84,0
DA:86,0
DA:88,0
DA:90,5
DA:92,0
DA:96,1
DA:97,5
DA:99,0
DA:101,0
DA:103,0
DA:105,0
DA:107,5
DA:109,0
DA:116,5
DA:117,5
DA:118,5
DA:119,5
DA:120,5
DA:121,5
DA:123,5
DA:125,0
DA:129,5
DA:130,2
DA:131,2
DA:132,2
DA:133,2
DA:136,2
DA:137,4
DA:147,2
DA:148,2
DA:151,0
DA:152,0
DA:153,0
DA:154,0
DA:157,2
DA:158,2
DA:160,2
DA:161,2
DA:165,5
DA:166,5
DA:168,5
DA:169,0
DA:170,0
DA:171,0
DA:172,0
DA:173,0
DA:175,0
DA:179,5
DA:180,0
DA:189,0
DA:190,0
DA:191,0
DA:192,0
DA:193,0
DA:195,0
DA:203,5
DA:204,0
DA:206,0
DA:208,0
DA:210,0
DA:211,0
DA:212,0
DA:213,0
DA:221,5
DA:222,5
DA:225,5
DA:226,10
DA:227,1
DA:228,10
DA:240,5
DA:241,5
DA:242,5
DA:244,5
DA:246,0
DA:247,5
DA:281,5
DA:282,5
DA:283,2
DA:290,3
DA:291,3
DA:312,5
DA:313,4
DA:314,2
DA:331,5
DA:363,8
DA:374,1
LF:110
LH:63
BRDA:43,0,0,0
BRDA:43,0,1,0
BRDA:43,0,2,0
BRDA:43,0,3,0
BRDA:43,0,4,0
BRDA:43,0,5,0
BRDA:43,0,6,0
BRDA:43,0,7,0
BRDA:43,0,8,4
BRDA:66,1,0,4
BRDA:66,1,1,0
BRDA:67,2,0,0
BRDA:67,2,1,0
BRDA:69,3,0,0
BRDA:69,3,1,0
BRDA:71,4,0,0
BRDA:71,4,1,0
BRDA:80,5,0,0
BRDA:80,5,1,0
BRDA:80,5,2,0
BRDA:80,5,3,0
BRDA:80,5,4,5
BRDA:80,5,5,0
BRDA:97,6,0,0
BRDA:97,6,1,0
BRDA:97,6,2,0
BRDA:97,6,3,0
BRDA:97,6,4,5
BRDA:97,6,5,0
BRDA:136,7,0,0
BRDA:136,7,1,2
BRDA:148,8,0,2
BRDA:148,8,1,0
BRDA:151,9,0,0
BRDA:151,9,1,0
BRDA:152,10,0,0
BRDA:152,10,1,0
BRDA:157,11,0,0
BRDA:157,11,1,2
BRDA:166,12,0,4
BRDA:166,12,1,1
BRDA:175,13,0,0
BRDA:175,13,1,0
BRDA:195,14,0,0
BRDA:195,14,1,0
BRDA:204,15,0,0
BRDA:204,15,1,0
BRDA:208,16,0,0
BRDA:208,16,1,0
BRDA:210,17,0,0
BRDA:210,17,1,0
BRDA:230,18,0,5
BRDA:230,18,1,5
BRDA:231,19,0,0
BRDA:231,19,1,10
BRDA:234,20,0,5
BRDA:234,20,1,5
BRDA:249,21,0,0
BRDA:249,21,1,5
BRDA:250,22,0,3
BRDA:250,22,1,2
BRDA:254,23,0,0
BRDA:254,23,1,5
BRDA:271,24,0,5
BRDA:271,24,1,3
BRDA:282,25,0,2
BRDA:282,25,1,3
BRDA:294,26,0,1
BRDA:294,26,1,2
BRDA:301,27,0,1
BRDA:301,27,1,2
BRDA:304,28,0,1
BRDA:304,28,1,2
BRDA:313,29,0,2
BRDA:313,29,1,2
BRF:75
BRH:30
end_of_record
TN:
SF:src/screens/clients/ProfileScreen.tsx
FN:63,(anonymous_0)
FN:66,(anonymous_1)
FN:104,(anonymous_2)
FN:112,ProfileScreen
FN:131,(anonymous_4)
FN:137,(anonymous_5)
FN:143,(anonymous_6)
FN:156,(anonymous_7)
FN:162,(anonymous_8)
FN:166,(anonymous_9)
FN:174,(anonymous_10)
FN:178,(anonymous_11)
FN:184,(anonymous_12)
FN:217,(anonymous_13)
FN:234,(anonymous_14)
FN:251,(anonymous_15)
FN:270,(anonymous_16)
FN:271,(anonymous_17)
FN:291,(anonymous_18)
FN:340,(anonymous_19)
FN:387,(anonymous_20)
FN:453,(anonymous_21)
FN:469,(anonymous_22)
FN:485,(anonymous_23)
FN:503,(anonymous_24)
FN:516,(anonymous_25)
FN:522,(anonymous_26)
FN:525,(anonymous_27)
FN:552,(anonymous_28)
FN:571,(anonymous_29)
FN:575,(anonymous_30)
FN:576,(anonymous_31)
FNF:32
FNH:12
FNDA:14,(anonymous_0)
FNDA:14,(anonymous_1)
FNDA:10,(anonymous_2)
FNDA:2,ProfileScreen
FNDA:0,(anonymous_4)
FNDA:2,(anonymous_5)
FNDA:1,(anonymous_6)
FNDA:1,(anonymous_7)
FNDA:1,(anonymous_8)
FNDA:0,(anonymous_9)
FNDA:1,(anonymous_10)
FNDA:1,(anonymous_11)
FNDA:0,(anonymous_12)
FNDA:0,(anonymous_13)
FNDA:0,(anonymous_14)
FNDA:0,(anonymous_15)
FNDA:0,(anonymous_16)
FNDA:2,(anonymous_17)
FNDA:2,(anonymous_18)
FNDA:0,(anonymous_19)
FNDA:0,(anonymous_20)
FNDA:0,(anonymous_21)
FNDA:0,(anonymous_22)
FNDA:0,(anonymous_23)
FNDA:0,(anonymous_24)
FNDA:0,(anonymous_25)
FNDA:0,(anonymous_26)
FNDA:0,(anonymous_27)
FNDA:0,(anonymous_28)
FNDA:0,(anonymous_29)
FNDA:0,(anonymous_30)
FNDA:0,(anonymous_31)
DA:63,1
DA:64,14
DA:66,14
DA:104,1
DA:105,10
DA:113,2
DA:114,2
DA:119,2
DA:120,2
DA:121,2
DA:122,2
DA:123,2
DA:125,2
DA:126,2
DA:131,2
DA:133,0
DA:137,2
DA:138,2
DA:139,2
DA:140,2
DA:143,2
DA:144,1
DA:145,0
DA:146,0
DA:148,0
DA:149,0
DA:151,0
DA:156,2
DA:157,1
DA:158,1
DA:159,1
DA:160,1
DA:163,1
DA:164,1
DA:167,0
DA:168,0
DA:169,0
DA:172,0
DA:175,1
DA:176,1
DA:178,1
DA:179,1
DA:184,2
DA:185,0
DA:188,0
DA:189,0
DA:190,0
DA:191,0
DA:195,0
DA:203,0
DA:204,0
DA:207,0
DA:208,0
DA:209,0
DA:212,0
DA:215,0
DA:217,0
DA:219,0
DA:220,0
DA:221,0
DA:224,0
DA:225,0
DA:228,0
DA:230,0
DA:234,2
DA:235,0
DA:237,0
DA:238,0
DA:239,0
DA:241,0
DA:252,0
DA:262,2
DA:270,0
DA:271,2
DA:291,2
DA:340,0
DA:387,0
DA:454,0
DA:470,0
DA:486,0
DA:503,0
DA:516,0
DA:522,0
DA:525,0
DA:552,0
DA:571,0
DA:575,0
DA:576,0
DA:585,1
LF:89
LH:38
BRDA:63,0,0,10
BRDA:68,1,0,0
BRDA:68,1,1,14
BRDA:75,2,0,14
BRDA:75,2,1,4
BRDA:78,3,0,4
BRDA:78,3,1,10
BRDA:80,4,0,14
BRDA:80,4,1,4
BRDA:85,5,0,14
BRDA:85,5,1,0
BRDA:90,6,0,14
BRDA:90,6,1,0
BRDA:138,7,0,2
BRDA:138,7,1,1
BRDA:138,7,2,0
BRDA:139,8,0,2
BRDA:139,8,1,1
BRDA:139,8,2,0
BRDA:140,9,0,2
BRDA:140,9,1,0
BRDA:144,10,0,1
BRDA:144,10,1,0
BRDA:148,11,0,0
BRDA:148,11,1,0
BRDA:163,12,0,0
BRDA:163,12,1,1
BRDA:167,13,0,0
BRDA:167,13,1,0
BRDA:169,14,0,0
BRDA:169,14,1,0
BRDA:169,15,0,0
BRDA:169,15,1,0
BRDA:169,15,2,0
BRDA:175,16,0,0
BRDA:175,16,1,1
BRDA:185,17,0,0
BRDA:185,17,1,0
BRDA:189,18,0,0
BRDA:189,18,1,0
BRDA:203,19,0,0
BRDA:203,19,1,0
BRDA:203,20,0,0
BRDA:203,20,1,0
BRDA:203,20,2,0
BRDA:217,21,0,0
BRDA:217,21,1,0
BRDA:220,22,0,0
BRDA:220,22,1,0
BRDA:221,23,0,0
BRDA:221,23,1,0
BRDA:225,24,0,0
BRDA:225,24,1,0
BRDA:225,25,0,0
BRDA:225,25,1,0
BRDA:225,25,2,0
BRDA:237,26,0,0
BRDA:237,26,1,0
BRDA:242,27,0,0
BRDA:242,27,1,0
BRDA:243,28,0,0
BRDA:243,28,1,0
BRDA:246,29,0,0
BRDA:246,29,1,0
BRDA:250,30,0,0
BRDA:250,30,1,0
BRDA:271,31,0,0
BRDA:271,31,1,2
BRDA:282,32,0,1
BRDA:282,32,1,1
BRDA:293,33,0,0
BRDA:293,33,1,2
BRDA:293,34,0,2
BRDA:293,34,1,2
BRDA:298,35,0,0
BRDA:298,35,1,2
BRDA:307,36,0,1
BRDA:307,36,1,1
BRDA:311,37,0,1
BRDA:311,37,1,0
BRDA:311,38,0,0
BRDA:311,38,1,0
BRDA:311,39,0,0
BRDA:311,39,1,0
BRDA:312,40,0,1
BRDA:312,40,1,1
BRDA:313,41,0,1
BRDA:313,41,1,1
BRDA:319,42,0,2
BRDA:319,42,1,0
BRDA:324,43,0,2
BRDA:324,43,1,0
BRDA:333,44,0,0
BRDA:333,44,1,2
BRDA:349,45,0,1
BRDA:349,45,1,1
BRDA:352,46,0,1
BRDA:352,46,1,1
BRDA:360,47,0,1
BRDA:360,47,1,1
BRDA:363,48,0,1
BRDA:363,48,1,1
BRDA:371,49,0,1
BRDA:371,49,1,1
BRDA:374,50,0,1
BRDA:374,50,1,1
BRDA:572,51,0,2
BRDA:572,51,1,0
BRDA:573,52,0,2
BRDA:573,52,1,0
BRDA:575,53,0,2
BRDA:575,53,1,0
BRDA:576,54,0,2
BRDA:576,54,1,0
BRF:114
BRH:51
end_of_record
TN:
SF:src/screens/clients/ProviderProfile.tsx
FN:26,ProviderProfile
FN:41,(anonymous_1)
FN:48,loadProfile
FN:65,(anonymous_3)
FN:66,(anonymous_4)
FN:67,(anonymous_5)
FN:86,(anonymous_6)
FN:109,(anonymous_7)
FN:113,(anonymous_8)
FN:116,(anonymous_9)
FN:116,(anonymous_10)
FN:145,(anonymous_11)
FN:169,(anonymous_12)
FN:178,(anonymous_13)
FN:189,(anonymous_14)
FN:190,(anonymous_15)
FN:207,(anonymous_16)
FN:218,(anonymous_17)
FN:228,(anonymous_18)
FN:240,(anonymous_19)
FN:244,(anonymous_20)
FN:249,(anonymous_21)
FN:284,(anonymous_22)
FN:288,(anonymous_23)
FN:315,(anonymous_24)
FN:325,(anonymous_25)
FN:352,(anonymous_26)
FN:353,(anonymous_27)
FN:354,(anonymous_28)
FN:357,(anonymous_29)
FN:358,(anonymous_30)
FN:370,(anonymous_31)
FN:374,(anonymous_32)
FNF:33
FNH:12
FNDA:15,ProviderProfile
FNDA:6,(anonymous_1)
FNDA:6,loadProfile
FNDA:0,(anonymous_3)
FNDA:0,(anonymous_4)
FNDA:0,(anonymous_5)
FNDA:0,(anonymous_6)
FNDA:0,(anonymous_7)
FNDA:0,(anonymous_8)
FNDA:0,(anonymous_9)
FNDA:0,(anonymous_10)
FNDA:45,(anonymous_11)
FNDA:2,(anonymous_12)
FNDA:0,(anonymous_13)
FNDA:36,(anonymous_14)
FNDA:3,(anonymous_15)
FNDA:1,(anonymous_16)
FNDA:0,(anonymous_17)
FNDA:0,(anonymous_18)
FNDA:0,(anonymous_19)
FNDA:0,(anonymous_20)
FNDA:0,(anonymous_21)
FNDA:7,(anonymous_22)
FNDA:0,(anonymous_23)
FNDA:0,(anonymous_24)
FNDA:0,(anonymous_25)
FNDA:16,(anonymous_26)
FNDA:16,(anonymous_27)
FNDA:16,(anonymous_28)
FNDA:0,(anonymous_29)
FNDA:0,(anonymous_30)
FNDA:0,(anonymous_31)
FNDA:0,(anonymous_32)
DA:27,15
DA:28,15
DA:29,15
DA:31,15
DA:32,15
DA:33,15
DA:35,15
DA:36,15
DA:37,15
DA:38,15
DA:39,15
DA:41,15
DA:42,6
DA:43,0
DA:44,0
DA:45,0
DA:49,6
DA:50,6
DA:51,6
DA:52,6
DA:54,0
DA:56,6
DA:59,6
DA:62,6
DA:65,15
DA:66,0
DA:67,0
DA:71,15
DA:72,6
DA:81,9
DA:82,0
DA:86,0
DA:94,9
DA:109,0
DA:113,0
DA:116,0
DA:146,45
DA:170,2
DA:179,0
DA:190,36
DA:208,1
DA:219,0
DA:229,0
DA:241,0
DA:245,0
DA:246,0
DA:249,0
DA:285,7
DA:289,0
DA:290,0
DA:316,0
DA:326,0
DA:352,16
DA:353,16
DA:354,16
DA:357,0
DA:359,0
DA:370,0
DA:374,0
DA:387,5
DA:388,5
DA:390,5
LF:62
LH:36
BRDA:29,0,0,15
BRDA:29,0,1,0
BRDA:42,1,0,0
BRDA:42,1,1,6
BRDA:67,2,0,0
BRDA:67,2,1,0
BRDA:71,3,0,6
BRDA:71,3,1,9
BRDA:81,4,0,0
BRDA:81,4,1,9
BRDA:81,5,0,9
BRDA:81,5,1,9
BRDA:85,6,0,0
BRDA:85,6,1,0
BRDA:100,7,0,9
BRDA:100,7,1,5
BRDA:117,8,0,0
BRDA:117,8,1,9
BRDA:117,9,0,0
BRDA:117,9,1,9
BRDA:126,10,0,9
BRDA:126,10,1,5
BRDA:131,11,0,9
BRDA:131,11,1,0
BRDA:141,12,0,9
BRDA:141,12,1,6
BRDA:148,13,0,40
BRDA:148,13,1,5
BRDA:150,14,0,40
BRDA:150,14,1,5
BRDA:161,15,0,0
BRDA:161,15,1,9
BRDA:169,16,0,9
BRDA:169,16,1,5
BRDA:178,17,0,9
BRDA:178,17,1,5
BRDA:190,18,0,36
BRDA:190,18,1,9
BRDA:191,19,0,36
BRDA:191,19,1,9
BRDA:192,20,0,9
BRDA:192,20,1,27
BRDA:192,21,0,9
BRDA:192,21,1,18
BRDA:192,22,0,9
BRDA:192,22,1,9
BRDA:198,23,0,9
BRDA:198,23,1,6
BRDA:202,24,0,6
BRDA:202,24,1,6
BRDA:207,25,0,6
BRDA:207,25,1,4
BRDA:218,26,0,6
BRDA:218,26,1,6
BRDA:228,27,0,6
BRDA:228,27,1,5
BRDA:230,28,0,0
BRDA:230,28,1,0
BRDA:231,29,0,0
BRDA:231,29,1,0
BRDA:238,30,0,9
BRDA:238,30,1,0
BRDA:240,31,0,0
BRDA:240,31,1,0
BRDA:250,32,0,0
BRDA:250,32,1,0
BRDA:257,33,0,0
BRDA:257,33,1,0
BRDA:270,34,0,0
BRDA:270,34,1,0
BRDA:270,34,2,0
BRDA:278,35,0,9
BRDA:278,35,1,3
BRDA:281,36,0,3
BRDA:281,36,1,0
BRDA:284,37,0,3
BRDA:284,37,1,0
BRDA:305,38,0,3
BRDA:305,38,1,3
BRDA:305,38,2,0
BRDA:311,39,0,9
BRDA:311,39,1,0
BRDA:315,40,0,0
BRDA:315,40,1,0
BRDA:328,41,0,0
BRDA:328,41,1,0
BRDA:335,42,0,0
BRDA:335,42,1,0
BRDA:342,43,0,0
BRDA:342,43,1,0
BRDA:342,43,2,0
BRDA:351,44,0,9
BRDA:351,44,1,1
BRDA:360,45,0,0
BRDA:360,45,1,0
BRDA:367,46,0,0
BRDA:367,46,1,9
BRF:97
BRH:56
end_of_record
TN:
SF:src/screens/clients/SearchScreen.tsx
FN:43,(anonymous_0)
FN:69,SearchScreen
FN:82,(anonymous_2)
FN:110,(anonymous_3)
FN:111,(anonymous_4)
FN:113,(anonymous_5)
FN:119,(anonymous_6)
FN:127,(anonymous_7)
FN:128,(anonymous_8)
FN:139,(anonymous_9)
FN:140,(anonymous_10)
FN:149,(anonymous_11)
FN:156,(anonymous_12)
FN:158,(anonymous_13)
FN:167,(anonymous_14)
FN:177,(anonymous_15)
FN:182,(anonymous_16)
FN:186,(anonymous_17)
FN:192,(anonymous_18)
FN:194,fetchResults
FN:196,(anonymous_20)
FN:214,(anonymous_21)
FN:235,(anonymous_22)
FN:239,(anonymous_23)
FN:241,initFav
FN:243,(anonymous_25)
FN:253,(anonymous_26)
FN:258,(anonymous_27)
FN:277,(anonymous_28)
FN:278,(anonymous_29)
FN:302,(anonymous_30)
FN:325,(anonymous_31)
FN:329,(anonymous_32)
FN:344,(anonymous_33)
FN:350,(anonymous_34)
FN:355,(anonymous_35)
FN:370,(anonymous_36)
FN:373,(anonymous_37)
FN:376,(anonymous_38)
FN:383,(anonymous_39)
FN:393,(anonymous_40)
FN:394,(anonymous_41)
FN:401,(anonymous_42)
FN:408,(anonymous_43)
FN:426,(anonymous_44)
FN:466,(anonymous_45)
FNF:46
FNH:20
FNDA:192,(anonymous_0)
FNDA:24,SearchScreen
FNDA:7,(anonymous_2)
FNDA:0,(anonymous_3)
FNDA:0,(anonymous_4)
FNDA:0,(anonymous_5)
FNDA:0,(anonymous_6)
FNDA:0,(anonymous_7)
FNDA:0,(anonymous_8)
FNDA:0,(anonymous_9)
FNDA:0,(anonymous_10)
FNDA:0,(anonymous_11)
FNDA:7,(anonymous_12)
FNDA:7,(anonymous_13)
FNDA:15,(anonymous_14)
FNDA:7,(anonymous_15)
FNDA:0,(anonymous_16)
FNDA:0,(anonymous_17)
FNDA:11,(anonymous_18)
FNDA:5,fetchResults
FNDA:0,(anonymous_20)
FNDA:4,(anonymous_21)
FNDA:11,(anonymous_22)
FNDA:12,(anonymous_23)
FNDA:12,initFav
FNDA:4,(anonymous_25)
FNDA:12,(anonymous_26)
FNDA:5,(anonymous_27)
FNDA:0,(anonymous_28)
FNDA:1,(anonymous_29)
FNDA:0,(anonymous_30)
FNDA:0,(anonymous_31)
FNDA:0,(anonymous_32)
FNDA:0,(anonymous_33)
FNDA:192,(anonymous_34)
FNDA:0,(anonymous_35)
FNDA:0,(anonymous_36)
FNDA:0,(anonymous_37)
FNDA:0,(anonymous_38)
FNDA:0,(anonymous_39)
FNDA:0,(anonymous_40)
FNDA:0,(anonymous_41)
FNDA:0,(anonymous_42)
FNDA:0,(anonymous_43)
FNDA:5,(anonymous_44)
FNDA:24,(anonymous_45)
DA:43,4
DA:44,192
DA:45,192
DA:46,192
DA:54,192
DA:59,192
DA:70,24
DA:71,24
DA:72,24
DA:73,24
DA:74,24
DA:75,24
DA:76,24
DA:77,24
DA:78,24
DA:79,24
DA:82,24
DA:83,7
DA:84,0
DA:85,7
DA:88,2
DA:92,24
DA:93,24
DA:94,24
DA:95,24
DA:96,24
DA:99,24
DA:110,24
DA:111,0
DA:112,0
DA:113,0
DA:118,24
DA:120,0
DA:122,0
DA:123,0
DA:125,0
DA:127,0
DA:128,0
DA:131,0
DA:132,0
DA:133,0
DA:135,0
DA:139,0
DA:140,0
DA:143,0
DA:149,24
DA:150,0
DA:153,24
DA:156,24
DA:157,7
DA:158,7
DA:159,7
DA:160,7
DA:163,7
DA:164,7
DA:165,5
DA:166,5
DA:167,15
DA:177,7
DA:178,7
DA:182,24
DA:183,0
DA:186,24
DA:187,0
DA:188,0
DA:192,24
DA:196,5
DA:197,5
DA:199,5
DA:200,0
DA:201,0
DA:202,0
DA:203,0
DA:206,5
DA:207,5
DA:208,5
DA:210,5
DA:212,5
DA:214,5
DA:215,5
DA:218,0
DA:221,0
DA:222,0
DA:224,5
DA:231,11
DA:232,11
DA:234,11
DA:235,11
DA:239,24
DA:240,12
DA:242,12
DA:243,12
DA:244,12
DA:245,3
DA:246,3
DA:247,1
DA:252,12
DA:253,12
DA:254,12
DA:258,24
DA:259,5
DA:261,5
DA:273,5
DA:277,0
DA:278,1
DA:283,24
DA:303,0
DA:304,0
DA:326,0
DA:329,0
DA:344,0
DA:351,192
DA:355,0
DA:370,0
DA:373,0
DA:376,0
DA:383,0
DA:394,0
DA:395,0
DA:401,0
DA:408,0
DA:427,5
DA:466,4
DA:467,24
DA:468,24
DA:473,24
DA:479,24
DA:488,4
LF:128
LH:85
BRDA:48,0,0,0
BRDA:48,0,1,192
BRDA:50,1,0,0
BRDA:50,1,1,192
BRDA:56,2,0,0
BRDA:56,2,1,192
BRDA:56,3,0,192
BRDA:56,3,1,192
BRDA:76,4,0,24
BRDA:76,4,1,24
BRDA:76,4,2,19
BRDA:78,5,0,0
BRDA:78,5,1,24
BRDA:83,6,0,0
BRDA:83,6,1,7
BRDA:85,7,0,2
BRDA:85,7,1,5
BRDA:85,8,0,7
BRDA:85,8,1,7
BRDA:88,9,0,2
BRDA:88,9,1,2
BRDA:88,9,2,0
BRDA:112,10,0,0
BRDA:112,10,1,0
BRDA:120,11,0,0
BRDA:120,11,1,0
BRDA:128,12,0,0
BRDA:128,12,1,0
BRDA:132,13,0,0
BRDA:132,13,1,0
BRDA:140,14,0,0
BRDA:140,14,1,0
BRDA:160,15,0,7
BRDA:160,15,1,0
BRDA:165,16,0,5
BRDA:165,16,1,0
BRDA:166,17,0,1
BRDA:166,17,1,4
BRDA:166,18,0,5
BRDA:166,18,1,5
BRDA:169,19,0,15
BRDA:169,19,1,0
BRDA:199,20,0,0
BRDA:199,20,1,5
BRDA:199,21,0,5
BRDA:199,21,1,0
BRDA:210,22,0,0
BRDA:210,22,1,5
BRDA:218,23,0,0
BRDA:218,23,1,0
BRDA:231,24,0,11
BRDA:231,24,1,11
BRDA:231,24,2,2
BRDA:231,24,3,2
BRDA:232,25,0,2
BRDA:232,25,1,9
BRDA:242,26,0,0
BRDA:242,26,1,12
BRDA:243,27,0,12
BRDA:243,27,1,0
BRDA:244,28,0,9
BRDA:244,28,1,3
BRDA:247,29,0,1
BRDA:247,29,1,0
BRDA:247,30,0,1
BRDA:247,30,1,0
BRDA:266,31,0,5
BRDA:266,31,1,5
BRDA:307,32,0,24
BRDA:307,32,1,18
BRDA:318,33,0,24
BRDA:318,33,1,0
BRDA:334,34,0,24
BRDA:334,34,1,24
BRDA:354,35,0,0
BRDA:354,35,1,192
BRDA:363,36,0,18
BRDA:363,36,1,6
BRDA:367,37,0,0
BRDA:367,37,1,18
BRDA:370,38,0,18
BRDA:370,38,1,18
BRDA:371,39,0,18
BRDA:371,39,1,0
BRDA:373,40,0,18
BRDA:373,40,1,0
BRDA:374,41,0,0
BRDA:374,41,1,18
BRDA:376,42,0,18
BRDA:376,42,1,0
BRDA:377,43,0,0
BRDA:377,43,1,18
BRDA:391,44,0,18
BRDA:391,44,1,0
BRDA:398,45,0,0
BRDA:398,45,1,0
BRDA:418,46,0,18
BRDA:418,46,1,6
BRDA:419,47,0,0
BRDA:419,47,1,18
BRDA:424,48,0,4
BRDA:424,48,1,14
BRDA:437,49,0,14
BRDA:437,49,1,0
BRDA:466,50,0,0
BRDA:470,51,0,0
BRDA:470,51,1,24
BRDA:475,52,0,0
BRDA:475,52,1,24
BRDA:481,53,0,24
BRDA:481,53,1,24
BRF:111
BRH:67
end_of_record
TN:
SF:src/screens/clients/renderBookingCard.tsx
FN:20,renderBookingCard
FN:74,(anonymous_1)
FN:90,(anonymous_2)
FN:98,(anonymous_3)
FN:111,(anonymous_4)
FN:120,(anonymous_5)
FN:131,(anonymous_6)
FNF:7
FNH:1
FNDA:12,renderBookingCard
FNDA:0,(anonymous_1)
FNDA:0,(anonymous_2)
FNDA:0,(anonymous_3)
FNDA:0,(anonymous_4)
FNDA:0,(anonymous_5)
FNDA:0,(anonymous_6)
DA:14,3
DA:26,12
DA:27,12
DA:29,12
DA:30,12
DA:31,12
DA:32,12
DA:33,12
DA:34,12
DA:35,12
DA:36,12
DA:37,12
DA:38,12
DA:39,12
DA:42,12
DA:43,12
DA:44,12
DA:45,12
DA:46,12
DA:47,12
DA:49,12
DA:50,12
DA:51,12
DA:52,12
DA:53,12
DA:55,12
DA:57,12
DA:58,12
DA:60,12
DA:61,11
DA:62,11
DA:63,1
DA:64,0
DA:65,0
DA:66,1
DA:67,1
DA:68,1
DA:71,12
DA:72,12
DA:74,12
DA:75,0
DA:84,0
DA:87,0
DA:90,0
DA:91,0
DA:92,0
DA:99,0
DA:102,0
DA:107,0
DA:108,0
DA:111,0
DA:113,0
DA:118,12
DA:120,0
DA:131,0
DA:175,3
LF:56
LH:40
BRDA:30,0,0,12
BRDA:30,0,1,12
BRDA:35,1,0,12
BRDA:35,1,1,3
BRDA:36,2,0,12
BRDA:36,2,1,0
BRDA:39,3,0,12
BRDA:39,3,1,3
BRDA:47,4,0,2
BRDA:47,4,1,10
BRDA:47,5,0,12
BRDA:47,5,1,9
BRDA:49,6,0,12
BRDA:49,6,1,0
BRDA:51,7,0,12
BRDA:51,7,1,2
BRDA:55,8,0,11
BRDA:55,8,1,1
BRDA:55,9,0,0
BRDA:55,9,1,1
BRDA:55,10,0,1
BRDA:55,10,1,0
BRDA:60,11,0,11
BRDA:60,11,1,1
BRDA:63,12,0,0
BRDA:63,12,1,1
BRDA:66,13,0,1
BRDA:66,13,1,0
BRDA:75,14,0,0
BRDA:75,14,1,0
BRDA:75,15,0,0
BRDA:75,15,1,0
BRDA:87,16,0,0
BRDA:87,16,1,0
BRDA:91,17,0,0
BRDA:91,17,1,0
BRDA:102,18,0,0
BRDA:102,18,1,0
BRDA:102,19,0,0
BRDA:102,19,1,0
BRDA:111,20,0,0
BRDA:111,20,1,0
BRDA:128,21,0,12
BRDA:128,21,1,11
BRDA:131,22,0,0
BRDA:131,22,1,0
BRDA:133,23,0,2
BRDA:133,23,1,10
BRDA:163,24,0,12
BRDA:163,24,1,6
BRDA:163,24,2,6
BRF:51
BRH:29
end_of_record
TN:
SF:src/screens/clients/Booking/BookingFlow.styles.ts
FNF:0
FNH:0
DA:4,1
LF:1
LH:1
BRDA:15,0,0,0
BRDA:15,0,1,1
BRDA:28,1,0,1
BRDA:28,1,1,0
BRDA:138,2,0,1
BRDA:138,2,1,0
BRDA:148,3,0,1
BRDA:148,3,1,0
BRDA:163,4,0,1
BRDA:163,4,1,0
BRDA:216,5,0,1
BRDA:216,5,1,0
BRDA:224,6,0,1
BRDA:224,6,1,0
BRDA:296,7,0,1
BRDA:296,7,1,0
BRDA:323,8,0,1
BRDA:323,8,1,0
BRF:18
BRH:9
end_of_record
TN:
SF:src/screens/clients/Booking/BookingFlow.tsx
FN:34,BookingFlow
FN:111,(anonymous_1)
FN:122,(anonymous_2)
FN:128,(anonymous_3)
FN:162,(anonymous_4)
FN:165,(anonymous_5)
FN:201,(anonymous_6)
FN:202,(anonymous_7)
FN:212,(anonymous_8)
FN:216,(anonymous_9)
FN:219,(anonymous_10)
FN:288,(anonymous_11)
FN:291,(anonymous_12)
FNF:13
FNH:9
FNDA:14,BookingFlow
FNDA:0,(anonymous_1)
FNDA:1,(anonymous_2)
FNDA:0,(anonymous_3)
FNDA:5,(anonymous_4)
FNDA:2,(anonymous_5)
FNDA:1,(anonymous_6)
FNDA:0,(anonymous_7)
FNDA:6,(anonymous_8)
FNDA:34,(anonymous_9)
FNDA:1,(anonymous_10)
FNDA:3,(anonymous_11)
FNDA:0,(anonymous_12)
DA:26,1
DA:35,14
DA:36,14
DA:37,14
DA:64,14
DA:66,14
DA:67,3
DA:74,11
DA:75,1
DA:112,0
DA:122,1
DA:128,0
DA:137,10
DA:163,5
DA:165,2
DA:201,1
DA:202,0
DA:213,6
DA:217,34
DA:219,1
DA:289,3
DA:291,0
LF:22
LH:18
BRDA:36,0,0,14
BRDA:36,0,1,0
BRDA:37,1,0,14
BRDA:37,1,1,0
BRDA:66,2,0,3
BRDA:66,2,1,11
BRDA:74,3,0,1
BRDA:74,3,1,10
BRDA:87,4,0,1
BRDA:87,4,1,0
BRDA:92,5,0,1
BRDA:92,5,1,0
BRDA:149,6,0,10
BRDA:149,6,1,10
BRDA:150,7,0,10
BRDA:150,7,1,5
BRDA:151,8,0,10
BRDA:151,8,1,1
BRDA:156,9,0,10
BRDA:156,9,1,5
BRDA:159,10,0,0
BRDA:159,10,1,5
BRDA:168,11,0,5
BRDA:168,11,1,2
BRDA:174,12,0,5
BRDA:174,12,1,2
BRDA:176,13,0,5
BRDA:176,13,1,2
BRDA:195,14,0,10
BRDA:195,14,1,4
BRDA:202,15,0,0
BRDA:202,15,1,0
BRDA:206,16,0,4
BRDA:206,16,1,2
BRDA:222,17,0,34
BRDA:222,17,1,1
BRDA:227,18,0,34
BRDA:227,18,1,1
BRDA:241,19,0,10
BRDA:241,19,1,1
BRDA:254,20,0,1
BRDA:254,20,1,0
BRDA:294,21,0,3
BRDA:294,21,1,1
BRDA:316,22,0,10
BRDA:316,22,1,7
BRDA:326,23,0,1
BRDA:326,23,1,9
BRF:48
BRH:40
end_of_record
TN:
SF:src/screens/clients/Booking/hooks/useBookingFlow.ts
FN:15,(anonymous_0)
FN:30,(anonymous_1)
FN:49,(anonymous_2)
FN:54,loadProvider
FN:59,(anonymous_4)
FN:60,(anonymous_5)
FN:73,(anonymous_6)
FN:74,(anonymous_7)
FN:76,(anonymous_8)
FN:81,(anonymous_9)
FN:82,(anonymous_10)
FN:83,(anonymous_11)
FN:92,(anonymous_12)
FN:93,(anonymous_13)
FN:96,(anonymous_14)
FN:106,(anonymous_15)
FN:116,(anonymous_16)
FN:128,(anonymous_17)
FN:129,(anonymous_18)
FNF:19
FNH:17
FNDA:3,(anonymous_0)
FNDA:19,(anonymous_1)
FNDA:4,(anonymous_2)
FNDA:4,loadProvider
FNDA:4,(anonymous_4)
FNDA:4,(anonymous_5)
FNDA:2,(anonymous_6)
FNDA:2,(anonymous_7)
FNDA:0,(anonymous_8)
FNDA:8,(anonymous_9)
FNDA:8,(anonymous_10)
FNDA:8,(anonymous_11)
FNDA:1,(anonymous_12)
FNDA:1,(anonymous_13)
FNDA:1,(anonymous_14)
FNDA:0,(anonymous_15)
FNDA:5,(anonymous_16)
FNDA:2,(anonymous_17)
FNDA:2,(anonymous_18)
DA:15,2
DA:16,3
DA:18,3
DA:19,3
DA:22,3
DA:23,3
DA:25,3
DA:30,2
DA:31,19
DA:32,19
DA:33,19
DA:34,19
DA:35,19
DA:36,19
DA:37,19
DA:38,19
DA:40,19
DA:41,19
DA:42,19
DA:43,19
DA:45,19
DA:46,19
DA:47,19
DA:49,19
DA:50,4
DA:51,0
DA:52,0
DA:55,4
DA:56,4
DA:57,4
DA:58,4
DA:59,4
DA:60,4
DA:62,4
DA:64,0
DA:65,0
DA:67,4
DA:70,4
DA:73,19
DA:74,2
DA:75,2
DA:76,0
DA:81,19
DA:82,8
DA:83,8
DA:84,8
DA:85,8
DA:86,8
DA:87,8
DA:89,8
DA:92,19
DA:93,1
DA:94,1
DA:96,1
DA:98,1
DA:99,1
DA:101,1
DA:102,1
DA:103,0
DA:106,19
DA:107,0
DA:108,0
DA:109,0
DA:110,0
DA:111,0
DA:112,0
DA:116,19
DA:117,5
DA:118,2
DA:119,3
DA:120,1
DA:121,2
DA:122,2
DA:123,2
DA:124,2
DA:125,2
DA:126,2
DA:128,2
DA:129,2
DA:130,2
DA:133,2
DA:135,2
DA:143,1
DA:144,1
DA:146,1
DA:147,1
DA:149,2
DA:154,19
DA:155,19
DA:158,19
DA:163,19
LF:91
LH:79
BRDA:19,0,0,0
BRDA:19,0,1,3
BRDA:23,1,0,3
BRDA:23,1,1,0
BRDA:25,2,0,3
BRDA:25,2,1,0
BRDA:50,3,0,0
BRDA:50,3,1,4
BRDA:59,4,0,4
BRDA:59,4,1,0
BRDA:75,5,0,0
BRDA:75,5,1,2
BRDA:84,6,0,0
BRDA:84,6,1,8
BRDA:86,7,0,8
BRDA:86,7,1,0
BRDA:89,8,0,0
BRDA:89,8,1,8
BRDA:94,9,0,0
BRDA:94,9,1,1
BRDA:101,10,0,0
BRDA:101,10,1,1
BRDA:101,11,0,1
BRDA:101,11,1,1
BRDA:102,12,0,1
BRDA:102,12,1,0
BRDA:107,13,0,0
BRDA:107,13,1,0
BRDA:109,14,0,0
BRDA:109,14,1,0
BRDA:111,15,0,0
BRDA:111,15,1,0
BRDA:117,16,0,2
BRDA:117,16,1,3
BRDA:117,17,0,5
BRDA:117,17,1,2
BRDA:119,18,0,1
BRDA:119,18,1,2
BRDA:119,19,0,3
BRDA:119,19,1,1
BRDA:119,19,2,1
BRDA:121,20,0,2
BRDA:121,20,1,0
BRDA:146,21,0,1
BRDA:146,21,1,0
BRDA:146,22,0,0
BRDA:146,22,1,0
BRDA:154,23,0,10
BRDA:154,23,1,9
BRDA:154,24,0,5
BRDA:154,24,1,4
BRDA:154,25,0,3
BRDA:154,25,1,1
BRDA:155,26,0,10
BRDA:155,26,1,9
BRDA:156,27,0,5
BRDA:156,27,1,4
BRDA:158,28,0,19
BRDA:158,28,1,10
BRDA:158,28,2,17
BRDA:158,28,3,5
BRDA:158,28,4,2
BRDA:158,28,5,16
BRF:63
BRH:41
end_of_record
TN:
SF:src/screens/clients/components/NearbyBraiderCard.tsx
FN:13,(anonymous_0)
FN:27,(anonymous_1)
FNF:2
FNH:0
FNDA:0,(anonymous_0)
FNDA:0,(anonymous_1)
DA:13,1
DA:19,0
DA:27,0
LF:3
LH:1
BRDA:23,0,0,0
BRDA:23,0,1,0
BRF:2
BRH:0
end_of_record
TN:
SF:src/screens/clients/components/PopularStyleCard.tsx
FN:13,(anonymous_0)
FN:20,(anonymous_1)
FNF:2
FNH:2
FNDA:14,(anonymous_0)
FNDA:2,(anonymous_1)
DA:13,2
DA:14,14
DA:15,14
DA:17,14
DA:20,2
LF:5
LH:5
BRDA:14,0,0,14
BRDA:14,0,1,0
BRDA:15,1,0,14
BRDA:15,1,1,14
BRDA:15,1,2,14
BRDA:25,2,0,1
BRDA:25,2,1,1
BRDA:26,3,0,1
BRDA:26,3,1,1
BRDA:33,4,0,14
BRDA:33,4,1,0
BRDA:34,5,0,0
BRDA:34,5,1,14
BRDA:42,6,0,2
BRDA:42,6,1,12
BRF:15
BRH:12
end_of_record
TN:
SF:src/screens/clients/hooks/useHomeScreen.ts
FN:23,useHomeScreen
FN:36,(anonymous_1)
FN:37,(anonymous_2)
FN:43,(anonymous_3)
FN:73,(anonymous_4)
FN:84,(anonymous_5)
FN:86,(anonymous_6)
FN:96,(anonymous_7)
FN:107,(anonymous_8)
FN:121,(anonymous_9)
FN:128,(anonymous_10)
FN:132,(anonymous_11)
FN:138,(anonymous_12)
FN:138,(anonymous_13)
FN:146,(anonymous_14)
FN:146,(anonymous_15)
FNF:16
FNH:8
FNDA:21,useHomeScreen
FNDA:8,(anonymous_1)
FNDA:8,(anonymous_2)
FNDA:0,(anonymous_3)
FNDA:0,(anonymous_4)
FNDA:4,(anonymous_5)
FNDA:2,(anonymous_6)
FNDA:5,(anonymous_7)
FNDA:2,(anonymous_8)
FNDA:5,(anonymous_9)
FNDA:0,(anonymous_10)
FNDA:0,(anonymous_11)
FNDA:0,(anonymous_12)
FNDA:0,(anonymous_13)
FNDA:0,(anonymous_14)
FNDA:0,(anonymous_15)
DA:24,21
DA:25,21
DA:26,21
DA:27,21
DA:29,21
DA:30,21
DA:31,21
DA:32,21
DA:33,21
DA:36,21
DA:37,8
DA:38,8
DA:41,8
DA:43,0
DA:51,0
DA:53,8
DA:55,8
DA:62,8
DA:67,21
DA:68,21
DA:73,21
DA:74,0
DA:75,0
DA:76,0
DA:77,0
DA:80,0
DA:81,0
DA:84,21
DA:85,4
DA:86,2
DA:87,1
DA:88,1
DA:89,1
DA:90,1
DA:96,21
DA:97,5
DA:98,5
DA:100,5
DA:101,5
DA:107,4
DA:108,4
DA:109,4
DA:111,1
DA:112,1
DA:113,1
DA:114,1
DA:116,5
DA:120,21
DA:122,5
DA:123,5
DA:128,21
DA:129,0
DA:132,21
DA:133,0
DA:134,0
DA:135,0
DA:137,0
DA:138,0
DA:139,0
DA:140,0
DA:141,0
DA:143,0
DA:146,0
DA:147,0
DA:148,0
DA:153,0
DA:157,21
LF:67
LH:45
BRDA:67,0,0,15
BRDA:67,0,1,6
BRDA:67,1,0,6
BRDA:67,1,1,0
BRDA:68,2,0,4
BRDA:68,2,1,17
BRDA:68,3,0,21
BRDA:68,3,1,15
BRDA:70,4,0,17
BRDA:70,4,1,0
BRDA:75,5,0,0
BRDA:75,5,1,0
BRDA:75,6,0,0
BRDA:75,6,1,0
BRDA:76,7,0,0
BRDA:76,7,1,0
BRDA:85,8,0,3
BRDA:85,8,1,1
BRDA:85,9,0,4
BRDA:85,9,1,4
BRDA:86,10,0,1
BRDA:86,10,1,0
BRDA:87,11,0,0
BRDA:87,11,1,1
BRDA:90,12,0,1
BRDA:90,12,1,0
BRDA:122,13,0,5
BRDA:122,13,1,0
BRDA:133,14,0,0
BRDA:133,14,1,0
BRDA:138,15,0,0
BRDA:138,15,1,0
BRDA:140,16,0,0
BRDA:140,16,1,0
BRDA:146,17,0,0
BRDA:146,17,1,0
BRDA:147,18,0,0
BRDA:147,18,1,0
BRF:38
BRH:16
end_of_record
TN:
SF:src/screens/provider/AddEditServiceScreen.tsx
FN:41,AddEditServiceScreen
FN:53,(anonymous_1)
FN:76,(anonymous_2)
FN:78,(anonymous_3)
FN:87,(anonymous_4)
FN:91,(anonymous_5)
FN:112,(anonymous_6)
FN:117,(anonymous_7)
FN:132,(anonymous_8)
FN:152,(anonymous_9)
FN:157,(anonymous_10)
FN:166,(anonymous_11)
FN:212,(anonymous_12)
FN:213,(anonymous_13)
FN:219,(anonymous_14)
FN:262,(anonymous_15)
FN:264,(anonymous_16)
FN:265,(anonymous_17)
FN:267,(anonymous_18)
FN:273,(anonymous_19)
FN:306,(anonymous_20)
FN:320,(anonymous_21)
FN:354,(anonymous_22)
FN:355,(anonymous_23)
FN:417,(anonymous_24)
FN:431,(anonymous_25)
FN:437,(anonymous_26)
FN:446,(anonymous_27)
FN:452,(anonymous_28)
FN:468,(anonymous_29)
FN:487,(anonymous_30)
FN:501,(anonymous_31)
FN:503,(anonymous_32)
FN:511,(anonymous_33)
FN:525,(anonymous_34)
FN:533,(anonymous_35)
FN:541,(anonymous_36)
FN:572,(anonymous_37)
FN:577,(anonymous_38)
FN:578,(anonymous_39)
FN:583,(anonymous_40)
FNF:41
FNH:16
FNDA:11,AddEditServiceScreen
FNDA:3,(anonymous_1)
FNDA:3,(anonymous_2)
FNDA:3,(anonymous_3)
FNDA:3,(anonymous_4)
FNDA:11,(anonymous_5)
FNDA:3,(anonymous_6)
FNDA:5,(anonymous_7)
FNDA:0,(anonymous_8)
FNDA:0,(anonymous_9)
FNDA:0,(anonymous_10)
FNDA:0,(anonymous_11)
FNDA:3,(anonymous_12)
FNDA:3,(anonymous_13)
FNDA:0,(anonymous_14)
FNDA:5,(anonymous_15)
FNDA:0,(anonymous_16)
FNDA:0,(anonymous_17)
FNDA:0,(anonymous_18)
FNDA:0,(anonymous_19)
FNDA:0,(anonymous_20)
FNDA:0,(anonymous_21)
FNDA:0,(anonymous_22)
FNDA:0,(anonymous_23)
FNDA:0,(anonymous_24)
FNDA:2,(anonymous_25)
FNDA:5,(anonymous_26)
FNDA:4,(anonymous_27)
FNDA:0,(anonymous_28)
FNDA:0,(anonymous_29)
FNDA:0,(anonymous_30)
FNDA:0,(anonymous_31)
FNDA:66,(anonymous_32)
FNDA:0,(anonymous_33)
FNDA:0,(anonymous_34)
FNDA:0,(anonymous_35)
FNDA:0,(anonymous_36)
FNDA:0,(anonymous_37)
FNDA:110,(anonymous_38)
FNDA:0,(anonymous_39)
FNDA:0,(anonymous_40)
DA:21,2
DA:42,11
DA:43,11
DA:44,11
DA:45,11
DA:48,11
DA:50,11
DA:53,11
DA:54,3
DA:55,0
DA:56,0
DA:59,3
DA:62,11
DA:76,11
DA:77,3
DA:78,3
DA:79,3
DA:80,3
DA:82,3
DA:83,3
DA:85,3
DA:87,3
DA:90,3
DA:91,11
DA:94,3
DA:101,3
DA:104,0
DA:105,0
DA:109,3
DA:112,3
DA:116,11
DA:117,11
DA:118,5
DA:119,5
DA:122,11
DA:123,11
DA:124,11
DA:125,11
DA:126,11
DA:127,11
DA:128,11
DA:130,11
DA:132,11
DA:133,0
DA:134,0
DA:135,0
DA:136,0
DA:139,0
DA:146,0
DA:147,0
DA:148,0
DA:152,11
DA:153,0
DA:154,0
DA:156,0
DA:157,0
DA:159,0
DA:160,0
DA:162,0
DA:166,11
DA:168,0
DA:169,0
DA:170,0
DA:171,0
DA:173,0
DA:174,0
DA:175,0
DA:176,0
DA:177,0
DA:190,0
DA:191,0
DA:192,0
DA:194,0
DA:195,0
DA:198,0
DA:200,0
DA:204,0
DA:205,0
DA:207,0
DA:208,0
DA:212,11
DA:213,3
DA:214,3
DA:215,0
DA:216,0
DA:217,0
DA:218,0
DA:219,0
DA:221,0
DA:223,0
DA:224,0
DA:225,0
DA:226,0
DA:227,0
DA:229,0
DA:233,0
DA:237,0
DA:241,0
DA:256,0
DA:262,11
DA:264,11
DA:265,0
DA:266,0
DA:267,0
DA:269,0
DA:273,11
DA:274,0
DA:275,0
DA:276,0
DA:278,0
DA:279,0
DA:280,0
DA:283,0
DA:284,0
DA:285,0
DA:288,0
DA:301,0
DA:302,0
DA:303,0
DA:304,0
DA:306,0
DA:307,0
DA:308,0
DA:311,0
DA:313,0
DA:314,0
DA:316,0
DA:317,0
DA:318,0
DA:320,0
DA:321,0
DA:322,0
DA:325,0
DA:329,0
DA:330,0
DA:336,0
DA:337,0
DA:338,0
DA:339,0
DA:340,0
DA:341,0
DA:342,0
DA:344,0
DA:345,0
DA:348,0
DA:350,0
DA:354,11
DA:355,0
DA:356,0
DA:357,0
DA:361,11
DA:417,0
DA:432,2
DA:433,2
DA:437,5
DA:447,4
DA:448,4
DA:452,0
DA:468,0
DA:488,0
DA:489,0
DA:490,0
DA:501,0
DA:503,66
DA:511,0
DA:525,0
DA:533,0
DA:541,0
DA:572,0
DA:578,110
DA:583,0
DA:591,2
LF:172
LH:57
BRDA:44,0,0,11
BRDA:44,0,1,0
BRDA:54,1,0,0
BRDA:54,1,1,3
BRDA:56,2,0,0
BRDA:56,2,1,0
BRDA:85,3,0,3
BRDA:85,3,1,0
BRDA:91,4,0,11
BRDA:91,4,1,10
BRDA:96,5,0,3
BRDA:96,5,1,0
BRDA:97,6,0,3
BRDA:97,6,1,2
BRDA:109,7,0,3
BRDA:109,7,1,0
BRDA:134,8,0,0
BRDA:134,8,1,0
BRDA:146,9,0,0
BRDA:146,9,1,0
BRDA:146,10,0,0
BRDA:146,10,1,0
BRDA:146,10,2,0
BRDA:160,11,0,0
BRDA:160,11,1,0
BRDA:173,12,0,0
BRDA:173,12,1,0
BRDA:173,13,0,0
BRDA:173,13,1,0
BRDA:173,13,2,0
BRDA:173,13,3,0
BRDA:180,14,0,0
BRDA:180,14,1,0
BRDA:181,15,0,0
BRDA:181,15,1,0
BRDA:182,16,0,0
BRDA:182,16,1,0
BRDA:186,17,0,0
BRDA:186,17,1,0
BRDA:190,18,0,0
BRDA:190,18,1,0
BRDA:190,19,0,0
BRDA:190,19,1,0
BRDA:204,20,0,0
BRDA:204,20,1,0
BRDA:207,21,0,0
BRDA:207,21,1,0
BRDA:214,22,0,3
BRDA:214,22,1,0
BRDA:217,23,0,0
BRDA:217,23,1,0
BRDA:217,24,0,0
BRDA:217,24,1,0
BRDA:218,25,0,0
BRDA:218,25,1,0
BRDA:218,25,2,0
BRDA:218,26,0,0
BRDA:218,26,1,0
BRDA:221,27,0,0
BRDA:221,27,1,0
BRDA:224,28,0,0
BRDA:224,28,1,0
BRDA:224,29,0,0
BRDA:224,29,1,0
BRDA:225,30,0,0
BRDA:225,30,1,0
BRDA:226,31,0,0
BRDA:226,31,1,0
BRDA:229,32,0,0
BRDA:229,32,1,0
BRDA:233,33,0,0
BRDA:233,33,1,0
BRDA:235,34,0,0
BRDA:235,34,1,0
BRDA:237,35,0,0
BRDA:237,35,1,0
BRDA:239,36,0,0
BRDA:239,36,1,0
BRDA:242,37,0,0
BRDA:242,37,1,0
BRDA:244,38,0,0
BRDA:244,38,1,0
BRDA:247,39,0,0
BRDA:247,39,1,0
BRDA:248,40,0,0
BRDA:248,40,1,0
BRDA:249,41,0,0
BRDA:249,41,1,0
BRDA:251,42,0,0
BRDA:251,42,1,0
BRDA:252,43,0,0
BRDA:252,43,1,0
BRDA:266,44,0,0
BRDA:266,44,1,0
BRDA:274,45,0,0
BRDA:274,45,1,0
BRDA:278,46,0,0
BRDA:278,46,1,0
BRDA:291,47,0,0
BRDA:291,47,1,0
BRDA:292,48,0,0
BRDA:292,48,1,0
BRDA:293,49,0,0
BRDA:293,49,1,0
BRDA:302,50,0,0
BRDA:302,50,1,0
BRDA:302,51,0,0
BRDA:302,51,1,0
BRDA:307,52,0,0
BRDA:307,52,1,0
BRDA:314,53,0,0
BRDA:314,53,1,0
BRDA:314,53,2,0
BRDA:316,54,0,0
BRDA:316,54,1,0
BRDA:316,55,0,0
BRDA:316,55,1,0
BRDA:317,56,0,0
BRDA:317,56,1,0
BRDA:317,56,2,0
BRDA:321,57,0,0
BRDA:321,57,1,0
BRDA:329,58,0,0
BRDA:329,58,1,0
BRDA:337,59,0,0
BRDA:337,59,1,0
BRDA:337,60,0,0
BRDA:337,60,1,0
BRDA:341,61,0,0
BRDA:341,61,1,0
BRDA:345,62,0,0
BRDA:345,62,1,0
BRDA:366,63,0,0
BRDA:366,63,1,11
BRDA:370,64,0,0
BRDA:370,64,1,11
BRDA:371,65,0,0
BRDA:371,65,1,11
BRDA:382,66,0,0
BRDA:382,66,1,11
BRDA:390,67,0,11
BRDA:390,67,1,0
BRDA:396,68,0,11
BRDA:396,68,1,0
BRDA:425,69,0,3
BRDA:425,69,1,8
BRDA:437,70,0,5
BRDA:437,70,1,0
BRDA:442,71,0,11
BRDA:442,71,1,2
BRDA:442,71,2,2
BRDA:442,71,3,1
BRDA:446,72,0,1
BRDA:446,72,1,0
BRDA:451,73,0,4
BRDA:451,73,1,0
BRDA:454,74,0,4
BRDA:454,74,1,0
BRDA:461,75,0,11
BRDA:461,75,1,0
BRDA:490,76,0,0
BRDA:490,76,1,0
BRDA:501,77,0,0
BRDA:501,77,1,11
BRDA:503,78,0,11
BRDA:503,78,1,0
BRDA:557,79,0,11
BRDA:557,79,1,0
BRDA:558,80,0,11
BRDA:558,80,1,0
BRDA:564,81,0,0
BRDA:564,81,1,11
BRDA:566,82,0,11
BRDA:566,82,1,0
BRF:174
BRH:33
end_of_record
TN:
SF:src/screens/provider/AppointmentRequestScreen.tsx
FN:30,(anonymous_0)
FN:31,(anonymous_1)
FN:40,AlertModal
FN:49,(anonymous_3)
FN:66,(anonymous_4)
FN:69,(anonymous_5)
FN:75,AppointmentRequestScreen
FN:83,(anonymous_7)
FN:85,(anonymous_8)
FN:99,(anonymous_9)
FN:110,(anonymous_10)
FN:120,(anonymous_11)
FN:124,(anonymous_12)
FN:138,(anonymous_13)
FN:142,(anonymous_14)
FN:149,(anonymous_15)
FN:153,(anonymous_16)
FN:160,(anonymous_17)
FN:203,(anonymous_18)
FN:210,(anonymous_19)
FN:238,(anonymous_20)
FN:261,(anonymous_21)
FN:268,(anonymous_22)
FN:299,(anonymous_23)
FN:318,(anonymous_24)
FN:332,(anonymous_25)
FN:336,(anonymous_26)
FN:344,(anonymous_27)
FN:355,(anonymous_28)
FN:362,(anonymous_29)
FN:380,(anonymous_30)
FNF:31
FNH:18
FNDA:2,(anonymous_0)
FNDA:0,(anonymous_1)
FNDA:22,AlertModal
FNDA:44,(anonymous_3)
FNDA:8,(anonymous_4)
FNDA:16,(anonymous_5)
FNDA:11,AppointmentRequestScreen
FNDA:3,(anonymous_7)
FNDA:3,(anonymous_8)
FNDA:3,(anonymous_9)
FNDA:1,(anonymous_10)
FNDA:1,(anonymous_11)
FNDA:1,(anonymous_12)
FNDA:1,(anonymous_13)
FNDA:0,(anonymous_14)
FNDA:0,(anonymous_15)
FNDA:0,(anonymous_16)
FNDA:0,(anonymous_17)
FNDA:0,(anonymous_18)
FNDA:0,(anonymous_19)
FNDA:32,(anonymous_20)
FNDA:0,(anonymous_21)
FNDA:0,(anonymous_22)
FNDA:1,(anonymous_23)
FNDA:1,(anonymous_24)
FNDA:0,(anonymous_25)
FNDA:0,(anonymous_26)
FNDA:0,(anonymous_27)
FNDA:44,(anonymous_28)
FNDA:1,(anonymous_29)
FNDA:0,(anonymous_30)
DA:29,1
DA:30,2
DA:31,0
DA:35,1
DA:36,1
DA:37,1
DA:41,22
DA:50,44
DA:66,1
DA:67,8
DA:69,16
DA:76,11
DA:77,11
DA:78,11
DA:80,11
DA:81,11
DA:83,11
DA:84,3
DA:85,3
DA:86,3
DA:87,3
DA:88,3
DA:89,3
DA:90,3
DA:93,0
DA:94,0
DA:96,3
DA:99,3
DA:102,11
DA:103,11
DA:105,11
DA:106,11
DA:107,11
DA:110,11
DA:111,1
DA:112,1
DA:113,1
DA:114,1
DA:116,0
DA:117,0
DA:119,1
DA:120,1
DA:124,11
DA:125,1
DA:126,0
DA:127,0
DA:129,1
DA:130,1
DA:131,1
DA:132,1
DA:134,0
DA:135,0
DA:137,1
DA:138,1
DA:142,11
DA:143,0
DA:144,0
DA:145,0
DA:148,0
DA:149,0
DA:153,11
DA:154,0
DA:157,11
DA:160,0
DA:203,0
DA:210,0
DA:239,32
DA:262,0
DA:268,0
DA:299,1
DA:318,1
DA:332,0
DA:336,0
DA:344,0
DA:356,44
DA:362,1
DA:380,0
DA:389,1
LF:78
LH:54
BRDA:46,0,0,22
BRDA:46,0,1,22
BRDA:47,1,0,22
BRDA:47,1,1,11
BRDA:54,2,0,22
BRDA:54,2,1,22
BRDA:55,3,0,22
BRDA:55,3,1,22
BRDA:69,4,0,16
BRDA:69,4,1,0
BRDA:78,5,0,11
BRDA:78,5,1,0
BRDA:89,6,0,3
BRDA:89,6,1,0
BRDA:89,7,0,3
BRDA:89,7,1,3
BRDA:96,8,0,3
BRDA:96,8,1,0
BRDA:113,9,0,1
BRDA:113,9,1,0
BRDA:116,10,0,0
BRDA:116,10,1,0
BRDA:116,10,2,0
BRDA:125,11,0,0
BRDA:125,11,1,1
BRDA:125,12,0,1
BRDA:125,12,1,0
BRDA:130,13,0,1
BRDA:130,13,1,0
BRDA:130,14,0,1
BRDA:130,14,1,1
BRDA:131,15,0,1
BRDA:131,15,1,0
BRDA:134,16,0,0
BRDA:134,16,1,0
BRDA:134,16,2,0
BRDA:143,17,0,0
BRDA:143,17,1,0
BRDA:165,18,0,11
BRDA:165,18,1,3
BRDA:171,19,0,3
BRDA:171,19,1,8
BRDA:190,20,0,8
BRDA:190,20,1,0
BRDA:210,21,0,0
BRDA:210,21,1,0
BRDA:247,22,0,32
BRDA:247,22,1,16
BRDA:254,23,0,8
BRDA:254,23,1,0
BRDA:254,24,0,8
BRDA:254,24,1,0
BRDA:266,25,0,0
BRDA:266,25,1,0
BRDA:274,26,0,0
BRDA:274,26,1,0
BRDA:285,27,0,8
BRDA:285,27,1,8
BRDA:305,28,0,11
BRDA:305,28,1,0
BRDA:360,29,0,44
BRDA:360,29,1,2
BRF:62
BRH:35
end_of_record
TN:
SF:src/screens/provider/ClientDetailScreen.tsx
FN:20,ClientDetailScreen
FN:34,(anonymous_1)
FN:48,(anonymous_2)
FN:51,loadClient
FN:67,loadAppointments
FN:70,(anonymous_5)
FN:72,(anonymous_6)
FN:83,(anonymous_7)
FN:86,(anonymous_8)
FN:97,(anonymous_9)
FN:101,(anonymous_10)
FN:108,(anonymous_11)
FN:118,(anonymous_12)
FN:128,(anonymous_13)
FN:137,(anonymous_14)
FN:185,(anonymous_15)
FN:187,(anonymous_16)
FN:242,(anonymous_17)
FN:273,(anonymous_18)
FN:278,(anonymous_19)
FN:310,(anonymous_20)
FN:325,(anonymous_21)
FN:327,(anonymous_22)
FN:333,(anonymous_23)
FNF:24
FNH:11
FNDA:21,ClientDetailScreen
FNDA:13,(anonymous_1)
FNDA:6,(anonymous_2)
FNDA:3,loadClient
FNDA:3,loadAppointments
FNDA:0,(anonymous_5)
FNDA:0,(anonymous_6)
FNDA:3,(anonymous_7)
FNDA:1,(anonymous_8)
FNDA:1,(anonymous_9)
FNDA:1,(anonymous_10)
FNDA:0,(anonymous_11)
FNDA:0,(anonymous_12)
FNDA:0,(anonymous_13)
FNDA:0,(anonymous_14)
FNDA:12,(anonymous_15)
FNDA:0,(anonymous_16)
FNDA:0,(anonymous_17)
FNDA:1,(anonymous_18)
FNDA:0,(anonymous_19)
FNDA:0,(anonymous_20)
FNDA:0,(anonymous_21)
FNDA:0,(anonymous_22)
FNDA:0,(anonymous_23)
DA:22,21
DA:23,21
DA:24,21
DA:25,21
DA:26,21
DA:27,21
DA:28,21
DA:29,21
DA:30,21
DA:31,21
DA:32,21
DA:34,21
DA:35,13
DA:36,0
DA:37,0
DA:38,0
DA:39,0
DA:42,13
DA:43,13
DA:48,21
DA:49,6
DA:50,3
DA:52,3
DA:53,3
DA:54,3
DA:55,3
DA:56,3
DA:57,3
DA:58,3
DA:61,0
DA:62,0
DA:64,3
DA:68,3
DA:69,3
DA:70,3
DA:71,3
DA:72,3
DA:73,3
DA:74,3
DA:75,3
DA:81,3
DA:82,3
DA:83,3
DA:86,21
DA:87,1
DA:88,1
DA:89,1
DA:90,1
DA:91,1
DA:93,0
DA:97,21
DA:98,1
DA:99,1
DA:100,1
DA:101,1
DA:102,1
DA:104,0
DA:108,21
DA:109,0
DA:110,0
DA:111,0
DA:112,0
DA:114,0
DA:118,21
DA:119,0
DA:120,0
DA:121,0
DA:123,0
DA:128,21
DA:129,0
DA:130,0
DA:131,0
DA:133,0
DA:137,21
DA:138,0
DA:139,0
DA:141,0
DA:145,21
DA:186,12
DA:187,12
DA:188,12
DA:189,0
DA:190,0
DA:243,0
DA:244,0
DA:246,0
DA:273,1
DA:278,0
DA:311,0
DA:312,0
DA:313,0
DA:315,0
DA:325,0
DA:328,0
DA:333,0
DA:334,0
DA:335,0
DA:336,0
DA:396,1
LF:99
LH:59
BRDA:35,0,0,0
BRDA:35,0,1,13
BRDA:37,1,0,0
BRDA:37,1,1,0
BRDA:39,2,0,0
BRDA:39,2,1,0
BRDA:42,3,0,13
BRDA:42,3,1,0
BRDA:49,4,0,3
BRDA:49,4,1,3
BRDA:56,5,0,3
BRDA:56,5,1,0
BRDA:58,6,0,3
BRDA:58,6,1,0
BRDA:61,7,0,0
BRDA:61,7,1,0
BRDA:62,8,0,0
BRDA:62,8,1,0
BRDA:64,9,0,3
BRDA:64,9,1,0
BRDA:70,10,0,3
BRDA:70,10,1,0
BRDA:70,11,0,0
BRDA:70,11,1,0
BRDA:70,12,0,0
BRDA:70,12,1,0
BRDA:72,13,0,3
BRDA:72,13,1,0
BRDA:72,14,0,0
BRDA:72,14,1,0
BRDA:72,15,0,0
BRDA:72,15,1,0
BRDA:73,16,0,3
BRDA:73,16,1,0
BRDA:88,17,0,0
BRDA:88,17,1,1
BRDA:89,18,0,1
BRDA:89,18,1,0
BRDA:93,19,0,0
BRDA:93,19,1,0
BRDA:93,19,2,0
BRDA:99,20,0,0
BRDA:99,20,1,1
BRDA:101,21,0,1
BRDA:101,21,1,0
BRDA:102,22,0,1
BRDA:102,22,1,1
BRDA:102,23,0,1
BRDA:102,23,1,0
BRDA:104,24,0,0
BRDA:104,24,1,0
BRDA:104,24,2,0
BRDA:110,25,0,0
BRDA:110,25,1,0
BRDA:112,26,0,0
BRDA:112,26,1,0
BRDA:114,27,0,0
BRDA:114,27,1,0
BRDA:114,27,2,0
BRDA:119,28,0,0
BRDA:119,28,1,0
BRDA:120,29,0,0
BRDA:120,29,1,0
BRDA:129,30,0,0
BRDA:129,30,1,0
BRDA:130,31,0,0
BRDA:130,31,1,0
BRDA:138,32,0,0
BRDA:138,32,1,0
BRDA:150,33,0,0
BRDA:150,33,1,21
BRDA:155,34,0,2
BRDA:155,34,1,19
BRDA:155,35,0,2
BRDA:155,35,1,19
BRDA:161,36,0,21
BRDA:161,36,1,9
BRDA:166,37,0,21
BRDA:166,37,1,0
BRDA:173,38,0,21
BRDA:173,38,1,12
BRDA:177,39,0,0
BRDA:177,39,1,12
BRDA:188,40,0,12
BRDA:188,40,1,0
BRDA:193,41,0,12
BRDA:193,41,1,2
BRDA:202,42,0,12
BRDA:202,42,1,12
BRDA:203,43,0,0
BRDA:203,43,1,12
BRDA:217,44,0,21
BRDA:217,44,1,12
BRDA:224,45,0,12
BRDA:224,45,1,0
BRDA:233,46,0,12
BRDA:233,46,1,0
BRDA:240,47,0,21
BRDA:240,47,1,12
BRDA:243,48,0,0
BRDA:243,48,1,0
BRDA:272,49,0,17
BRDA:272,49,1,4
BRDA:284,50,0,4
BRDA:284,50,1,17
BRDA:295,51,0,8
BRDA:295,51,1,9
BRDA:311,52,0,0
BRDA:311,52,1,0
BRDA:312,53,0,0
BRDA:312,53,1,0
BRDA:325,54,0,0
BRDA:325,54,1,0
BRDA:325,55,0,0
BRDA:325,55,1,0
BRDA:333,56,0,0
BRDA:333,56,1,0
BRDA:333,57,0,0
BRDA:333,57,1,0
BRDA:334,58,0,0
BRDA:334,58,1,0
[...]
FN:122,(anonymous_10)
FN:144,(anonymous_11)
FN:159,(anonymous_12)
FN:161,(anonymous_13)
FN:165,(anonymous_14)
FN:173,(anonymous_15)
FN:189,(anonymous_16)
FN:226,(anonymous_17)
FN:282,(anonymous_18)
FN:285,(anonymous_19)
FN:289,(anonymous_20)
FN:290,(anonymous_21)
FN:338,(anonymous_22)
FNF:23
FNH:9
FNDA:0,(anonymous_0)
FNDA:14,PasswordResetScreen
FNDA:2,(anonymous_2)
FNDA:0,(anonymous_3)
FNDA:0,(anonymous_4)
FNDA:4,(anonymous_5)
FNDA:0,(anonymous_6)
FNDA:0,(anonymous_7)
FNDA:1,(anonymous_8)
FNDA:9,(anonymous_9)
FNDA:2,(anonymous_10)
FNDA:0,(anonymous_11)
FNDA:0,(anonymous_12)
FNDA:0,(anonymous_13)
FNDA:0,(anonymous_14)
FNDA:0,(anonymous_15)
FNDA:0,(anonymous_16)
FNDA:9,(anonymous_17)
FNDA:6,(anonymous_18)
FNDA:12,(anonymous_19)
FNDA:0,(anonymous_20)
FNDA:0,(anonymous_21)
FNDA:0,(anonymous_22)
DA:23,2
DA:24,2
DA:25,2
DA:26,2
DA:31,2
DA:32,0
DA:34,0
DA:47,14
DA:48,14
DA:49,9
DA:50,9
DA:51,9
DA:52,9
DA:53,9
DA:54,9
DA:55,9
DA:56,9
DA:57,9
DA:59,9
DA:63,9
DA:65,2
DA:68,9
DA:70,0
DA:73,9
DA:74,0
DA:75,0
DA:76,0
DA:77,0
DA:78,0
DA:79,0
DA:82,9
DA:91,9
DA:92,4
DA:93,1
DA:94,0
DA:95,0
DA:96,0
DA:97,0
DA:99,0
DA:102,1
DA:107,9
DA:109,9
DA:110,9
DA:111,0
DA:112,0
DA:113,0
DA:116,0
DA:122,9
DA:123,2
DA:124,0
DA:125,0
DA:127,2
DA:128,2
DA:129,2
DA:130,1
DA:131,1
DA:132,1
DA:133,1
DA:134,1
DA:136,1
DA:137,1
DA:139,2
DA:144,9
DA:145,0
DA:147,0
DA:148,0
DA:149,0
DA:152,0
DA:154,0
DA:159,0
DA:160,0
DA:161,0
DA:165,9
DA:167,0
DA:169,0
DA:173,9
DA:174,0
DA:175,0
DA:176,0
DA:177,0
DA:178,0
DA:179,0
DA:180,0
DA:182,0
DA:183,0
DA:185,0
DA:189,9
DA:190,0
DA:191,0
DA:192,0
DA:194,0
DA:195,0
DA:196,0
DA:197,0
DA:199,0
DA:200,0
DA:201,0
DA:204,0
DA:205,0
DA:206,0
DA:207,0
DA:208,0
DA:210,0
DA:211,0
DA:213,0
DA:219,9
DA:226,9
DA:283,6
DA:285,12
DA:289,0
DA:290,0
DA:339,0
DA:420,2
LF:113
LH:51
BRDA:32,0,0,0
BRDA:32,0,1,0
BRDA:32,1,0,0
BRDA:32,1,1,0
BRDA:63,2,0,1
BRDA:65,3,0,1
BRDA:65,3,1,1
BRDA:75,4,0,0
BRDA:75,4,1,0
BRDA:76,5,0,0
BRDA:76,5,1,0
BRDA:77,6,0,0
BRDA:77,6,1,0
BRDA:78,7,0,0
BRDA:78,7,1,0
BRDA:92,8,0,1
BRDA:92,8,1,3
BRDA:92,9,0,4
BRDA:92,9,1,1
BRDA:95,10,0,0
BRDA:95,10,1,0
BRDA:110,11,0,0
BRDA:110,11,1,9
BRDA:110,12,0,9
BRDA:110,12,1,0
BRDA:110,12,2,0
BRDA:123,13,0,0
BRDA:123,13,1,2
BRDA:136,14,0,1
BRDA:136,14,1,0
BRDA:145,15,0,0
BRDA:145,15,1,0
BRDA:152,16,0,0
BRDA:152,16,1,0
BRDA:152,17,0,0
BRDA:152,17,1,0
BRDA:160,18,0,0
BRDA:160,18,1,0
BRDA:167,19,0,0
BRDA:167,19,1,0
BRDA:167,20,0,0
BRDA:167,20,1,0
BRDA:167,20,2,0
BRDA:182,21,0,0
BRDA:182,21,1,0
BRDA:190,22,0,0
BRDA:190,22,1,0
BRDA:195,23,0,0
BRDA:195,23,1,0
BRDA:195,24,0,0
BRDA:195,24,1,0
BRDA:199,25,0,0
BRDA:199,25,1,0
BRDA:210,26,0,0
BRDA:210,26,1,0
BRDA:223,27,0,9
BRDA:223,27,1,9
BRDA:226,28,0,0
BRDA:226,28,1,9
BRDA:237,29,0,9
BRDA:237,29,1,8
BRDA:242,30,0,9
BRDA:242,30,1,1
BRDA:247,31,0,9
BRDA:247,31,1,0
BRDA:253,32,0,9
BRDA:253,32,1,8
BRDA:268,33,0,2
BRDA:268,33,1,6
BRDA:277,34,0,9
BRDA:277,34,1,1
BRDA:293,35,0,1
BRDA:293,35,1,5
BRDA:300,36,0,0
BRDA:300,36,1,1
BRDA:302,37,0,0
BRDA:302,37,1,0
BRDA:306,38,0,0
BRDA:306,38,1,0
BRDA:321,39,0,9
BRDA:321,39,1,0
BRDA:334,40,0,0
BRDA:334,40,1,0
BRDA:343,41,0,0
BRDA:343,41,1,0
BRDA:347,42,0,0
BRDA:347,42,1,0
BRDA:369,43,0,0
BRDA:369,43,1,0
BRDA:369,43,2,0
BRDA:377,44,0,0
BRDA:377,44,1,0
BRDA:381,45,0,0
BRDA:381,45,1,0
BRDA:381,45,2,0
BRDA:381,45,3,0
BRDA:381,45,4,0
BRDA:392,46,0,9
BRDA:392,46,1,0
BRF:99
BRH:30
end_of_record
TN:
SF:src/screens/shared/PrivacySecurityScreen.tsx
FN:19,(anonymous_0)
FN:51,(anonymous_1)
FN:69,PrivacySecurityScreen
FN:73,(anonymous_3)
FN:77,(anonymous_4)
FN:120,(anonymous_5)
FN:139,(anonymous_6)
FN:151,(anonymous_7)
FN:169,(anonymous_8)
FNF:9
FNH:9
FNDA:42,(anonymous_0)
FNDA:4,(anonymous_1)
FNDA:6,PrivacySecurityScreen
FNDA:1,(anonymous_3)
FNDA:1,(anonymous_4)
FNDA:1,(anonymous_5)
FNDA:12,(anonymous_6)
FNDA:12,(anonymous_7)
FNDA:18,(anonymous_8)
DA:19,1
DA:20,42
DA:23,42
DA:36,42
DA:37,12
DA:49,30
DA:52,4
DA:53,1
DA:54,3
DA:55,3
DA:70,6
DA:71,6
DA:73,6
DA:74,1
DA:77,6
DA:78,1
DA:81,6
DA:94,6
DA:111,6
DA:120,1
DA:129,6
DA:140,12
DA:152,12
DA:170,18
DA:182,1
LF:25
LH:25
BRDA:29,0,0,42
BRDA:29,0,1,6
BRDA:36,1,0,12
BRDA:36,1,1,30
BRDA:52,2,0,1
BRDA:52,2,1,3
BRDA:54,3,0,3
BRDA:54,3,1,0
BRDA:59,4,0,30
BRDA:59,4,1,24
BRDA:62,5,0,30
BRDA:62,5,1,24
BRDA:62,5,2,24
BRDA:142,6,0,12
BRDA:142,6,1,6
BRDA:154,7,0,12
BRDA:154,7,1,6
BRDA:172,8,0,18
BRDA:172,8,1,12
BRF:19
BRH:18
end_of_record
TN:
SF:src/screens/shared/RegisterScreen.tsx
FN:23,RegisterScreen
FN:43,(anonymous_1)
FN:52,(anonymous_2)
FN:65,(anonymous_3)
FN:160,(anonymous_4)
FN:160,(anonymous_5)
FN:189,(anonymous_6)
FN:189,(anonymous_7)
FN:228,(anonymous_8)
FN:238,(anonymous_9)
FN:249,(anonymous_10)
FNF:11
FNH:3
FNDA:6,RegisterScreen
FNDA:1,(anonymous_1)
FNDA:1,(anonymous_2)
FNDA:0,(anonymous_3)
FNDA:0,(anonymous_4)
FNDA:0,(anonymous_5)
FNDA:0,(anonymous_6)
FNDA:0,(anonymous_7)
FNDA:0,(anonymous_8)
FNDA:0,(anonymous_9)
FNDA:0,(anonymous_10)
DA:24,6
DA:25,6
DA:26,1
DA:27,1
DA:29,1
DA:31,1
DA:32,1
DA:33,1
DA:34,1
DA:35,1
DA:36,1
DA:37,1
DA:38,1
DA:39,1
DA:40,1
DA:41,1
DA:43,1
DA:44,1
DA:45,1
DA:46,1
DA:47,1
DA:48,1
DA:49,1
DA:52,1
DA:53,1
DA:65,1
DA:66,0
DA:67,0
DA:68,0
DA:69,0
DA:71,0
DA:72,0
DA:73,0
DA:75,0
DA:77,0
DA:78,0
DA:79,0
DA:81,0
DA:83,0
DA:93,0
DA:97,1
DA:160,0
DA:189,0
DA:249,0
LF:44
LH:27
BRDA:27,0,0,0
BRDA:27,0,1,1
BRDA:45,1,0,0
BRDA:45,1,1,1
BRDA:46,2,0,0
BRDA:46,2,1,1
BRDA:47,3,0,0
BRDA:47,3,1,1
BRDA:48,4,0,0
BRDA:48,4,1,1
BRDA:54,5,0,1
BRDA:54,5,1,0
BRDA:54,5,2,0
BRDA:54,5,3,0
BRDA:54,5,4,0
BRDA:54,5,5,0
BRDA:54,5,6,0
BRDA:54,5,7,0
BRDA:67,6,0,0
BRDA:67,6,1,0
BRDA:71,7,0,0
BRDA:71,7,1,0
BRDA:78,8,0,0
BRDA:78,8,1,0
BRDA:93,9,0,0
BRDA:93,9,1,0
BRDA:99,10,0,1
BRDA:99,10,1,0
BRDA:161,11,0,0
BRDA:161,11,1,1
BRDA:165,12,0,0
BRDA:165,12,1,1
BRDA:171,13,0,0
BRDA:171,13,1,0
BRDA:172,14,0,0
BRDA:172,14,1,0
BRDA:173,15,0,0
BRDA:173,15,1,0
BRDA:190,16,0,0
BRDA:190,16,1,1
BRDA:193,17,0,0
BRDA:193,17,1,1
BRDA:193,18,0,1
BRDA:193,18,1,0
BRDA:210,19,0,0
BRDA:210,19,1,1
BRDA:210,20,0,1
BRDA:210,20,1,1
BRDA:211,21,0,0
BRDA:211,21,1,0
BRDA:214,22,0,0
BRDA:214,22,1,1
BRF:52
BRH:16
end_of_record
TN:
SF:src/screens/shared/VerificationScreen.tsx
FN:15,getErrorMessage
FN:31,VerificationScreen
FN:38,(anonymous_2)
FN:51,(anonymous_3)
FN:52,(anonymous_4)
FN:54,(anonymous_5)
FN:88,(anonymous_6)
FN:122,(anonymous_7)
FN:124,(anonymous_8)
FN:124,(anonymous_9)
FN:125,(anonymous_10)
FN:127,(anonymous_11)
FN:129,(anonymous_12)
FN:129,(anonymous_13)
FN:130,(anonymous_14)
FN:133,(anonymous_15)
FN:147,(anonymous_16)
FN:165,(anonymous_17)
FN:219,(anonymous_18)
FN:269,(anonymous_19)
FNF:20
FNH:7
FNDA:0,getErrorMessage
FNDA:9,VerificationScreen
FNDA:0,(anonymous_2)
FNDA:5,(anonymous_3)
FNDA:5,(anonymous_4)
FNDA:1,(anonymous_5)
FNDA:1,(anonymous_6)
FNDA:3,(anonymous_7)
FNDA:0,(anonymous_8)
FNDA:0,(anonymous_9)
FNDA:0,(anonymous_10)
FNDA:3,(anonymous_11)
FNDA:0,(anonymous_12)
FNDA:0,(anonymous_13)
FNDA:0,(anonymous_14)
FNDA:0,(anonymous_15)
FNDA:0,(anonymous_16)
FNDA:0,(anonymous_17)
FNDA:0,(anonymous_18)
FNDA:0,(anonymous_19)
DA:16,0
DA:17,0
DA:18,0
DA:19,0
DA:20,0
DA:21,0
DA:22,0
DA:23,0
DA:24,0
DA:28,0
DA:33,9
DA:37,9
DA:38,9
DA:39,9
DA:40,9
DA:41,9
DA:42,9
DA:43,9
DA:44,9
DA:45,9
DA:47,9
DA:48,9
DA:49,9
DA:51,9
DA:52,9
DA:54,9
DA:55,1
DA:56,1
DA:57,1
DA:58,1
DA:59,1
DA:62,1
DA:64,1
DA:65,1
DA:66,1
DA:67,1
DA:68,1
DA:69,1
DA:70,1
DA:73,0
DA:75,0
DA:76,0
DA:77,0
DA:78,0
DA:79,0
DA:81,0
DA:82,0
DA:84,1
DA:88,9
DA:89,1
DA:90,1
DA:91,1
DA:92,1
DA:93,1
DA:96,1
DA:97,0
DA:98,0
DA:99,0
DA:100,0
DA:101,0
DA:102,0
DA:103,0
DA:106,1
DA:108,1
DA:109,1
DA:110,1
DA:111,1
DA:112,1
DA:114,0
DA:115,0
DA:117,1
DA:122,9
DA:123,3
DA:124,0
DA:125,0
DA:127,9
DA:128,3
DA:129,0
DA:130,0
DA:133,9
DA:134,0
DA:135,0
DA:136,0
DA:137,0
DA:138,0
DA:139,0
DA:141,0
DA:143,0
DA:147,9
DA:148,0
DA:149,0
DA:150,0
DA:151,0
DA:152,0
DA:153,0
DA:155,0
DA:157,0
DA:161,9
DA:165,0
DA:220,0
DA:221,0
DA:270,0
DA:271,0
LF:103
LH:51
BRDA:16,0,0,0
BRDA:16,0,1,0
BRDA:16,1,0,0
BRDA:16,1,1,0
BRDA:18,2,0,0
BRDA:18,2,1,0
BRDA:20,3,0,0
BRDA:20,3,1,0
BRDA:20,4,0,0
BRDA:20,4,1,0
BRDA:22,5,0,0
BRDA:22,5,1,0
BRDA:22,6,0,0
BRDA:22,6,1,0
BRDA:24,7,0,0
BRDA:24,7,1,0
BRDA:37,8,0,9
BRDA:37,8,1,0
BRDA:38,9,0,9
BRDA:38,9,1,0
BRDA:47,10,0,9
BRDA:47,10,1,9
BRDA:48,11,0,9
BRDA:48,11,1,9
BRDA:49,12,0,9
BRDA:49,12,1,0
BRDA:49,12,2,0
BRDA:51,13,0,5
BRDA:51,13,1,5
BRDA:52,14,0,5
BRDA:52,14,1,5
BRDA:55,15,0,0
BRDA:55,15,1,1
BRDA:62,16,0,1
BRDA:62,16,1,0
BRDA:64,17,0,1
BRDA:64,17,1,0
BRDA:75,18,0,0
BRDA:75,18,1,0
BRDA:81,19,0,0
BRDA:81,19,1,0
BRDA:81,19,2,0
BRDA:89,20,0,0
BRDA:89,20,1,1
BRDA:96,21,0,0
BRDA:96,21,1,1
BRDA:97,22,0,0
BRDA:97,22,1,0
BRDA:108,23,0,1
BRDA:108,23,1,0
BRDA:114,24,0,0
BRDA:114,24,1,0
BRDA:114,24,2,0
BRDA:123,25,0,3
BRDA:123,25,1,0
BRDA:128,26,0,3
BRDA:128,26,1,0
BRDA:134,27,0,0
BRDA:134,27,1,0
BRDA:134,28,0,0
BRDA:134,28,1,0
BRDA:148,29,0,0
BRDA:148,29,1,0
BRDA:148,30,0,0
BRDA:148,30,1,0
BRDA:165,31,0,0
BRDA:165,31,1,0
BRDA:168,32,0,0
BRDA:168,32,1,9
BRDA:180,33,0,9
BRDA:180,33,1,9
BRDA:189,34,0,9
BRDA:189,34,1,0
BRDA:201,35,0,1
BRDA:201,35,1,8
BRDA:203,36,0,9
BRDA:203,36,1,2
BRDA:209,37,0,0
BRDA:209,37,1,9
BRDA:211,38,0,9
BRDA:211,38,1,8
BRDA:214,39,0,9
BRDA:214,39,1,9
BRDA:230,40,0,9
BRDA:230,40,1,9
BRDA:239,41,0,9
BRDA:239,41,1,0
BRDA:251,42,0,1
BRDA:251,42,1,8
BRDA:253,43,0,9
BRDA:253,43,1,2
BRDA:259,44,0,0
BRDA:259,44,1,9
BRDA:261,45,0,9
BRDA:261,45,1,8
BRDA:264,46,0,9
BRDA:264,46,1,9
BRF:97
BRH:44
end_of_record
TN:
SF:src/screens/shared/ChatScreen/ChatScreen.styles.ts
FNF:0
FNH:0
DA:3,1
LF:1
LH:1
BRF:0
BRH:0
end_of_record
TN:
SF:src/screens/shared/ChatScreen/ChatScreen.tsx
FN:39,ChatScreen
FN:58,(anonymous_1)
FN:59,(anonymous_2)
FN:73,(anonymous_3)
FN:74,(anonymous_4)
FN:84,(anonymous_5)
FN:91,(anonymous_6)
FN:106,(anonymous_7)
FN:117,(anonymous_8)
FN:126,(anonymous_9)
FN:126,(anonymous_10)
FN:130,(anonymous_11)
FN:138,(anonymous_12)
FN:142,(anonymous_13)
FN:146,(anonymous_14)
FN:156,(anonymous_15)
FN:174,(anonymous_16)
FN:179,(anonymous_17)
FN:203,(anonymous_18)
FN:209,(anonymous_19)
FN:233,(anonymous_20)
FN:236,(anonymous_21)
FN:239,(anonymous_22)
FN:248,(anonymous_23)
FN:249,(anonymous_24)
FN:257,(anonymous_25)
FN:258,(anonymous_26)
FN:295,(anonymous_27)
FN:304,(anonymous_28)
FN:323,(anonymous_29)
FN:332,(anonymous_30)
FN:347,(anonymous_31)
FNF:32
FNH:10
FNDA:6,ChatScreen
FNDA:2,(anonymous_1)
FNDA:2,(anonymous_2)
FNDA:0,(anonymous_3)
FNDA:0,(anonymous_4)
FNDA:3,(anonymous_5)
FNDA:1,(anonymous_6)
FNDA:1,(anonymous_7)
FNDA:1,(anonymous_8)
FNDA:0,(anonymous_9)
FNDA:0,(anonymous_10)
FNDA:0,(anonymous_11)
FNDA:0,(anonymous_12)
FNDA:0,(anonymous_13)
FNDA:0,(anonymous_14)
FNDA:0,(anonymous_15)
FNDA:0,(anonymous_16)
FNDA:0,(anonymous_17)
FNDA:0,(anonymous_18)
FNDA:0,(anonymous_19)
FNDA:0,(anonymous_20)
FNDA:0,(anonymous_21)
FNDA:0,(anonymous_22)
FNDA:4,(anonymous_23)
FNDA:2,(anonymous_24)
FNDA:0,(anonymous_25)
FNDA:6,(anonymous_26)
FNDA:0,(anonymous_27)
FNDA:0,(anonymous_28)
FNDA:0,(anonymous_29)
FNDA:0,(anonymous_30)
FNDA:0,(anonymous_31)
DA:40,6
DA:41,6
DA:42,6
DA:44,6
DA:45,6
DA:46,6
DA:51,6
DA:52,6
DA:53,6
DA:54,6
DA:55,6
DA:58,6
DA:59,2
DA:60,2
DA:61,2
DA:64,2
DA:65,0
DA:66,0
DA:67,0
DA:70,2
DA:71,2
DA:73,2
DA:74,2
DA:77,0
DA:78,0
DA:81,2
DA:84,6
DA:85,3
DA:86,3
DA:87,3
DA:89,3
DA:90,3
DA:91,3
DA:92,3
DA:93,1
DA:102,0
DA:106,6
DA:107,1
DA:109,1
DA:110,1
DA:117,1
DA:118,1
DA:120,1
DA:121,1
DA:122,1
DA:124,0
DA:125,0
DA:126,0
DA:130,6
DA:131,0
DA:132,0
DA:138,6
DA:139,0
DA:142,6
DA:143,0
DA:146,6
DA:147,0
DA:148,0
DA:157,0
DA:159,0
DA:160,0
DA:161,0
DA:162,0
DA:163,0
DA:166,0
DA:174,6
DA:175,0
DA:176,0
DA:179,6
DA:180,0
DA:181,0
DA:182,0
DA:186,0
DA:187,0
DA:190,0
DA:191,0
DA:195,6
DA:203,0
DA:209,0
DA:233,0
DA:236,0
DA:239,0
DA:248,4
DA:250,2
DA:257,0
DA:259,6
DA:295,0
DA:305,0
DA:306,0
DA:307,0
DA:324,0
DA:325,0
DA:333,0
DA:334,0
DA:348,0
DA:349,0
LF:96
LH:49
BRDA:42,0,0,6
BRDA:42,0,1,0
BRDA:47,1,0,0
BRDA:47,1,1,6
BRDA:51,2,0,6
BRDA:51,2,1,0
BRDA:51,2,2,0
BRDA:64,3,0,0
BRDA:64,3,1,2
BRDA:64,4,0,2
BRDA:64,4,1,0
BRDA:70,5,0,2
BRDA:70,5,1,0
BRDA:89,6,0,3
BRDA:89,6,1,0
BRDA:92,7,0,1
BRDA:92,7,1,2
BRDA:107,8,0,0
BRDA:107,8,1,1
BRDA:107,9,0,1
BRDA:107,9,1,1
BRDA:139,10,0,0
BRDA:139,10,1,0
BRDA:159,11,0,0
BRDA:159,11,1,0
BRDA:181,12,0,0
BRDA:181,12,1,0
BRDA:198,13,0,6
BRDA:198,13,1,0
BRDA:200,14,0,6
BRDA:200,14,1,0
BRDA:209,15,0,0
BRDA:209,15,1,0
BRDA:214,16,0,0
BRDA:214,16,1,6
BRDA:222,17,0,6
BRDA:222,17,1,0
BRDA:227,18,0,6
BRDA:227,18,1,5
BRDA:228,19,0,6
BRDA:228,19,1,0
BRDA:279,20,0,0
BRDA:279,20,1,6
BRDA:281,21,0,6
BRDA:281,21,1,0
BRDA:287,22,0,6
BRDA:287,22,1,5
BRDA:306,23,0,0
BRDA:306,23,1,0
BRF:49
BRH:23
end_of_record
TN:
SF:src/screens/shared/ChatScreen/components/MessageBubble.tsx
FN:19,(anonymous_0)
FNF:1
FNH:1
FNDA:2,(anonymous_0)
DA:19,1
DA:20,2
DA:22,2
LF:3
LH:3
BRDA:23,0,0,2
BRDA:23,0,1,0
BRDA:24,1,0,2
BRDA:24,1,1,0
BRDA:25,2,0,2
BRDA:25,2,1,0
BRDA:27,3,0,0
BRDA:27,3,1,0
BRDA:34,4,0,2
BRDA:34,4,1,0
BRDA:35,5,0,2
BRDA:35,5,1,0
BRDA:36,6,0,2
BRDA:36,6,1,0
BRDA:40,7,0,2
BRDA:40,7,1,0
BRDA:42,8,0,2
BRDA:42,8,1,0
BRF:18
BRH:8
end_of_record
TN:
SF:src/screens/shared/ChatScreen/components/ReportModal.tsx
FN:11,(anonymous_0)
FN:33,(anonymous_1)
FN:37,(anonymous_2)
FNF:3
FNH:2
FNDA:6,(anonymous_0)
FNDA:24,(anonymous_1)
FNDA:0,(anonymous_2)
DA:11,1
DA:12,6
DA:19,6
DA:34,24
DA:37,0
LF:5
LH:4
BRF:0
BRH:0
end_of_record
TN:
SF:src/services/eventBus.ts
FN:4,on
FN:7,(anonymous_1)
FN:8,(anonymous_2)
FN:12,off
FN:13,(anonymous_4)
FN:16,emit
FN:17,(anonymous_6)
FNF:7
FNH:1
FNDA:0,on
FNDA:0,(anonymous_1)
FNDA:0,(anonymous_2)
FNDA:0,off
FNDA:0,(anonymous_4)
FNDA:1,emit
FNDA:0,(anonymous_6)
DA:2,12
DA:5,0
DA:6,0
DA:7,0
DA:8,0
DA:13,0
DA:17,1
DA:18,0
LF:8
LH:2
BRDA:5,0,0,0
BRDA:5,0,1,0
BRDA:8,1,0,0
BRDA:8,1,1,0
BRDA:13,2,0,0
BRDA:13,2,1,0
BRDA:17,3,0,1
BRDA:17,3,1,1
BRF:8
BRH:2
end_of_record
TN:
SF:src/services/favorites.ts
FN:4,listFavorites
FN:13,addFavorite
FN:23,removeFavorite
FN:35,favoriteStatus
FN:50,(anonymous_4)
FN:55,(anonymous_5)
FN:59,(anonymous_6)
FN:78,(anonymous_7)
FN:83,(anonymous_8)
FNF:9
FNH:1
FNDA:0,listFavorites
FNDA:0,addFavorite
FNDA:0,removeFavorite
FNDA:2,favoriteStatus
FNDA:0,(anonymous_4)
FNDA:0,(anonymous_5)
FNDA:0,(anonymous_6)
FNDA:0,(anonymous_7)
FNDA:0,(anonymous_8)
DA:5,0
DA:6,0
DA:7,0
DA:9,0
DA:14,0
DA:15,0
DA:16,0
DA:19,0
DA:24,0
DA:25,0
DA:26,0
DA:28,0
DA:36,2
DA:38,2
DA:39,2
DA:40,0
DA:43,1
DA:44,1
DA:45,0
DA:48,0
DA:51,0
DA:52,0
DA:53,0
DA:55,0
DA:58,0
DA:59,0
DA:60,0
DA:62,0
DA:67,0
DA:68,0
DA:69,0
DA:70,0
DA:73,0
DA:74,0
DA:75,0
DA:76,0
DA:79,0
DA:80,0
DA:81,0
DA:83,0
DA:85,0
DA:87,0
LF:42
LH:5
BRDA:36,0,0,2
BRDA:36,0,1,0
BRDA:48,1,0,0
BRDA:48,1,1,0
BRDA:52,2,0,0
BRDA:52,2,1,0
BRDA:53,3,0,0
BRDA:53,3,1,0
BRDA:69,4,0,0
BRDA:69,4,1,0
BRDA:76,5,0,0
BRDA:76,5,1,0
BRDA:80,6,0,0
BRDA:80,6,1,0
BRDA:81,7,0,0
BRDA:81,7,1,0
BRF:16
BRH:1
end_of_record
TN:
SF:src/services/recentSearches.ts
FN:6,getRecentSearches
FN:14,(anonymous_1)
FN:15,(anonymous_2)
FN:16,(anonymous_3)
FN:25,addRecentSearch
FN:30,(anonymous_5)
FN:40,clearRecentSearches
FNF:7
FNH:1
FNDA:1,getRecentSearches
FNDA:0,(anonymous_1)
FNDA:0,(anonymous_2)
FNDA:0,(anonymous_3)
FNDA:0,addRecentSearch
FNDA:0,(anonymous_5)
FNDA:0,clearRecentSearches
DA:3,1
DA:4,1
DA:7,1
DA:8,1
DA:9,1
DA:10,0
DA:11,0
DA:13,0
DA:14,0
DA:15,0
DA:16,0
DA:19,0
DA:21,0
DA:26,0
DA:27,0
DA:28,0
DA:29,0
DA:30,0
DA:31,0
DA:32,0
DA:33,0
DA:36,0
DA:41,0
DA:42,0
LF:24
LH:5
BRDA:9,0,0,1
BRDA:9,0,1,0
BRDA:11,1,0,0
BRDA:11,1,1,0
BRDA:27,2,0,0
BRDA:27,2,1,0
BRF:6
BRH:1
end_of_record
TN:
SF:src/services/uploadService.ts
FN:8,(anonymous_0)
FN:63,(anonymous_1)
FN:76,(anonymous_2)
FN:89,(anonymous_3)
FNF:4
FNH:1
FNDA:2,(anonymous_0)
FNDA:0,(anonymous_1)
FNDA:0,(anonymous_2)
FNDA:0,(anonymous_3)
DA:8,2
DA:13,2
DA:14,2
DA:15,2
DA:18,0
DA:21,0
DA:22,0
DA:23,0
DA:26,0
DA:32,0
DA:33,0
DA:36,0
DA:46,0
DA:47,0
DA:48,0
DA:49,0
DA:52,0
DA:53,0
DA:55,0
DA:56,0
DA:63,2
DA:69,0
DA:70,0
DA:71,0
DA:74,0
DA:76,0
DA:77,0
DA:78,0
DA:79,0
DA:81,0
DA:88,0
DA:89,0
DA:90,0
DA:94,0
DA:95,0
DA:97,0
DA:107,0
DA:108,0
DA:109,0
DA:110,0
DA:113,0
DA:114,0
DA:116,0
DA:117,0
LF:44
LH:5
BRDA:11,0,0,0
BRDA:14,1,0,2
BRDA:14,1,1,0
BRDA:21,2,0,0
BRDA:21,2,1,0
BRDA:23,3,0,0
BRDA:23,3,1,0
BRDA:33,4,0,0
BRDA:33,4,1,0
BRDA:46,5,0,0
BRDA:46,5,1,0
BRDA:66,6,0,0
BRDA:70,7,0,0
BRDA:70,7,1,0
BRDA:77,8,0,0
BRDA:77,8,1,0
BRDA:79,9,0,0
BRDA:79,9,1,0
BRDA:88,10,0,0
BRDA:88,10,1,0
BRDA:95,11,0,0
BRDA:95,11,1,0
BRDA:107,12,0,0
BRDA:107,12,1,0
BRF:24
BRH:1
end_of_record
TN:
SF:src/services/users.ts
FN:72,guessNameFromUri
FN:81,guessMimeFromUri
FN:91,(anonymous_2)
FN:97,(anonymous_3)
FN:106,(anonymous_4)
FN:112,(anonymous_5)
FN:118,(anonymous_6)
FN:150,uriToBlob
FNF:8
FNH:0
FNDA:0,guessNameFromUri
FNDA:0,guessMimeFromUri
FNDA:0,(anonymous_2)
FNDA:0,(anonymous_3)
FNDA:0,(anonymous_4)
FNDA:0,(anonymous_5)
FNDA:0,(anonymous_6)
FNDA:0,uriToBlob
DA:73,0
DA:74,0
DA:75,0
DA:77,0
DA:82,0
DA:83,0
DA:84,0
DA:85,0
DA:86,0
DA:89,1
DA:92,0
DA:93,0
DA:98,0
DA:102,0
DA:107,0
DA:108,0
DA:113,0
DA:114,0
DA:119,0
DA:120,0
DA:121,0
DA:123,0
DA:124,0
DA:130,0
DA:136,0
DA:137,0
DA:139,0
DA:141,0
DA:142,0
DA:151,0
DA:153,0
DA:154,0
DA:155,0
DA:156,0
DA:157,0
DA:158,0
DA:160,0
DA:161,0
DA:164,0
DA:165,0
DA:166,0
DA:167,0
DA:170,0
LF:43
LH:1
BRDA:74,0,0,0
BRDA:74,0,1,0
BRDA:75,1,0,0
BRDA:75,1,1,0
BRDA:82,2,0,0
BRDA:82,2,1,0
BRDA:83,3,0,0
BRDA:83,3,1,0
BRDA:84,4,0,0
BRDA:84,4,1,0
BRDA:85,5,0,0
BRDA:85,5,1,0
BRDA:85,6,0,0
BRDA:85,6,1,0
BRDA:120,7,0,0
BRDA:120,7,1,0
BRDA:121,8,0,0
BRDA:121,8,1,0
BRDA:136,9,0,0
BRDA:136,9,1,0
BRDA:137,10,0,0
BRDA:137,10,1,0
BRDA:153,11,0,0
BRDA:153,11,1,0
BRDA:154,12,0,0
BRDA:154,12,1,0
BRDA:161,13,0,0
BRDA:161,13,1,0
BRDA:165,14,0,0
BRDA:165,14,1,0
BRDA:165,14,2,0
BRDA:170,15,0,0
BRDA:170,15,1,0
BRF:33
BRH:0
end_of_record
TN:
SF:src/theme/tokens.ts
FNF:0
FNH:0
DA:2,43
DA:63,43
DA:72,43
DA:80,43
DA:104,43
DA:112,43
DA:116,43
DA:129,43
DA:133,43
LF:9
LH:9
BRF:0
BRH:0
end_of_record
TN:
SF:src/ui/index.tsx
FN:13,(anonymous_0)
FN:18,(anonymous_1)
FN:23,(anonymous_2)
FNF:3
FNH:2
FNDA:3,(anonymous_0)
FNDA:3,(anonymous_1)
FNDA:0,(anonymous_2)
DA:13,4
DA:18,3
DA:19,3
DA:20,0
DA:22,3
DA:23,0
DA:24,0
DA:27,3
DA:29,3
DA:36,4
DA:43,4
DA:45,4
DA:47,4
LF:13
LH:10
BRDA:19,0,0,0
BRDA:19,0,1,3
BRDA:19,1,0,3
BRDA:19,1,1,3
BRDA:22,2,0,0
BRDA:22,2,1,3
BRDA:24,3,0,0
BRDA:24,3,1,0
BRDA:24,4,0,0
BRDA:24,4,1,0
BRF:10
BRH:4
end_of_record
TN:
SF:src/utils/date.ts
FN:1,(anonymous_0)
FNF:1
FNH:1
FNDA:30,(anonymous_0)
DA:1,2
DA:2,30
DA:4,30
DA:5,26
DA:6,25
DA:7,24
DA:8,22
DA:9,21
DA:10,20
DA:12,18
DA:13,17
DA:14,14
DA:15,12
DA:16,10
DA:17,8
DA:18,6
DA:21,4
DA:22,4
DA:27,2
LF:19
LH:19
BRDA:4,0,0,4
BRDA:4,0,1,26
BRDA:5,1,0,1
BRDA:5,1,1,25
BRDA:6,2,0,1
BRDA:6,2,1,24
BRDA:7,3,0,2
BRDA:7,3,1,22
BRDA:8,4,0,1
BRDA:8,4,1,21
BRDA:9,5,0,1
BRDA:9,5,1,20
BRDA:10,6,0,2
BRDA:10,6,1,18
BRDA:12,7,0,1
BRDA:12,7,1,17
BRDA:13,8,0,3
BRDA:13,8,1,14
BRDA:14,9,0,2
BRDA:14,9,1,12
BRDA:15,10,0,2
BRDA:15,10,1,10
BRDA:16,11,0,2
BRDA:16,11,1,8
BRDA:17,12,0,2
BRDA:17,12,1,6
BRDA:18,13,0,2
BRDA:18,13,1,4
BRDA:22,14,0,2
BRDA:22,14,1,2
BRDA:22,15,0,4
BRDA:22,15,1,2
BRDA:22,15,2,2
BRF:33
BRH:33
end_of_record
TN:
SF:src/utils/imageUrl.ts
FNF:0
FNH:0
DA:7,10
DA:9,10
LF:2
LH:2
BRF:0
BRH:0
end_of_record
TN:
SF:src/utils/styleImages.ts
FN:12,(anonymous_0)
FN:16,(anonymous_1)
FNF:2
FNH:2
FNDA:36,(anonymous_0)
FNDA:120,(anonymous_1)
DA:3,3
DA:12,3
DA:13,36
DA:16,120
DA:18,36
DA:19,27
DA:23,9
LF:7
LH:7
BRDA:18,0,0,27
BRDA:18,0,1,9
BRDA:23,1,0,0
BRDA:23,1,1,9
BRF:4
BRH:3
end_of_record
TN:
SF:src/utils/url.ts
FN:8,stripUploadsPrefix
FN:24,normalizeUrl
FN:49,normalizeUrlList
FN:52,(anonymous_3)
FNF:4
FNH:3
FNDA:0,stripUploadsPrefix
FNDA:104,normalizeUrl
FNDA:1,normalizeUrlList
FNDA:6,(anonymous_3)
DA:3,31
DA:9,0
DA:10,0
DA:11,0
DA:13,0
DA:25,104
DA:28,66
DA:30,56
DA:31,0
DA:33,56
DA:34,0
DA:36,56
DA:41,10
DA:43,10
DA:50,1
DA:52,6
LF:16
LH:10
BRDA:10,0,0,0
BRDA:10,0,1,0
BRDA:10,1,0,0
BRDA:10,1,1,0
BRDA:25,2,0,38
BRDA:25,2,1,66
BRDA:28,3,0,56
BRDA:28,3,1,10
BRDA:28,4,0,66
BRDA:28,4,1,45
BRDA:28,4,2,10
BRDA:28,4,3,10
BRDA:30,5,0,0
BRDA:30,5,1,56
BRDA:33,6,0,0
BRDA:33,6,1,56
BRF:16
BRH:10
end_of_record
